{
  "/home/serafim/eps/FGAInova-Front/src/context/AuthContext/index.tsx": {
    "path": "/home/serafim/eps/FGAInova-Front/src/context/AuthContext/index.tsx",
    "statementMap": {
      "0": {
        "start": {
          "line": 3,
          "column": 20
        },
        "end": {
          "line": 3,
          "column": 41
        }
      },
      "1": {
        "start": {
          "line": 4,
          "column": 21
        },
        "end": {
          "line": 67,
          "column": 1
        }
      },
      "2": {
        "start": {
          "line": 5,
          "column": 46
        },
        "end": {
          "line": 5,
          "column": 61
        }
      },
      "3": {
        "start": {
          "line": 6,
          "column": 26
        },
        "end": {
          "line": 10,
          "column": 4
        }
      },
      "4": {
        "start": {
          "line": 11,
          "column": 28
        },
        "end": {
          "line": 11,
          "column": 44
        }
      },
      "5": {
        "start": {
          "line": 12,
          "column": 34
        },
        "end": {
          "line": 12,
          "column": 46
        }
      },
      "6": {
        "start": {
          "line": 13,
          "column": 28
        },
        "end": {
          "line": 24,
          "column": 4
        }
      },
      "7": {
        "start": {
          "line": 25,
          "column": 2
        },
        "end": {
          "line": 35,
          "column": 41
        }
      },
      "8": {
        "start": {
          "line": 26,
          "column": 21
        },
        "end": {
          "line": 26,
          "column": 52
        }
      },
      "9": {
        "start": {
          "line": 27,
          "column": 22
        },
        "end": {
          "line": 27,
          "column": 54
        }
      },
      "10": {
        "start": {
          "line": 28,
          "column": 17
        },
        "end": {
          "line": 28,
          "column": 37
        }
      },
      "11": {
        "start": {
          "line": 29,
          "column": 22
        },
        "end": {
          "line": 29,
          "column": 43
        }
      },
      "12": {
        "start": {
          "line": 30,
          "column": 4
        },
        "end": {
          "line": 34,
          "column": 5
        }
      },
      "13": {
        "start": {
          "line": 31,
          "column": 6
        },
        "end": {
          "line": 31,
          "column": 30
        }
      },
      "14": {
        "start": {
          "line": 32,
          "column": 6
        },
        "end": {
          "line": 32,
          "column": 20
        }
      },
      "15": {
        "start": {
          "line": 33,
          "column": 6
        },
        "end": {
          "line": 33,
          "column": 26
        }
      },
      "16": {
        "start": {
          "line": 36,
          "column": 17
        },
        "end": {
          "line": 40,
          "column": 3
        }
      },
      "17": {
        "start": {
          "line": 37,
          "column": 4
        },
        "end": {
          "line": 37,
          "column": 29
        }
      },
      "18": {
        "start": {
          "line": 38,
          "column": 4
        },
        "end": {
          "line": 38,
          "column": 39
        }
      },
      "19": {
        "start": {
          "line": 39,
          "column": 4
        },
        "end": {
          "line": 39,
          "column": 40
        }
      },
      "20": {
        "start": {
          "line": 41,
          "column": 2
        },
        "end": {
          "line": 66,
          "column": 4
        }
      },
      "21": {
        "start": {
          "line": 69,
          "column": 18
        },
        "end": {
          "line": 69,
          "column": 41
        }
      },
      "22": {
        "start": {
          "line": 70,
          "column": 2
        },
        "end": {
          "line": 72,
          "column": 3
        }
      },
      "23": {
        "start": {
          "line": 71,
          "column": 4
        },
        "end": {
          "line": 71,
          "column": 67
        }
      },
      "24": {
        "start": {
          "line": 73,
          "column": 2
        },
        "end": {
          "line": 73,
          "column": 17
        }
      }
    },
    "fnMap": {
      "0": {
        "name": "(anonymous_0)",
        "decl": {
          "start": {
            "line": 4,
            "column": 21
          },
          "end": {
            "line": 4,
            "column": 22
          }
        },
        "loc": {
          "start": {
            "line": 4,
            "column": 39
          },
          "end": {
            "line": 67,
            "column": 1
          }
        },
        "line": 4
      },
      "1": {
        "name": "(anonymous_1)",
        "decl": {
          "start": {
            "line": 25,
            "column": 12
          },
          "end": {
            "line": 25,
            "column": 13
          }
        },
        "loc": {
          "start": {
            "line": 25,
            "column": 18
          },
          "end": {
            "line": 35,
            "column": 3
          }
        },
        "line": 25
      },
      "2": {
        "name": "(anonymous_2)",
        "decl": {
          "start": {
            "line": 36,
            "column": 17
          },
          "end": {
            "line": 36,
            "column": 18
          }
        },
        "loc": {
          "start": {
            "line": 36,
            "column": 23
          },
          "end": {
            "line": 40,
            "column": 3
          }
        },
        "line": 36
      },
      "3": {
        "name": "useAuth",
        "decl": {
          "start": {
            "line": 68,
            "column": 9
          },
          "end": {
            "line": 68,
            "column": 16
          }
        },
        "loc": {
          "start": {
            "line": 68,
            "column": 19
          },
          "end": {
            "line": 74,
            "column": 1
          }
        },
        "line": 68
      }
    },
    "branchMap": {
      "0": {
        "loc": {
          "start": {
            "line": 30,
            "column": 4
          },
          "end": {
            "line": 34,
            "column": 5
          }
        },
        "type": "if",
        "locations": [
          {
            "start": {
              "line": 30,
              "column": 4
            },
            "end": {
              "line": 34,
              "column": 5
            }
          },
          {
            "start": {},
            "end": {}
          }
        ],
        "line": 30
      },
      "1": {
        "loc": {
          "start": {
            "line": 30,
            "column": 8
          },
          "end": {
            "line": 30,
            "column": 25
          }
        },
        "type": "binary-expr",
        "locations": [
          {
            "start": {
              "line": 30,
              "column": 8
            },
            "end": {
              "line": 30,
              "column": 12
            }
          },
          {
            "start": {
              "line": 30,
              "column": 16
            },
            "end": {
              "line": 30,
              "column": 25
            }
          }
        ],
        "line": 30
      },
      "2": {
        "loc": {
          "start": {
            "line": 70,
            "column": 2
          },
          "end": {
            "line": 72,
            "column": 3
          }
        },
        "type": "if",
        "locations": [
          {
            "start": {
              "line": 70,
              "column": 2
            },
            "end": {
              "line": 72,
              "column": 3
            }
          },
          {
            "start": {},
            "end": {}
          }
        ],
        "line": 70
      }
    },
    "s": {
      "0": 60,
      "1": 60,
      "2": 16,
      "3": 16,
      "4": 16,
      "5": 16,
      "6": 16,
      "7": 16,
      "8": 8,
      "9": 8,
      "10": 8,
      "11": 8,
      "12": 8,
      "13": 0,
      "14": 0,
      "15": 0,
      "16": 16,
      "17": 0,
      "18": 0,
      "19": 0,
      "20": 16,
      "21": 96,
      "22": 96,
      "23": 80,
      "24": 16
    },
    "f": {
      "0": 16,
      "1": 8,
      "2": 0,
      "3": 96
    },
    "b": {
      "0": [
        0,
        8
      ],
      "1": [
        8,
        0
      ],
      "2": [
        80,
        16
      ]
    },
    "inputSourceMap": {
      "version": 3,
      "sources": [
        "/home/serafim/eps/FGAInova-Front/src/context/AuthContext/index.tsx"
      ],
      "mappings": "AAmFI;AAlFJ,SAAgB,eAAe,YAAY,WAAW,gBAAgB;AAqCtE,MAAM,cAAc,cAA2C,MAAS;AAExE,MAAM,eAAe,CAAC,EAAE,SAAS,MAAqC;AACpE,QAAM,CAAC,gBAAgB,iBAAiB,IAAI,SAAkB,KAAK;AACnE,QAAM,CAAC,MAAM,OAAO,IAAI,SAAe;AAAA,IACrC,KAAK;AAAA,IACL,IAAI;AAAA,IACJ,MAAM;AAAA,EACR,CAAC;AACD,QAAM,CAAC,OAAO,QAAQ,IAAI,SAA6B,MAAS;AAChE,QAAM,CAAC,UAAU,WAAW,IAAI,SAAoB,CAAC,CAAC;AACtD,QAAM,CAAC,OAAO,QAAQ,IAAI,SAAgB;AAAA,IACxC,OAAO,CAAC;AAAA,IACR,WAAW,CAAC;AAAA,IACZ,QAAQ,CAAC;AAAA,IACT,gBAAgB,CAAC;AAAA,IACjB,WAAW,CAAC;AAAA,IACZ,OAAO;AAAA,IACP,YAAY;AAAA,IACZ,WAAW;AAAA,IACX,YAAY;AAAA,IACZ,eAAe;AAAA,EACjB,CAAC;AAED,YAAU,MAAM;AACd,UAAM,WAAW,eAAe,QAAQ,OAAO;AAC/C,UAAM,YAAY,eAAe,QAAQ,QAAQ;AAEjD,UAAM,OAAO,KAAK,MAAM,QAA6B;AACrD,UAAM,YAAY,KAAK,MAAM,SAA8B;AAE3D,QAAI,QAAQ,WAAW;AACrB,wBAAkB,IAAI;AACtB,cAAQ,IAAI;AACZ,eAAS,SAAS;AAAA,IACpB;AAAA,EACF,GAAG,CAAC,eAAe,QAAQ,QAAQ,CAAC,CAAC;AAErC,QAAM,SAAS,MAAM;AACnB,sBAAkB,KAAK;AACvB,mBAAe,WAAW,OAAO;AACjC,mBAAe,WAAW,QAAQ;AAAA,EACpC;AAEA,SACE;AAAA,IAAC,YAAY;AAAA,IAAZ;AAAA,MACC,OAAO;AAAA,QACL;AAAA,QACA;AAAA,QACA;AAAA,QACA;AAAA,QACA;AAAA,QACA;AAAA,QACA;AAAA,QACA;AAAA,QACA;AAAA,QACA;AAAA,MACF;AAAA,MAEC;AAAA;AAAA,IAdH;AAAA;AAAA;AAAA;AAAA;AAAA;AAAA;AAAA;AAAA,EAeA;AAEJ;AAEA,SAAS,UAA2B;AAClC,QAAM,UAAU,WAAW,WAAW;AACtC,MAAI,CAAC,SAAS;AACZ,UAAM,IAAI,MAAM,6CAA6C;AAAA,EAC/D;AACA,SAAO;AACT;AAEA,SAAS,cAAc;",
      "names": []
    },
    "_coverageSchema": "1a1c01bbd47fc00a2c39e90264f33305004495a9",
    "hash": "df0389c55cd4d074fefc3e6f955c3fb1de6cc232"
  },
  "/home/serafim/eps/FGAInova-Front/src/context/index.tsx": {
    "path": "/home/serafim/eps/FGAInova-Front/src/context/index.tsx",
    "statementMap": {
      "0": {
        "start": {
          "line": 3,
          "column": 27
        },
        "end": {
          "line": 9,
          "column": 1
        }
      },
      "1": {
        "start": {
          "line": 4,
          "column": 2
        },
        "end": {
          "line": 8,
          "column": 11
        }
      }
    },
    "fnMap": {
      "0": {
        "name": "(anonymous_0)",
        "decl": {
          "start": {
            "line": 3,
            "column": 27
          },
          "end": {
            "line": 3,
            "column": 28
          }
        },
        "loc": {
          "start": {
            "line": 3,
            "column": 45
          },
          "end": {
            "line": 9,
            "column": 1
          }
        },
        "line": 3
      }
    },
    "branchMap": {},
    "s": {
      "0": 8,
      "1": 12
    },
    "f": {
      "0": 12
    },
    "b": {},
    "inputSourceMap": {
      "version": 3,
      "sources": [
        "/home/serafim/eps/FGAInova-Front/src/context/index.tsx"
      ],
      "mappings": "AAIS;AAHT,SAAS,oBAAoB;AAEtB,aAAM,cAAc,CAAC,EAAE,SAAS,MAAqC;AAC1E,SAAO,uBAAC,gBAAc,YAAf;AAAA;AAAA;AAAA;AAAA,SAAwB;AACjC;",
      "names": []
    },
    "_coverageSchema": "1a1c01bbd47fc00a2c39e90264f33305004495a9",
    "hash": "4304b73df16cdca2974fc6e93fa5364a7628e09b"
  },
  "/home/serafim/eps/FGAInova-Front/src/components/Footer/index.tsx": {
    "path": "/home/serafim/eps/FGAInova-Front/src/components/Footer/index.tsx",
    "statementMap": {
      "0": {
        "start": {
          "line": 10,
          "column": 2
        },
        "end": {
          "line": 49,
          "column": 4
        }
      }
    },
    "fnMap": {
      "0": {
        "name": "Footer",
        "decl": {
          "start": {
            "line": 9,
            "column": 24
          },
          "end": {
            "line": 9,
            "column": 30
          }
        },
        "loc": {
          "start": {
            "line": 9,
            "column": 33
          },
          "end": {
            "line": 50,
            "column": 1
          }
        },
        "line": 9
      }
    },
    "branchMap": {},
    "s": {
      "0": 16
    },
    "f": {
      "0": 16
    },
    "b": {},
    "inputSourceMap": {
      "version": 3,
      "sources": [
        "/home/serafim/eps/FGAInova-Front/src/components/Footer/index.tsx"
      ],
      "mappings": "AAuBQ;AAvBR;AAAA,EACE;AAAA,EACA;AAAA,EACA;AAAA,EACA;AAAA,EACA;AAAA,OACK;AAEP,wBAAwB,SAAS;AAC/B,SACE;AAAA,IAAC;AAAA;AAAA,MACC,IAAI,kBAAkB,WAAW,UAAU;AAAA,MAC3C,OAAO,kBAAkB,YAAY,UAAU;AAAA,MAE/C;AAAA,QAAC;AAAA;AAAA,UACC,IAAI;AAAA,UACJ,MAAM;AAAA,UACN,IAAI;AAAA,UACJ,WAAW,EAAE,MAAM,UAAU,IAAI,MAAM;AAAA,UACvC,SAAS;AAAA,UACT,SAAS,EAAE,MAAM,UAAU,IAAI,SAAS;AAAA,UACxC,OAAO,EAAE,MAAM,UAAU,IAAI,SAAS;AAAA,UAEtC,iCAAC,QAAK,gEAAN;AAAA;AAAA;AAAA;AAAA,iBAAsD;AAAA;AAAA,QATxD;AAAA;AAAA;AAAA;AAAA;AAAA;AAAA;AAAA;AAAA,MAUA;AAAA;AAAA,IAdF;AAAA;AAAA;AAAA;AAAA;AAAA;AAAA;AAAA;AAAA,EAeA;AAEJ;",
      "names": []
    },
    "_coverageSchema": "1a1c01bbd47fc00a2c39e90264f33305004495a9",
    "hash": "6684c4539423150d1cd99ba042ff46f20ae9a9c5"
  },
  "/home/serafim/eps/FGAInova-Front/src/components/Header/index.tsx": {
    "path": "/home/serafim/eps/FGAInova-Front/src/components/Header/index.tsx",
    "statementMap": {
      "0": {
        "start": {
          "line": 37,
          "column": 31
        },
        "end": {
          "line": 37,
          "column": 46
        }
      },
      "1": {
        "start": {
          "line": 38,
          "column": 37
        },
        "end": {
          "line": 38,
          "column": 46
        }
      },
      "2": {
        "start": {
          "line": 39,
          "column": 25
        },
        "end": {
          "line": 39,
          "column": 38
        }
      },
      "3": {
        "start": {
          "line": 40,
          "column": 23
        },
        "end": {
          "line": 45,
          "column": 3
        }
      },
      "4": {
        "start": {
          "line": 41,
          "column": 4
        },
        "end": {
          "line": 44,
          "column": 5
        }
      },
      "5": {
        "start": {
          "line": 42,
          "column": 6
        },
        "end": {
          "line": 42,
          "column": 15
        }
      },
      "6": {
        "start": {
          "line": 43,
          "column": 6
        },
        "end": {
          "line": 43,
          "column": 26
        }
      },
      "7": {
        "start": {
          "line": 46,
          "column": 27
        },
        "end": {
          "line": 52,
          "column": 3
        }
      },
      "8": {
        "start": {
          "line": 47,
          "column": 4
        },
        "end": {
          "line": 51,
          "column": 5
        }
      },
      "9": {
        "start": {
          "line": 48,
          "column": 6
        },
        "end": {
          "line": 48,
          "column": 41
        }
      },
      "10": {
        "start": {
          "line": 50,
          "column": 6
        },
        "end": {
          "line": 50,
          "column": 34
        }
      },
      "11": {
        "start": {
          "line": 53,
          "column": 2
        },
        "end": {
          "line": 363,
          "column": 4
        }
      },
      "12": {
        "start": {
          "line": 365,
          "column": 19
        },
        "end": {
          "line": 441,
          "column": 1
        }
      },
      "13": {
        "start": {
          "line": 366,
          "column": 20
        },
        "end": {
          "line": 366,
          "column": 61
        }
      },
      "14": {
        "start": {
          "line": 367,
          "column": 25
        },
        "end": {
          "line": 367,
          "column": 63
        }
      },
      "15": {
        "start": {
          "line": 368,
          "column": 32
        },
        "end": {
          "line": 368,
          "column": 70
        }
      },
      "16": {
        "start": {
          "line": 369,
          "column": 2
        },
        "end": {
          "line": 440,
          "column": 11
        }
      },
      "17": {
        "start": {
          "line": 369,
          "column": 124
        },
        "end": {
          "line": 436,
          "column": 10
        }
      },
      "18": {
        "start": {
          "line": 409,
          "column": 108
        },
        "end": {
          "line": 413,
          "column": 16
        }
      },
      "19": {
        "start": {
          "line": 442,
          "column": 22
        },
        "end": {
          "line": 521,
          "column": 1
        }
      },
      "20": {
        "start": {
          "line": 443,
          "column": 2
        },
        "end": {
          "line": 520,
          "column": 4
        }
      },
      "21": {
        "start": {
          "line": 522,
          "column": 18
        },
        "end": {
          "line": 544,
          "column": 1
        }
      },
      "22": {
        "start": {
          "line": 523,
          "column": 2
        },
        "end": {
          "line": 543,
          "column": 4
        }
      },
      "23": {
        "start": {
          "line": 529,
          "column": 59
        },
        "end": {
          "line": 533,
          "column": 14
        }
      },
      "24": {
        "start": {
          "line": 545,
          "column": 22
        },
        "end": {
          "line": 638,
          "column": 1
        }
      },
      "25": {
        "start": {
          "line": 546,
          "column": 31
        },
        "end": {
          "line": 546,
          "column": 46
        }
      },
      "26": {
        "start": {
          "line": 547,
          "column": 2
        },
        "end": {
          "line": 637,
          "column": 11
        }
      },
      "27": {
        "start": {
          "line": 614,
          "column": 70
        },
        "end": {
          "line": 618,
          "column": 16
        }
      },
      "28": {
        "start": {
          "line": 639,
          "column": 18
        },
        "end": {
          "line": 680,
          "column": 1
        }
      }
    },
    "fnMap": {
      "0": {
        "name": "Header",
        "decl": {
          "start": {
            "line": 36,
            "column": 24
          },
          "end": {
            "line": 36,
            "column": 30
          }
        },
        "loc": {
          "start": {
            "line": 36,
            "column": 33
          },
          "end": {
            "line": 364,
            "column": 1
          }
        },
        "line": 36
      },
      "1": {
        "name": "(anonymous_1)",
        "decl": {
          "start": {
            "line": 40,
            "column": 23
          },
          "end": {
            "line": 40,
            "column": 24
          }
        },
        "loc": {
          "start": {
            "line": 40,
            "column": 29
          },
          "end": {
            "line": 45,
            "column": 3
          }
        },
        "line": 40
      },
      "2": {
        "name": "(anonymous_2)",
        "decl": {
          "start": {
            "line": 46,
            "column": 27
          },
          "end": {
            "line": 46,
            "column": 28
          }
        },
        "loc": {
          "start": {
            "line": 46,
            "column": 33
          },
          "end": {
            "line": 52,
            "column": 3
          }
        },
        "line": 46
      },
      "3": {
        "name": "(anonymous_3)",
        "decl": {
          "start": {
            "line": 365,
            "column": 19
          },
          "end": {
            "line": 365,
            "column": 20
          }
        },
        "loc": {
          "start": {
            "line": 365,
            "column": 25
          },
          "end": {
            "line": 441,
            "column": 1
          }
        },
        "line": 365
      },
      "4": {
        "name": "(anonymous_4)",
        "decl": {
          "start": {
            "line": 369,
            "column": 95
          },
          "end": {
            "line": 369,
            "column": 96
          }
        },
        "loc": {
          "start": {
            "line": 369,
            "column": 124
          },
          "end": {
            "line": 436,
            "column": 10
          }
        },
        "line": 369
      },
      "5": {
        "name": "(anonymous_5)",
        "decl": {
          "start": {
            "line": 409,
            "column": 81
          },
          "end": {
            "line": 409,
            "column": 82
          }
        },
        "loc": {
          "start": {
            "line": 409,
            "column": 108
          },
          "end": {
            "line": 413,
            "column": 16
          }
        },
        "line": 409
      },
      "6": {
        "name": "(anonymous_6)",
        "decl": {
          "start": {
            "line": 442,
            "column": 22
          },
          "end": {
            "line": 442,
            "column": 23
          }
        },
        "loc": {
          "start": {
            "line": 442,
            "column": 53
          },
          "end": {
            "line": 521,
            "column": 1
          }
        },
        "line": 442
      },
      "7": {
        "name": "(anonymous_7)",
        "decl": {
          "start": {
            "line": 522,
            "column": 18
          },
          "end": {
            "line": 522,
            "column": 19
          }
        },
        "loc": {
          "start": {
            "line": 522,
            "column": 24
          },
          "end": {
            "line": 544,
            "column": 1
          }
        },
        "line": 522
      },
      "8": {
        "name": "(anonymous_8)",
        "decl": {
          "start": {
            "line": 529,
            "column": 30
          },
          "end": {
            "line": 529,
            "column": 31
          }
        },
        "loc": {
          "start": {
            "line": 529,
            "column": 59
          },
          "end": {
            "line": 533,
            "column": 14
          }
        },
        "line": 529
      },
      "9": {
        "name": "(anonymous_9)",
        "decl": {
          "start": {
            "line": 545,
            "column": 22
          },
          "end": {
            "line": 545,
            "column": 23
          }
        },
        "loc": {
          "start": {
            "line": 545,
            "column": 53
          },
          "end": {
            "line": 638,
            "column": 1
          }
        },
        "line": 545
      },
      "10": {
        "name": "(anonymous_10)",
        "decl": {
          "start": {
            "line": 614,
            "column": 43
          },
          "end": {
            "line": 614,
            "column": 44
          }
        },
        "loc": {
          "start": {
            "line": 614,
            "column": 70
          },
          "end": {
            "line": 618,
            "column": 16
          }
        },
        "line": 614
      }
    },
    "branchMap": {
      "0": {
        "loc": {
          "start": {
            "line": 41,
            "column": 4
          },
          "end": {
            "line": 44,
            "column": 5
          }
        },
        "type": "if",
        "locations": [
          {
            "start": {
              "line": 41,
              "column": 4
            },
            "end": {
              "line": 44,
              "column": 5
            }
          },
          {
            "start": {},
            "end": {}
          }
        ],
        "line": 41
      },
      "1": {
        "loc": {
          "start": {
            "line": 47,
            "column": 4
          },
          "end": {
            "line": 51,
            "column": 5
          }
        },
        "type": "if",
        "locations": [
          {
            "start": {
              "line": 47,
              "column": 4
            },
            "end": {
              "line": 51,
              "column": 5
            }
          },
          {
            "start": {
              "line": 49,
              "column": 11
            },
            "end": {
              "line": 51,
              "column": 5
            }
          }
        ],
        "line": 47
      },
      "2": {
        "loc": {
          "start": {
            "line": 80,
            "column": 30
          },
          "end": {
            "line": 88,
            "column": 32
          }
        },
        "type": "cond-expr",
        "locations": [
          {
            "start": {
              "line": 80,
              "column": 55
            },
            "end": {
              "line": 84,
              "column": 32
            }
          },
          {
            "start": {
              "line": 84,
              "column": 51
            },
            "end": {
              "line": 88,
              "column": 32
            }
          }
        ],
        "line": 80
      },
      "3": {
        "loc": {
          "start": {
            "line": 171,
            "column": 22
          },
          "end": {
            "line": 193,
            "column": 23
          }
        },
        "type": "binary-expr",
        "locations": [
          {
            "start": {
              "line": 171,
              "column": 22
            },
            "end": {
              "line": 171,
              "column": 37
            }
          },
          {
            "start": {
              "line": 171,
              "column": 57
            },
            "end": {
              "line": 193,
              "column": 23
            }
          }
        ],
        "line": 171
      },
      "4": {
        "loc": {
          "start": {
            "line": 208,
            "column": 36
          },
          "end": {
            "line": 208,
            "column": 82
          }
        },
        "type": "cond-expr",
        "locations": [
          {
            "start": {
              "line": 208,
              "column": 53
            },
            "end": {
              "line": 208,
              "column": 68
            }
          },
          {
            "start": {
              "line": 208,
              "column": 71
            },
            "end": {
              "line": 208,
              "column": 82
            }
          }
        ],
        "line": 208
      },
      "5": {
        "loc": {
          "start": {
            "line": 219,
            "column": 22
          },
          "end": {
            "line": 316,
            "column": 30
          }
        },
        "type": "binary-expr",
        "locations": [
          {
            "start": {
              "line": 219,
              "column": 22
            },
            "end": {
              "line": 219,
              "column": 36
            }
          },
          {
            "start": {
              "line": 219,
              "column": 56
            },
            "end": {
              "line": 316,
              "column": 30
            }
          }
        ],
        "line": 219
      },
      "6": {
        "loc": {
          "start": {
            "line": 370,
            "column": 96
          },
          "end": {
            "line": 370,
            "column": 115
          }
        },
        "type": "binary-expr",
        "locations": [
          {
            "start": {
              "line": 370,
              "column": 96
            },
            "end": {
              "line": 370,
              "column": 108
            }
          },
          {
            "start": {
              "line": 370,
              "column": 112
            },
            "end": {
              "line": 370,
              "column": 115
            }
          }
        ],
        "line": 370
      },
      "7": {
        "loc": {
          "start": {
            "line": 400,
            "column": 4
          },
          "end": {
            "line": 427,
            "column": 5
          }
        },
        "type": "binary-expr",
        "locations": [
          {
            "start": {
              "line": 400,
              "column": 4
            },
            "end": {
              "line": 400,
              "column": 20
            }
          },
          {
            "start": {
              "line": 400,
              "column": 40
            },
            "end": {
              "line": 427,
              "column": 5
            }
          }
        ],
        "line": 400
      },
      "8": {
        "loc": {
          "start": {
            "line": 547,
            "column": 62
          },
          "end": {
            "line": 547,
            "column": 82
          }
        },
        "type": "binary-expr",
        "locations": [
          {
            "start": {
              "line": 547,
              "column": 62
            },
            "end": {
              "line": 547,
              "column": 70
            }
          },
          {
            "start": {
              "line": 547,
              "column": 74
            },
            "end": {
              "line": 547,
              "column": 82
            }
          }
        ],
        "line": 547
      },
      "9": {
        "loc": {
          "start": {
            "line": 553,
            "column": 14
          },
          "end": {
            "line": 553,
            "column": 25
          }
        },
        "type": "binary-expr",
        "locations": [
          {
            "start": {
              "line": 553,
              "column": 14
            },
            "end": {
              "line": 553,
              "column": 18
            }
          },
          {
            "start": {
              "line": 553,
              "column": 22
            },
            "end": {
              "line": 553,
              "column": 25
            }
          }
        ],
        "line": 553
      },
      "10": {
        "loc": {
          "start": {
            "line": 576,
            "column": 10
          },
          "end": {
            "line": 593,
            "column": 11
          }
        },
        "type": "binary-expr",
        "locations": [
          {
            "start": {
              "line": 576,
              "column": 10
            },
            "end": {
              "line": 576,
              "column": 18
            }
          },
          {
            "start": {
              "line": 576,
              "column": 38
            },
            "end": {
              "line": 593,
              "column": 11
            }
          }
        ],
        "line": 576
      },
      "11": {
        "loc": {
          "start": {
            "line": 581,
            "column": 25
          },
          "end": {
            "line": 581,
            "column": 55
          }
        },
        "type": "cond-expr",
        "locations": [
          {
            "start": {
              "line": 581,
              "column": 34
            },
            "end": {
              "line": 581,
              "column": 50
            }
          },
          {
            "start": {
              "line": 581,
              "column": 53
            },
            "end": {
              "line": 581,
              "column": 55
            }
          }
        ],
        "line": 581
      },
      "12": {
        "loc": {
          "start": {
            "line": 614,
            "column": 18
          },
          "end": {
            "line": 618,
            "column": 17
          }
        },
        "type": "binary-expr",
        "locations": [
          {
            "start": {
              "line": 614,
              "column": 18
            },
            "end": {
              "line": 614,
              "column": 26
            }
          },
          {
            "start": {
              "line": 614,
              "column": 30
            },
            "end": {
              "line": 618,
              "column": 17
            }
          }
        ],
        "line": 614
      }
    },
    "s": {
      "0": 60,
      "1": 48,
      "2": 16,
      "3": 16,
      "4": 0,
      "5": 0,
      "6": 0,
      "7": 16,
      "8": 0,
      "9": 0,
      "10": 0,
      "11": 16,
      "12": 12,
      "13": 0,
      "14": 0,
      "15": 0,
      "16": 0,
      "17": 0,
      "18": 0,
      "19": 12,
      "20": 0,
      "21": 12,
      "22": 0,
      "23": 0,
      "24": 12,
      "25": 0,
      "26": 0,
      "27": 0,
      "28": 12
    },
    "f": {
      "0": 60,
      "1": 0,
      "2": 0,
      "3": 0,
      "4": 0,
      "5": 0,
      "6": 0,
      "7": 0,
      "8": 0,
      "9": 0,
      "10": 0
    },
    "b": {
      "0": [
        0,
        0
      ],
      "1": [
        0,
        0
      ],
      "2": [
        0,
        16
      ],
      "3": [
        0,
        0
      ],
      "4": [
        0,
        0
      ],
      "5": [
        0,
        0
      ],
      "6": [
        0,
        0
      ],
      "7": [
        0,
        0
      ],
      "8": [
        0,
        0
      ],
      "9": [
        0,
        0
      ],
      "10": [
        0,
        0
      ],
      "11": [
        0,
        0
      ],
      "12": [
        0,
        0
      ]
    },
    "inputSourceMap": {
      "version": 3,
      "sources": [
        "/home/serafim/eps/FGAInova-Front/src/components/Header/index.tsx"
      ],
      "mappings": "AAiFkB;AAjFlB;AAAA,EACE;AAAA,EACA;AAAA,EACA;AAAA,EACA;AAAA,EACA;AAAA,EACA;AAAA,EACA;AAAA,EACA;AAAA,EACA;AAAA,EACA;AAAA,EACA;AAAA,EACA;AAAA,EACA;AAAA,EACA;AAAA,EACA;AAAA,EACA;AAAA,EACA;AAAA,EACA;AAAA,EACA;AAAA,EACA;AAAA,EACA;AAAA,EACA;AAAA,EACA;AAAA,OACK;AACP;AAAA,EACE;AAAA,EACA;AAAA,EACA;AAAA,EACA;AAAA,OACK;AACP,SAAS,QAAQ,YAAY,mBAAmB;AAChD,OAAO,UAAU;AACjB,SAAS,eAAe;AAExB,wBAAwB,SAAS;AAC/B,QAAM,EAAE,QAAQ,SAAS,IAAI,cAAc;AAC3C,QAAM,EAAE,gBAAgB,OAAO,IAAI,QAAQ;AAE3C,QAAM,iBAAiB,YAAY;AAEnC,QAAM,eAAe,MAAM;AACzB,QAAI,gBAAgB;AAClB,aAAO;AACP,qBAAe,GAAG;AAAA,IACpB;AAAA,EACF;AAEA,QAAM,mBAAmB,MAAM;AAC7B,QAAI,gBAAgB;AAClB,qBAAe,kBAAkB;AAAA,IACnC,OAAO;AACL,qBAAe,WAAW;AAAA,IAC5B;AAAA,EACF;AAEA;AAAA;AAAA,IAEE;AAAA,MAAC;AAAA;AAAA,QACC,cAAc;AAAA,QACd,aAAa;AAAA,QACb,aAAa,kBAAkB,YAAY,UAAU;AAAA,QAErD,iCAAC,aAAU,MAAM,OACf;AAAA;AAAA,YAAC;AAAA;AAAA,cAEC,OAAO,kBAAkB,YAAY,OAAO;AAAA,cAC5C,MAAM;AAAA,cACN,IAAI,EAAE,MAAM,EAAE;AAAA,cAEd,OAAO;AAAA,cAEP;AAAA;AAAA,kBAAC;AAAA;AAAA,oBACC,MAAM,EAAE,MAAM,GAAG,IAAI,OAAO;AAAA,oBAC5B,IAAI,EAAE,MAAM,GAAG;AAAA,oBACf,SAAS,EAAE,MAAM,QAAQ,IAAI,OAAO;AAAA,oBAEpC;AAAA,sBAAC;AAAA;AAAA,wBACC,SAAS;AAAA,wBACT,MACE,SACE,uBAAC,aAAU,GAAG,GAAG,GAAG,KAApB;AAAA;AAAA;AAAA;AAAA,+BAAuB,IAEvB,uBAAC,iBAAc,GAAG,GAAG,GAAG,KAAxB;AAAA;AAAA;AAAA;AAAA,+BAA2B;AAAA,wBAG/B,SAAS;AAAA,wBACT,cAAY;AAAA;AAAA,sBAVd;AAAA;AAAA;AAAA;AAAA;AAAA;AAAA;AAAA;AAAA,oBAWA;AAAA;AAAA,kBAhBF;AAAA;AAAA;AAAA;AAAA;AAAA;AAAA;AAAA;AAAA,gBAiBA;AAAA,gBACA,uBAAC,QAAK,MAAM,EAAE,MAAM,EAAE,GAAG,SAAS,EAAE,MAAM,UAAU,IAAI,QAAQ,GAC9D;AAAA;AAAA,oBAAC;AAAA;AAAA,sBACC,WAAW,mBAAmB,EAAE,MAAM,UAAU,IAAI,OAAO,CAAC;AAAA,sBAC5D,YAAY;AAAA,sBACZ,OAAO,kBAAkB,YAAY,OAAO;AAAA,sBAE5C,iCAAC,cAAW,IAAI,KACd,iCAAC,SAAM,SAAQ,QAAO,KAAK,MAAM,KAAI,oBAArC;AAAA;AAAA;AAAA;AAAA,6BAAsD,KADxD;AAAA;AAAA;AAAA;AAAA,6BAEA;AAAA;AAAA,oBAPF;AAAA;AAAA;AAAA;AAAA;AAAA;AAAA;AAAA;AAAA,kBAQA;AAAA,kBAEA;AAAA,oBAAC;AAAA;AAAA,sBACC,SAAS,EAAE,MAAM,QAAQ,IAAI,OAAO;AAAA,sBACpC,YAAW;AAAA,sBACX,IAAI;AAAA,sBAEJ,iCAAC,gBAAD;AAAA;AAAA;AAAA;AAAA,6BAAY;AAAA;AAAA,oBALd;AAAA;AAAA;AAAA;AAAA;AAAA;AAAA;AAAA;AAAA,kBAMA;AAAA,qBAjBF;AAAA;AAAA;AAAA;AAAA,uBAkBA;AAAA,gBAEA;AAAA,kBAAC;AAAA;AAAA,oBACC,MAAM,EAAE,MAAM,GAAG,IAAI,EAAE;AAAA,oBACvB,SAAS;AAAA,oBACT,WAAW;AAAA,oBACX,SAAS;AAAA,oBAER;AAAA,uBAAC,kBACA;AAAA,wBAAC;AAAA;AAAA,0BACC,IAAI;AAAA,0BACJ,UAAU;AAAA,0BACV,YAAY;AAAA,0BACZ,SAAS;AAAA,0BACT,MAAM;AAAA,0BAEN,iCAAC,cAAW,IAAI,UAAU,sBAA1B;AAAA;AAAA;AAAA;AAAA,iCAAgC;AAAA;AAAA,wBAPlC;AAAA;AAAA;AAAA;AAAA;AAAA;AAAA;AAAA;AAAA,sBAQA;AAAA,sBAEF;AAAA,wBAAC;AAAA;AAAA,0BACC,IAAI;AAAA,0BACJ,SAAS,EAAE,MAAM,QAAQ,IAAI,cAAc;AAAA,0BAC3C,UAAU;AAAA,0BACV,YAAY;AAAA,0BACZ,OAAO;AAAA,0BACP,IAAI;AAAA,0BACJ,MAAM;AAAA,0BACN,QAAQ;AAAA,4BACN,IAAI;AAAA,0BACN;AAAA,0BACA,SAAS;AAAA,0BAER,2BAAiB,kBAAkB;AAAA;AAAA,wBAbtC;AAAA;AAAA;AAAA;AAAA;AAAA;AAAA;AAAA;AAAA,sBAcA;AAAA,sBAEC,kBACC,uBAAC,QACC;AAAA;AAAA,0BAAC;AAAA;AAAA,4BACC,IAAI;AAAA,4BACJ,SAAS;AAAA,4BACT,SAAS;AAAA,4BACT,QAAQ;AAAA,4BACR,MAAM;AAAA,4BAEN;AAAA,8BAAC;AAAA;AAAA,gCACC,MAAM;AAAA,gCACN,KACE;AAAA;AAAA,8BAHJ;AAAA;AAAA;AAAA;AAAA;AAAA;AAAA;AAAA;AAAA,4BAKA;AAAA;AAAA,0BAZF;AAAA;AAAA;AAAA;AAAA;AAAA;AAAA;AAAA;AAAA,wBAaA;AAAA,wBACA,uBAAC,YACC;AAAA,iDAAC,YACC,iCAAC,cAAW,IAAI,WAAW,sBAA3B;AAAA;AAAA;AAAA;AAAA,iCAAiC,KADnC;AAAA;AAAA;AAAA;AAAA,iCAEA;AAAA,0BACA,uBAAC,YACC,iCAAC,cAAW,IAAI,kBAAkB,6BAAlC;AAAA;AAAA;AAAA;AAAA,iCAA+C,KADjD;AAAA;AAAA;AAAA;AAAA,iCAEA;AAAA,0BACA,uBAAC,iBAAD;AAAA;AAAA;AAAA;AAAA,iCAAa;AAAA,0BACb,uBAAC,YACC;AAAA,4BAAC;AAAA;AAAA,8BACC,IAAI;AAAA,8BACJ,GAAG;AAAA,8BACH,SAAS,EAAE,MAAM,QAAQ,IAAI,cAAc;AAAA,8BAC3C,UAAU;AAAA,8BACV,YAAY;AAAA,8BACZ,OAAO;AAAA,8BACP,IAAI;AAAA,8BACJ,MAAM;AAAA,8BACN,QAAQ;AAAA,gCACN,IAAI;AAAA,8BACN;AAAA,8BACA,SAAS;AAAA,8BACV;AAAA;AAAA,4BAbD;AAAA;AAAA;AAAA;AAAA;AAAA;AAAA;AAAA;AAAA,0BAeA,KAhBF;AAAA;AAAA;AAAA;AAAA,iCAiBA;AAAA,6BAzBF;AAAA;AAAA;AAAA;AAAA,+BA0BA;AAAA,2BAzCF;AAAA;AAAA;AAAA;AAAA,6BA0CA;AAAA;AAAA;AAAA,kBA5EJ;AAAA;AAAA;AAAA;AAAA;AAAA;AAAA;AAAA;AAAA,gBA8EA;AAAA;AAAA;AAAA,YA5HF;AAAA;AAAA;AAAA;AAAA;AAAA;AAAA;AAAA;AAAA,UA6HA;AAAA,UAEA,uBAAC,YAAS,IAAI,QAAQ,gBAAc,MAClC,iCAAC,eAAD;AAAA;AAAA;AAAA;AAAA,iBAAW,KADb;AAAA;AAAA;AAAA;AAAA,iBAEA;AAAA,aAlIF;AAAA;AAAA;AAAA;AAAA,eAmIA;AAAA;AAAA,MAxIF;AAAA;AAAA;AAAA;AAAA;AAAA;AAAA;AAAA;AAAA,IAyIA;AAAA;AAEJ;AAEA,MAAM,aAAa,MAAM;AACvB,QAAM,YAAY,kBAAkB,YAAY,UAAU;AAC1D,QAAM,iBAAiB,kBAAkB,YAAY,OAAO;AAC5D,QAAM,wBAAwB,kBAAkB,SAAS,UAAU;AAEnE,SACE,uBAAC,SAAM,WAAW,OAAO,SAAS,GAC/B,oBAAU,IAAI,CAAC,YACd,uBAAC,OACC,iCAAC,WAAQ,SAAS,SAAS,WAAW,gBACpC;AAAA,2BAAC,kBACC,iCAAC,cAAW,IAAI,QAAQ,QAAQ,KAC9B;AAAA,MAAC;AAAA;AAAA,QACC,GAAG;AAAA,QAEH,UAAU;AAAA,QACV,YAAY;AAAA,QACZ,OAAO;AAAA,QACP,QAAQ;AAAA,UACN,gBAAgB;AAAA,UAChB,OAAO;AAAA,QACT;AAAA,QAEC,kBAAQ;AAAA;AAAA,MAXX;AAAA;AAAA;AAAA;AAAA;AAAA;AAAA;AAAA;AAAA,IAYA,KAbF;AAAA;AAAA;AAAA;AAAA,WAcA,KAfF;AAAA;AAAA;AAAA;AAAA,WAgBA;AAAA,IAEC,QAAQ,YACP;AAAA,MAAC;AAAA;AAAA,QACC,QAAQ;AAAA,QACR,WAAW;AAAA,QACX,IAAI;AAAA,QACJ,GAAG;AAAA,QACH,SAAS;AAAA,QACT,MAAM;AAAA,QAEN,iCAAC,SACE,kBAAQ,SAAS,IAAI,CAAC,UACrB,uBAAC,iBAAiC,GAAG,SAAjB,MAAM,OAA1B;AAAA;AAAA;AAAA;AAAA,eAA4C,CAC7C,KAHH;AAAA;AAAA;AAAA;AAAA,eAIA;AAAA;AAAA,MAZF;AAAA;AAAA;AAAA;AAAA;AAAA;AAAA;AAAA;AAAA,IAaA;AAAA,OAjCJ;AAAA;AAAA;AAAA;AAAA,SAmCA,KApCQ,QAAQ,OAAlB;AAAA;AAAA;AAAA;AAAA,SAqCA,CACD,KAxCH;AAAA;AAAA;AAAA;AAAA,SAyCA;AAEJ;AAEA,MAAM,gBAAgB,CAAC,EAAE,OAAO,MAAM,SAAS,MAAe;AAC5D,SACE;AAAA,IAAC;AAAA;AAAA,MACC;AAAA,MACA,MAAM;AAAA,MACN,SAAS;AAAA,MACT,GAAG;AAAA,MACH,SAAS;AAAA,MACT,QAAQ,EAAE,IAAI,kBAAkB,WAAW,UAAU,EAAE;AAAA,MAEvD,iCAAC,SAAM,WAAW,OAAO,OAAO,UAC9B;AAAA,+BAAC,OACC;AAAA;AAAA,YAAC;AAAA;AAAA,cACC,YAAY;AAAA,cACZ,aAAa,EAAE,OAAO,WAAW;AAAA,cACjC,YAAY;AAAA,cAEX;AAAA;AAAA,YALH;AAAA;AAAA;AAAA;AAAA;AAAA;AAAA;AAAA;AAAA,UAMA;AAAA,UACA,uBAAC,QAAK,UAAU,MAAO,sBAAvB;AAAA;AAAA;AAAA;AAAA,iBAAgC;AAAA,aARlC;AAAA;AAAA;AAAA;AAAA,eASA;AAAA,QACA;AAAA,UAAC;AAAA;AAAA,YACC,YAAY;AAAA,YACZ,WAAW;AAAA,YACX,SAAS;AAAA,YACT,aAAa,EAAE,SAAS,QAAQ,WAAW,gBAAgB;AAAA,YAC3D,SAAS;AAAA,YACT,OAAO;AAAA,YACP,MAAM;AAAA,YAEN,iCAAC,QAAK,OAAO,YAAY,GAAG,GAAG,GAAG,GAAG,IAAI,oBAAzC;AAAA;AAAA;AAAA;AAAA,mBAA2D;AAAA;AAAA,UAT7D;AAAA;AAAA;AAAA;AAAA;AAAA;AAAA;AAAA;AAAA,QAUA;AAAA,WArBF;AAAA;AAAA;AAAA;AAAA,aAsBA;AAAA;AAAA,IA9BF;AAAA;AAAA;AAAA;AAAA;AAAA;AAAA;AAAA;AAAA,EA+BA;AAEJ;AAEA,MAAM,YAAY,MAAM;AACtB,SACE;AAAA,IAAC;AAAA;AAAA,MACC,IAAI,kBAAkB,SAAS,UAAU;AAAA,MACzC,GAAG;AAAA,MACH,SAAS,EAAE,IAAI,OAAO;AAAA,MAErB,oBAAU,IAAI,CAAC,YACd,uBAAC,iBAAmC,GAAG,WAAnB,QAAQ,OAA5B;AAAA;AAAA;AAAA;AAAA,aAAgD,CACjD;AAAA;AAAA,IAPH;AAAA;AAAA;AAAA;AAAA;AAAA;AAAA;AAAA;AAAA,EAQA;AAEJ;AAEA,MAAM,gBAAgB,CAAC,EAAE,OAAO,UAAU,KAAK,MAAe;AAC5D,QAAM,EAAE,QAAQ,SAAS,IAAI,cAAc;AAE3C,SACE,uBAAC,SAAM,SAAS,GAAG,SAAS,YAAY,UACtC;AAAA;AAAA,MAAC;AAAA;AAAA,QACC,IAAI;AAAA,QACJ,IAAI;AAAA,QACJ,MAAM,QAAQ;AAAA,QACd,SAAS;AAAA,QACT,OAAO;AAAA,QACP,QAAQ;AAAA,UACN,gBAAgB;AAAA,QAClB;AAAA,QAEA;AAAA;AAAA,YAAC;AAAA;AAAA,cACC,YAAY;AAAA,cACZ,OAAO,kBAAkB,YAAY,UAAU;AAAA,cAE9C;AAAA;AAAA,YAJH;AAAA;AAAA;AAAA;AAAA;AAAA;AAAA;AAAA;AAAA,UAKA;AAAA,UACC,YACC;AAAA,YAAC;AAAA;AAAA,cACC,IAAI;AAAA,cACJ,YAAY;AAAA,cACZ,WAAW,SAAS,mBAAmB;AAAA,cACvC,GAAG;AAAA,cACH,GAAG;AAAA;AAAA,YALL;AAAA;AAAA;AAAA;AAAA;AAAA;AAAA;AAAA;AAAA,UAMA;AAAA;AAAA;AAAA,MAvBJ;AAAA;AAAA;AAAA;AAAA;AAAA;AAAA;AAAA;AAAA,IAyBA;AAAA,IAEA,uBAAC,YAAS,IAAI,QAAQ,gBAAc,MAAC,OAAO,EAAE,WAAW,cAAc,GACrE;AAAA,MAAC;AAAA;AAAA,QACC,IAAI;AAAA,QACJ,IAAI;AAAA,QACJ,YAAY;AAAA,QACZ,aAAa;AAAA,QACb,aAAa,kBAAkB,YAAY,UAAU;AAAA,QACrD,OAAO;AAAA,QAEN,sBACC,SAAS,IAAI,CAAC,UACZ,uBAAC,QAAuB,IAAI,GAAG,MAAM,MAAM,MACxC,gBAAM,SADE,MAAM,OAAjB;AAAA;AAAA;AAAA;AAAA,eAEA,CACD;AAAA;AAAA,MAbL;AAAA;AAAA;AAAA;AAAA;AAAA;AAAA;AAAA;AAAA,IAcA,KAfF;AAAA;AAAA;AAAA;AAAA,WAgBA;AAAA,OA5CF;AAAA;AAAA;AAAA;AAAA,SA6CA;AAEJ;AASA,MAAM,YAA4B;AAAA,EAChC;AAAA,IACE,OAAO;AAAA,IACP,MAAM;AAAA;AAAA;AAAA;AAAA;AAAA;AAAA;AAAA;AAAA;AAAA;AAAA;AAAA;AAAA;AAAA,EAaR;AAAA,EACA;AAAA,IACE,OAAO;AAAA,IACP,MAAM;AAAA;AAAA;AAAA;AAAA;AAAA;AAAA;AAAA;AAAA;AAAA;AAAA;AAAA;AAAA;AAAA,EAaR;AAAA,EACA;AAAA,IACE,OAAO;AAAA,IACP,MAAM;AAAA,EACR;AAAA;AAAA;AAAA;AAAA;AAKF;",
      "names": []
    },
    "_coverageSchema": "1a1c01bbd47fc00a2c39e90264f33305004495a9",
    "hash": "cc466675c9114c3e7546afae5731c80cc47a9743"
  },
  "/home/serafim/eps/FGAInova-Front/src/components/About/index.tsx": {
    "path": "/home/serafim/eps/FGAInova-Front/src/components/About/index.tsx",
    "statementMap": {
      "0": {
        "start": {
          "line": 19,
          "column": 16
        },
        "end": {
          "line": 51,
          "column": 1
        }
      },
      "1": {
        "start": {
          "line": 20,
          "column": 2
        },
        "end": {
          "line": 50,
          "column": 11
        }
      },
      "2": {
        "start": {
          "line": 53,
          "column": 2
        },
        "end": {
          "line": 211,
          "column": 11
        }
      }
    },
    "fnMap": {
      "0": {
        "name": "(anonymous_0)",
        "decl": {
          "start": {
            "line": 19,
            "column": 16
          },
          "end": {
            "line": 19,
            "column": 17
          }
        },
        "loc": {
          "start": {
            "line": 19,
            "column": 44
          },
          "end": {
            "line": 51,
            "column": 1
          }
        },
        "line": 19
      },
      "1": {
        "name": "About",
        "decl": {
          "start": {
            "line": 52,
            "column": 24
          },
          "end": {
            "line": 52,
            "column": 29
          }
        },
        "loc": {
          "start": {
            "line": 52,
            "column": 32
          },
          "end": {
            "line": 212,
            "column": 1
          }
        },
        "line": 52
      }
    },
    "branchMap": {},
    "s": {
      "0": 16,
      "1": 36,
      "2": 12
    },
    "f": {
      "0": 36,
      "1": 12
    },
    "b": {},
    "inputSourceMap": {
      "version": 3,
      "sources": [
        "/home/serafim/eps/FGAInova-Front/src/components/About/index.tsx"
      ],
      "mappings": "AA4BM;AA5BN;AAAA,EACE;AAAA,EACA;AAAA,EACA;AAAA,EACA;AAAA,EACA;AAAA,EACA;AAAA,EACA;AAAA,EACA;AAAA,EACA;AAAA,EACA;AAAA,OACK;AACP;AAAA,EACE;AAAA,EACA;AAAA,EACA;AAAA,OACK;AASP,MAAM,UAAU,CAAC,EAAE,MAAM,MAAM,OAAO,MAAoB;AACxD,SACE,uBAAC,SAAM,WAAW,OAAO,OAAO,UAC9B;AAAA;AAAA,MAAC;AAAA;AAAA,QACC,GAAG;AAAA,QACH,GAAG;AAAA,QACH,OAAO;AAAA,QACP,SAAS;AAAA,QACT,SAAS;AAAA,QACT,IAAI;AAAA,QAEH;AAAA;AAAA,MARH;AAAA;AAAA;AAAA;AAAA;AAAA;AAAA;AAAA;AAAA,IASA;AAAA,IACA,uBAAC,QAAK,YAAY,KAAM,kBAAxB;AAAA;AAAA;AAAA;AAAA,WAA6B;AAAA,OAX/B;AAAA;AAAA;AAAA;AAAA,SAYA;AAEJ;AAEA,wBAAwB,QAAQ;AAC9B,SACE,uBAAC,aAAU,MAAM,OAAO,IAAI,IAC1B,iCAAC,cAAW,SAAS,EAAE,MAAM,GAAG,IAAI,EAAE,GAAG,SAAS,IAChD;AAAA,2BAAC,SAAM,SAAS,GACd;AAAA;AAAA,QAAC;AAAA;AAAA,UACC,eAAe;AAAA,UACf,OAAO;AAAA,UACP,YAAY;AAAA,UACZ,UAAU;AAAA,UACV,IAAI,kBAAkB,WAAW,UAAU;AAAA,UAC3C,GAAG;AAAA,UACH,WAAW;AAAA,UACX,SAAS;AAAA,UACV;AAAA;AAAA,QATD;AAAA;AAAA;AAAA;AAAA;AAAA;AAAA;AAAA;AAAA,MAWA;AAAA,MACA,uBAAC,WAAQ,0DAAT;AAAA;AAAA;AAAA;AAAA,aAAmD;AAAA,MACnD,uBAAC,QAAK,OAAO,YAAY,UAAU,MAAM,yHAAzC;AAAA;AAAA;AAAA;AAAA,aAGA;AAAA,MACA;AAAA,QAAC;AAAA;AAAA,UACC,SAAS;AAAA,UACT,SACE;AAAA,YAAC;AAAA;AAAA,cACC,aAAa,kBAAkB,YAAY,UAAU;AAAA;AAAA,YADvD;AAAA;AAAA;AAAA;AAAA;AAAA;AAAA;AAAA;AAAA,UAEA;AAAA,UAGF;AAAA;AAAA,cAAC;AAAA;AAAA,gBACC,MACE,uBAAC,QAAK,IAAI,kBAAkB,OAAO,cAAc,GAAG,GAAG,GAAG,KAA1D;AAAA;AAAA;AAAA;AAAA,uBAA6D;AAAA,gBAE/D,QAAQ,kBAAkB,cAAc,YAAY;AAAA,gBACpD,MAAM;AAAA;AAAA,cALR;AAAA;AAAA;AAAA;AAAA;AAAA;AAAA;AAAA;AAAA,YAMA;AAAA,YACA;AAAA,cAAC;AAAA;AAAA,gBACC,MAAM,uBAAC,QAAK,IAAI,eAAe,OAAO,aAAa,GAAG,GAAG,GAAG,KAAtD;AAAA;AAAA;AAAA;AAAA,uBAAyD;AAAA,gBAC/D,QAAQ,kBAAkB,aAAa,WAAW;AAAA,gBAClD,MAAM;AAAA;AAAA,cAHR;AAAA;AAAA;AAAA;AAAA;AAAA;AAAA;AAAA;AAAA,YAIA;AAAA,YACA;AAAA,cAAC;AAAA;AAAA,gBACC,MACE,uBAAC,QAAK,IAAI,eAAe,OAAO,cAAc,GAAG,GAAG,GAAG,KAAvD;AAAA;AAAA;AAAA;AAAA,uBAA0D;AAAA,gBAE5D,QAAQ,kBAAkB,cAAc,YAAY;AAAA,gBACpD,MAAM;AAAA;AAAA,cALR;AAAA;AAAA;AAAA;AAAA;AAAA;AAAA;AAAA;AAAA,YAMA;AAAA;AAAA;AAAA,QA1BF;AAAA;AAAA;AAAA;AAAA;AAAA;AAAA;AAAA;AAAA,MA2BA;AAAA,SA7CF;AAAA;AAAA;AAAA;AAAA,WA8CA;AAAA,IACA,uBAAC,QACC;AAAA,MAAC;AAAA;AAAA,QACC,SAAS;AAAA,QACT,KAAK;AAAA,QACL,KACE;AAAA,QAEF,WAAW;AAAA;AAAA,MANb;AAAA;AAAA;AAAA;AAAA;AAAA;AAAA;AAAA;AAAA,IAOA,KARF;AAAA;AAAA;AAAA;AAAA,WASA;AAAA,OAzDF;AAAA;AAAA;AAAA;AAAA,SA0DA,KA3DF;AAAA;AAAA;AAAA;AAAA,SA4DA;AAEJ;",
      "names": []
    },
    "_coverageSchema": "1a1c01bbd47fc00a2c39e90264f33305004495a9",
    "hash": "b8b50f8438a869c673ed97421595079993ab2d41"
  },
  "/home/serafim/eps/FGAInova-Front/src/components/HeroBanner/index.tsx": {
    "path": "/home/serafim/eps/FGAInova-Front/src/components/HeroBanner/index.tsx",
    "statementMap": {
      "0": {
        "start": {
          "line": 18,
          "column": 2
        },
        "end": {
          "line": 281,
          "column": 11
        }
      },
      "1": {
        "start": {
          "line": 283,
          "column": 17
        },
        "end": {
          "line": 287,
          "column": 2
        }
      },
      "2": {
        "start": {
          "line": 288,
          "column": 20
        },
        "end": {
          "line": 324,
          "column": 1
        }
      },
      "3": {
        "start": {
          "line": 289,
          "column": 2
        },
        "end": {
          "line": 323,
          "column": 4
        }
      }
    },
    "fnMap": {
      "0": {
        "name": "HeroBanner",
        "decl": {
          "start": {
            "line": 17,
            "column": 24
          },
          "end": {
            "line": 17,
            "column": 34
          }
        },
        "loc": {
          "start": {
            "line": 17,
            "column": 37
          },
          "end": {
            "line": 282,
            "column": 1
          }
        },
        "line": 17
      },
      "1": {
        "name": "(anonymous_1)",
        "decl": {
          "start": {
            "line": 288,
            "column": 20
          },
          "end": {
            "line": 288,
            "column": 21
          }
        },
        "loc": {
          "start": {
            "line": 288,
            "column": 31
          },
          "end": {
            "line": 324,
            "column": 1
          }
        },
        "line": 288
      }
    },
    "branchMap": {},
    "s": {
      "0": 24,
      "1": 16,
      "2": 16,
      "3": 16
    },
    "f": {
      "0": 24,
      "1": 16
    },
    "b": {},
    "inputSourceMap": {
      "version": 3,
      "sources": [
        "/home/serafim/eps/FGAInova-Front/src/components/HeroBanner/index.tsx"
      ],
      "mappings": "AAiCY;AAjCZ;AAAA,EACE;AAAA,EACA;AAAA,EACA;AAAA,EACA;AAAA,EACA;AAAA,EACA;AAAA,EACA;AAAA,EACA;AAAA,EACA;AAAA,EACA;AAAA,EACA;AAAA,EAEA;AAAA,OACK;AAEP,SAAS,QAAQ,kBAAkB;AAEnC,wBAAwB,aAAa;AACnC,SACE,uBAAC,aAAU,MAAM,OACf;AAAA,IAAC;AAAA;AAAA,MACC,OAAO;AAAA,MACP,SAAS,EAAE,MAAM,GAAG,IAAI,GAAG;AAAA,MAC3B,IAAI,EAAE,MAAM,IAAI,IAAI,GAAG;AAAA,MACvB,WAAW,EAAE,MAAM,UAAU,IAAI,MAAM;AAAA,MAEvC;AAAA,+BAAC,SAAM,MAAM,GAAG,SAAS,EAAE,MAAM,GAAG,IAAI,GAAG,GACzC;AAAA;AAAA,YAAC;AAAA;AAAA,cACC,YAAY;AAAA,cACZ,YAAY;AAAA,cACZ,UAAU,EAAE,MAAM,OAAO,IAAI,OAAO,IAAI,MAAM;AAAA,cAE9C;AAAA;AAAA,kBAAC;AAAA;AAAA,oBACC,IAAI;AAAA,oBACJ,UAAU;AAAA,oBACV,QAAQ;AAAA,sBACN,SAAS;AAAA,sBACT,OAAO;AAAA,sBACP,QAAQ;AAAA,sBACR,UAAU;AAAA,sBACV,QAAQ;AAAA,sBACR,MAAM;AAAA,sBACN,IAAI;AAAA,sBACJ,QAAQ;AAAA,oBACV;AAAA,oBACD;AAAA;AAAA,kBAbD;AAAA;AAAA;AAAA;AAAA;AAAA;AAAA;AAAA;AAAA,gBAeA;AAAA,gBACA,uBAAC,UAAD;AAAA;AAAA;AAAA;AAAA,uBAAI;AAAA,gBACJ,uBAAC,QAAK,IAAI,QAAQ,OAAO,YAAY,6BAArC;AAAA;AAAA;AAAA;AAAA,uBAEA;AAAA;AAAA;AAAA,YAxBF;AAAA;AAAA;AAAA;AAAA;AAAA;AAAA;AAAA;AAAA,UAyBA;AAAA,UACA,uBAAC,QAAK,OAAO,YAAY,kMAAzB;AAAA;AAAA;AAAA;AAAA,iBAIA;AAAA,UACA;AAAA,YAAC;AAAA;AAAA,cACC,SAAS,EAAE,MAAM,GAAG,IAAI,EAAE;AAAA,cAC1B,WAAW,EAAE,MAAM,UAAU,IAAI,MAAM;AAAA,cAEvC;AAAA,uCAAC,cAAW,IAAI,aACd;AAAA,kBAAC;AAAA;AAAA,oBACC,SAAS;AAAA,oBACT,MAAM;AAAA,oBACN,YAAY;AAAA,oBACZ,IAAI;AAAA,oBACJ,aAAa;AAAA,oBACb,IAAI;AAAA,oBACJ,QAAQ,EAAE,IAAI,WAAW;AAAA,oBAC1B;AAAA;AAAA,kBARD;AAAA;AAAA;AAAA;AAAA;AAAA;AAAA;AAAA;AAAA,gBAUA,KAXF;AAAA;AAAA;AAAA;AAAA,uBAYA;AAAA,gBACA,uBAAC,cAAW,IAAI,UAChB;AAAA,kBAAC;AAAA;AAAA,oBACC,SAAS;AAAA,oBACT,MAAM;AAAA,oBACN,YAAY;AAAA,oBACZ,IAAI;AAAA,oBACJ,UAAU,uBAAC,YAAS,GAAG,GAAG,GAAG,GAAG,OAAO,cAA7B;AAAA;AAAA;AAAA;AAAA,2BAAyC;AAAA,oBACpD;AAAA;AAAA,kBAND;AAAA;AAAA;AAAA;AAAA;AAAA;AAAA;AAAA;AAAA,gBAQA,KATA;AAAA;AAAA;AAAA;AAAA,uBAUA;AAAA;AAAA;AAAA,YA3BF;AAAA;AAAA;AAAA;AAAA;AAAA;AAAA;AAAA;AAAA,UA4BA;AAAA,aA5DF;AAAA;AAAA;AAAA;AAAA,eA6DA;AAAA,QACA;AAAA,UAAC;AAAA;AAAA,YACC,MAAM;AAAA,YACN,SAAS;AAAA,YACT,OAAO;AAAA,YACP,UAAU;AAAA,YACV,GAAG;AAAA,YAEH;AAAA;AAAA,gBAAC;AAAA;AAAA,kBACC,GAAG;AAAA,kBACH,GAAG;AAAA,kBACH,UAAU;AAAA,kBACV,KAAK;AAAA,kBACL,MAAM;AAAA,kBACN,QAAQ;AAAA,kBACR,OAAO,kBAAkB,UAAU,SAAS;AAAA;AAAA,gBAP9C;AAAA;AAAA;AAAA;AAAA;AAAA;AAAA;AAAA;AAAA,cAQA;AAAA,cACA;AAAA,gBAAC;AAAA;AAAA,kBACC,UAAU;AAAA,kBACV,QAAQ;AAAA,kBACR,SAAS;AAAA,kBACT,WAAW;AAAA,kBACX,OAAO;AAAA,kBACP,UAAU;AAAA,kBAEV;AAAA;AAAA,sBAAC;AAAA;AAAA,wBACC,cAAY;AAAA,wBACZ,SAAS;AAAA,wBACT,QAAQ,EAAE,IAAI,cAAc;AAAA,wBAC5B,MAAM,uBAAC,YAAS,GAAG,IAAI,GAAG,MAApB;AAAA;AAAA;AAAA;AAAA,+BAAwB;AAAA,wBAC9B,MAAM;AAAA,wBACN,OAAO;AAAA,wBACP,UAAU;AAAA,wBACV,MAAM;AAAA,wBACN,KAAK;AAAA,wBACL,WAAW;AAAA;AAAA,sBAVb;AAAA;AAAA;AAAA;AAAA;AAAA;AAAA;AAAA;AAAA,oBAWA;AAAA,oBACA;AAAA,sBAAC;AAAA;AAAA,wBACC,KAAK;AAAA,wBACL,KAAK;AAAA,wBACL,OAAO;AAAA,wBACP,GAAG;AAAA,wBACH,GAAG;AAAA,wBACH,KACE;AAAA;AAAA,sBAPJ;AAAA;AAAA;AAAA;AAAA;AAAA;AAAA;AAAA;AAAA,oBASA;AAAA;AAAA;AAAA,gBA7BF;AAAA;AAAA;AAAA;AAAA;AAAA;AAAA;AAAA;AAAA,cA8BA;AAAA;AAAA;AAAA,UA9CF;AAAA;AAAA;AAAA;AAAA;AAAA;AAAA;AAAA;AAAA,QA+CA;AAAA;AAAA;AAAA,IAnHF;AAAA;AAAA;AAAA;AAAA;AAAA;AAAA;AAAA;AAAA,EAoHA,KArHF;AAAA;AAAA;AAAA;AAAA,SAsHA;AAEJ;AAEA,MAAM,WAAW,WAAW;AAAA,EAC1B,aAAa;AAAA,EACb,SAAS;AAAA,EACT,GAAG;AACL,CAAC;AAEM,aAAM,OAAO,CAAC,UAAqB;AACxC,SACE;AAAA,IAAC;AAAA;AAAA,MACC,OAAO;AAAA,MACP,SAAQ;AAAA,MACR,MAAK;AAAA,MACL,OAAM;AAAA,MACL,GAAG;AAAA,MAEJ;AAAA,QAAC;AAAA;AAAA,UACC,UAAS;AAAA,UACT,UAAS;AAAA,UACT,GAAE;AAAA,UACF,MAAK;AAAA;AAAA,QAJP;AAAA;AAAA;AAAA;AAAA;AAAA;AAAA;AAAA;AAAA,MAKA;AAAA;AAAA,IAZF;AAAA;AAAA;AAAA;AAAA;AAAA;AAAA;AAAA;AAAA,EAaA;AAEJ;",
      "names": []
    },
    "_coverageSchema": "1a1c01bbd47fc00a2c39e90264f33305004495a9",
    "hash": "a27ac0a7766f663196e855f4295f3c64d485936c"
  },
  "/home/serafim/eps/FGAInova-Front/src/service/index.tsx": {
    "path": "/home/serafim/eps/FGAInova-Front/src/service/index.tsx",
    "statementMap": {
      "0": {
        "start": {
          "line": 2,
          "column": 12
        },
        "end": {
          "line": 4,
          "column": 2
        }
      }
    },
    "fnMap": {},
    "branchMap": {},
    "s": {
      "0": 52
    },
    "f": {},
    "b": {},
    "inputSourceMap": {
      "version": 3,
      "sources": [
        "/home/serafim/eps/FGAInova-Front/src/service/index.tsx"
      ],
      "mappings": "AAAA,OAAO,WAAW;AAElB,MAAM,MAAM,MAAM,OAAO;AAAA,EACrB,SAAS;AACb,CAAC;AAED,eAAe;",
      "names": []
    },
    "_coverageSchema": "1a1c01bbd47fc00a2c39e90264f33305004495a9",
    "hash": "65d8ef5fceddf9060588cc096f25012b00db0546"
  },
  "/home/serafim/eps/FGAInova-Front/src/components/CardPopularPicks/index.tsx": {
    "path": "/home/serafim/eps/FGAInova-Front/src/components/CardPopularPicks/index.tsx",
    "statementMap": {
      "0": {
        "start": {
          "line": 34,
          "column": 19
        },
        "end": {
          "line": 34,
          "column": 28
        }
      },
      "1": {
        "start": {
          "line": 35,
          "column": 19
        },
        "end": {
          "line": 35,
          "column": 32
        }
      },
      "2": {
        "start": {
          "line": 36,
          "column": 2
        },
        "end": {
          "line": 36,
          "column": 43
        }
      },
      "3": {
        "start": {
          "line": 37,
          "column": 2
        },
        "end": {
          "line": 37,
          "column": 45
        }
      },
      "4": {
        "start": {
          "line": 38,
          "column": 19
        },
        "end": {
          "line": 38,
          "column": 32
        }
      },
      "5": {
        "start": {
          "line": 39,
          "column": 23
        },
        "end": {
          "line": 39,
          "column": 85
        }
      },
      "6": {
        "start": {
          "line": 40,
          "column": 16
        },
        "end": {
          "line": 40,
          "column": 102
        }
      },
      "7": {
        "start": {
          "line": 41,
          "column": 38
        },
        "end": {
          "line": 41,
          "column": 53
        }
      },
      "8": {
        "start": {
          "line": 42,
          "column": 20
        },
        "end": {
          "line": 42,
          "column": 32
        }
      },
      "9": {
        "start": {
          "line": 43,
          "column": 16
        },
        "end": {
          "line": 43,
          "column": 26
        }
      },
      "10": {
        "start": {
          "line": 44,
          "column": 23
        },
        "end": {
          "line": 72,
          "column": 3
        }
      },
      "11": {
        "start": {
          "line": 45,
          "column": 4
        },
        "end": {
          "line": 71,
          "column": 5
        }
      },
      "12": {
        "start": {
          "line": 46,
          "column": 6
        },
        "end": {
          "line": 61,
          "column": 9
        }
      },
      "13": {
        "start": {
          "line": 51,
          "column": 8
        },
        "end": {
          "line": 58,
          "column": 11
        }
      },
      "14": {
        "start": {
          "line": 59,
          "column": 8
        },
        "end": {
          "line": 59,
          "column": 18
        }
      },
      "15": {
        "start": {
          "line": 60,
          "column": 8
        },
        "end": {
          "line": 60,
          "column": 45
        }
      },
      "16": {
        "start": {
          "line": 63,
          "column": 6
        },
        "end": {
          "line": 70,
          "column": 9
        }
      },
      "17": {
        "start": {
          "line": 73,
          "column": 21
        },
        "end": {
          "line": 75,
          "column": 3
        }
      },
      "18": {
        "start": {
          "line": 74,
          "column": 4
        },
        "end": {
          "line": 74,
          "column": 39
        }
      },
      "19": {
        "start": {
          "line": 76,
          "column": 2
        },
        "end": {
          "line": 381,
          "column": 11
        }
      },
      "20": {
        "start": {
          "line": 179,
          "column": 65
        },
        "end": {
          "line": 193,
          "column": 17
        }
      },
      "21": {
        "start": {
          "line": 344,
          "column": 18
        },
        "end": {
          "line": 344,
          "column": 46
        }
      }
    },
    "fnMap": {
      "0": {
        "name": "CardPopularPicks",
        "decl": {
          "start": {
            "line": 26,
            "column": 24
          },
          "end": {
            "line": 26,
            "column": 40
          }
        },
        "loc": {
          "start": {
            "line": 33,
            "column": 3
          },
          "end": {
            "line": 382,
            "column": 1
          }
        },
        "line": 33
      },
      "1": {
        "name": "(anonymous_1)",
        "decl": {
          "start": {
            "line": 44,
            "column": 23
          },
          "end": {
            "line": 44,
            "column": 24
          }
        },
        "loc": {
          "start": {
            "line": 44,
            "column": 29
          },
          "end": {
            "line": 72,
            "column": 3
          }
        },
        "line": 44
      },
      "2": {
        "name": "(anonymous_2)",
        "decl": {
          "start": {
            "line": 50,
            "column": 14
          },
          "end": {
            "line": 50,
            "column": 15
          }
        },
        "loc": {
          "start": {
            "line": 50,
            "column": 23
          },
          "end": {
            "line": 61,
            "column": 7
          }
        },
        "line": 50
      },
      "3": {
        "name": "(anonymous_3)",
        "decl": {
          "start": {
            "line": 73,
            "column": 21
          },
          "end": {
            "line": 73,
            "column": 22
          }
        },
        "loc": {
          "start": {
            "line": 73,
            "column": 27
          },
          "end": {
            "line": 75,
            "column": 3
          }
        },
        "line": 73
      },
      "4": {
        "name": "(anonymous_4)",
        "decl": {
          "start": {
            "line": 179,
            "column": 36
          },
          "end": {
            "line": 179,
            "column": 37
          }
        },
        "loc": {
          "start": {
            "line": 179,
            "column": 65
          },
          "end": {
            "line": 193,
            "column": 17
          }
        },
        "line": 179
      },
      "5": {
        "name": "(anonymous_5)",
        "decl": {
          "start": {
            "line": 343,
            "column": 25
          },
          "end": {
            "line": 343,
            "column": 26
          }
        },
        "loc": {
          "start": {
            "line": 343,
            "column": 31
          },
          "end": {
            "line": 345,
            "column": 17
          }
        },
        "line": 343
      }
    },
    "branchMap": {
      "0": {
        "loc": {
          "start": {
            "line": 27,
            "column": 2
          },
          "end": {
            "line": 27,
            "column": 19
          }
        },
        "type": "default-arg",
        "locations": [
          {
            "start": {
              "line": 27,
              "column": 11
            },
            "end": {
              "line": 27,
              "column": 19
            }
          }
        ],
        "line": 27
      },
      "1": {
        "loc": {
          "start": {
            "line": 28,
            "column": 2
          },
          "end": {
            "line": 28,
            "column": 30
          }
        },
        "type": "default-arg",
        "locations": [
          {
            "start": {
              "line": 28,
              "column": 19
            },
            "end": {
              "line": 28,
              "column": 30
            }
          }
        ],
        "line": 28
      },
      "2": {
        "loc": {
          "start": {
            "line": 39,
            "column": 23
          },
          "end": {
            "line": 39,
            "column": 85
          }
        },
        "type": "binary-expr",
        "locations": [
          {
            "start": {
              "line": 39,
              "column": 23
            },
            "end": {
              "line": 39,
              "column": 48
            }
          },
          {
            "start": {
              "line": 39,
              "column": 52
            },
            "end": {
              "line": 39,
              "column": 85
            }
          }
        ],
        "line": 39
      },
      "3": {
        "loc": {
          "start": {
            "line": 40,
            "column": 16
          },
          "end": {
            "line": 40,
            "column": 102
          }
        },
        "type": "binary-expr",
        "locations": [
          {
            "start": {
              "line": 40,
              "column": 16
            },
            "end": {
              "line": 40,
              "column": 48
            }
          },
          {
            "start": {
              "line": 40,
              "column": 52
            },
            "end": {
              "line": 40,
              "column": 102
            }
          }
        ],
        "line": 40
      },
      "4": {
        "loc": {
          "start": {
            "line": 40,
            "column": 63
          },
          "end": {
            "line": 40,
            "column": 101
          }
        },
        "type": "binary-expr",
        "locations": [
          {
            "start": {
              "line": 40,
              "column": 63
            },
            "end": {
              "line": 40,
              "column": 95
            }
          },
          {
            "start": {
              "line": 40,
              "column": 99
            },
            "end": {
              "line": 40,
              "column": 101
            }
          }
        ],
        "line": 40
      },
      "5": {
        "loc": {
          "start": {
            "line": 60,
            "column": 8
          },
          "end": {
            "line": 60,
            "column": 44
          }
        },
        "type": "binary-expr",
        "locations": [
          {
            "start": {
              "line": 60,
              "column": 8
            },
            "end": {
              "line": 60,
              "column": 23
            }
          },
          {
            "start": {
              "line": 60,
              "column": 27
            },
            "end": {
              "line": 60,
              "column": 44
            }
          }
        ],
        "line": 60
      },
      "6": {
        "loc": {
          "start": {
            "line": 246,
            "column": 10
          },
          "end": {
            "line": 361,
            "column": 18
          }
        },
        "type": "cond-expr",
        "locations": [
          {
            "start": {
              "line": 246,
              "column": 67
            },
            "end": {
              "line": 308,
              "column": 11
            }
          },
          {
            "start": {
              "line": 308,
              "column": 30
            },
            "end": {
              "line": 361,
              "column": 18
            }
          }
        ],
        "line": 246
      },
      "7": {
        "loc": {
          "start": {
            "line": 246,
            "column": 10
          },
          "end": {
            "line": 246,
            "column": 48
          }
        },
        "type": "binary-expr",
        "locations": [
          {
            "start": {
              "line": 246,
              "column": 10
            },
            "end": {
              "line": 246,
              "column": 31
            }
          },
          {
            "start": {
              "line": 246,
              "column": 35
            },
            "end": {
              "line": 246,
              "column": 48
            }
          }
        ],
        "line": 246
      }
    },
    "s": {
      "0": 32,
      "1": 0,
      "2": 0,
      "3": 0,
      "4": 0,
      "5": 0,
      "6": 0,
      "7": 0,
      "8": 0,
      "9": 0,
      "10": 0,
      "11": 0,
      "12": 0,
      "13": 0,
      "14": 0,
      "15": 0,
      "16": 0,
      "17": 0,
      "18": 0,
      "19": 0,
      "20": 0,
      "21": 0
    },
    "f": {
      "0": 32,
      "1": 0,
      "2": 0,
      "3": 0,
      "4": 0,
      "5": 0
    },
    "b": {
      "0": [
        32
      ],
      "1": [
        32
      ],
      "2": [
        0,
        0
      ],
      "3": [
        0,
        0
      ],
      "4": [
        0,
        0
      ],
      "5": [
        0,
        0
      ],
      "6": [
        0,
        0
      ],
      "7": [
        0,
        0
      ]
    },
    "inputSourceMap": {
      "version": 3,
      "sources": [
        "/home/serafim/eps/FGAInova-Front/src/components/CardPopularPicks/index.tsx"
      ],
      "mappings": "AA+FI,mBAUU,cAVV;AA/FJ;AAAA,EACE;AAAA,EACA;AAAA,EACA;AAAA,EACA;AAAA,EACA;AAAA,EACA;AAAA,EACA;AAAA,EACA;AAAA,EACA;AAAA,EACA;AAAA,EACA;AAAA,EACA;AAAA,EACA;AAAA,EACA;AAAA,EACA;AAAA,EACA;AAAA,EACA;AAAA,OACK;AACP,SAAS,WAAW,qBAAqB;AACzC,SAAS,eAAe;AACxB,SAAS,cAAc;AACvB,OAAO,SAAS;AAChB,SAAS,aAAa,mBAAmB;AAWzC,wBAAwB,iBAAiB;AAAA,EACvC,SAAS;AAAA,EACT,iBAAiB;AAAA,EACjB;AAAA,EACA;AAAA,EACA;AAAA,EACA;AACF,GAAsB;AACpB,QAAM,EAAE,KAAK,IAAI,QAAQ;AACzB,QAAM,WAAW,YAAY;AAC7B,UAAQ,IAAI,SAAS,KAAK,KAAK,QAAQ;AACvC,UAAQ,IAAI,0BAA0B,GAAG;AACzC,QAAM,WAAW,YAAY;AAC7B,QAAM,eACJ,SAAS,aAAa,OAAO,SAAS,aAAa;AAErD,QAAM,QACJ,eAAe,QAAQ,QAAQ,KAC/B,KAAK,MAAM,eAAe,QAAQ,QAAQ,KAAK,EAAE;AAEnD,QAAM,EAAE,QAAQ,QAAQ,QAAQ,IAAI,cAAc;AAClD,QAAM,YAAY,OAAiC,IAAI;AACvD,QAAM,QAAQ,SAAS;AAEvB,QAAM,eAAe,MAAM;AACzB,QAAI;AACF,UACG,OAAO,YAAY,GAAG,IAAI;AAAA,QACzB,SAAS;AAAA,UACP,eAAe,UAAU,KAAK;AAAA,QAChC;AAAA,MACF,CAAC,EACA,KAAK,CAAC,QAAQ;AACb,cAAM;AAAA,UACJ,OAAO,GAAG,IAAI,KAAK,OAAO;AAAA,UAC1B,aAAa;AAAA,UACb,QAAQ;AAAA,UACR,UAAU;AAAA,UACV,YAAY;AAAA,UACZ,UAAU;AAAA,QACZ,CAAC;AACD,gBAAQ;AACR,2BAAmB,gBAAgB;AAAA,MACrC,CAAC;AAAA,IACL,SAAS,OAAO;AACd,YAAM;AAAA,QACJ,OAAO;AAAA,QACP,aAAa;AAAA,QACb,QAAQ;AAAA,QACR,UAAU;AAAA,QACV,YAAY;AAAA,QACZ,UAAU;AAAA,MACZ,CAAC;AAAA,IACH;AAAA,EACF;AAEA,QAAM,aAAa,MAAM;AACvB,aAAS,mBAAmB,GAAG,EAAE;AAAA,EACnC;AAEA,SACE,mCACE;AAAA;AAAA,MAAC;AAAA;AAAA,QACC;AAAA,QACA,qBAAqB;AAAA,QACrB;AAAA,QAEA,iCAAC,sBACC,iCAAC,sBACC;AAAA,iCAAC,qBAAkB,UAAS,MAAK,YAAW,QAAO;AAAA;AAAA,YAC/B;AAAA,YAClB,uBAAC,QAAK,IAAI,UAAU,gBAAgB,aACjC,oBADH;AAAA;AAAA;AAAA;AAAA,mBAEA;AAAA,eAJF;AAAA;AAAA;AAAA;AAAA,iBAKA;AAAA,UAEA,uBAAC,mBAAgB,oHAAjB;AAAA;AAAA;AAAA;AAAA,iBAGA;AAAA,UAEA,uBAAC,qBACC;AAAA,mCAAC,UAAO,KAAK,WAAW,SAAS,SAAS,wBAA1C;AAAA;AAAA;AAAA;AAAA,mBAEA;AAAA,YACA,uBAAC,UAAO,aAAY,OAAM,SAAS,cAAc,IAAI,GAAG,+BAAxD;AAAA;AAAA;AAAA;AAAA,mBAEA;AAAA,eANF;AAAA;AAAA;AAAA;AAAA,iBAOA;AAAA,aApBF;AAAA;AAAA;AAAA;AAAA,eAqBA,KAtBF;AAAA;AAAA;AAAA;AAAA,eAuBA;AAAA;AAAA,MA5BF;AAAA;AAAA;AAAA;AAAA;AAAA;AAAA;AAAA;AAAA,IA6BA;AAAA,IAGA,uBAAC,UAAO,IAAI,GACV;AAAA,MAAC;AAAA;AAAA,QACC,MAAM;AAAA,QACN,MAAM;AAAA,QAEN,GAAG;AAAA,QACH,IAAI,kBAAkB,SAAS,UAAU;AAAA,QACzC,WAAW;AAAA,QACX,SAAS;AAAA,QACT,GAAG;AAAA,QACH,UAAU;AAAA,QAEV;AAAA;AAAA,YAAC;AAAA;AAAA,cACC,GAAG;AAAA,cACH,IAAI;AAAA,cACJ,IAAI;AAAA,cACJ,IAAI;AAAA,cACJ,IAAI;AAAA,cACJ,KAAK;AAAA;AAAA,YANP;AAAA;AAAA;AAAA;AAAA;AAAA;AAAA;AAAA;AAAA,UAcA;AAAA,UACA,uBAAC,SACC;AAAA;AAAA,cAAC;AAAA;AAAA,gBACC,OAAO;AAAA,gBACP,eAAe;AAAA,gBACf,YAAY;AAAA,gBACZ,UAAU;AAAA,gBACV,eAAe;AAAA,gBACf,SAAS;AAAA,gBACT,KAAK;AAAA,gBAEJ,gBAAM,IAAI,CAAC,MAAM,MAChB;AAAA,kBAAC;AAAA;AAAA,oBAEC,aAAY;AAAA,oBAGX;AAAA;AAAA,kBAJI,IAAI,MAAM;AAAA,kBADjB;AAAA;AAAA;AAAA;AAAA;AAAA;AAAA;AAAA,gBAMA,CACD;AAAA;AAAA,cAjBH;AAAA;AAAA;AAAA;AAAA;AAAA;AAAA;AAAA;AAAA,YAkBA;AAAA,YACA;AAAA,cAAC;AAAA;AAAA,gBACC,OAAO,kBAAkB,YAAY,OAAO;AAAA,gBAC5C,UAAU;AAAA,gBACV,YAAY;AAAA,gBACZ,eAAe;AAAA,gBAEd;AAAA;AAAA,cANH;AAAA;AAAA;AAAA;AAAA;AAAA;AAAA;AAAA;AAAA,YAOA;AAAA,YACA;AAAA,cAAC;AAAA;AAAA,gBACC,GAAG;AAAA,gBACH,MAAM;AAAA,gBACN,OAAO;AAAA,gBACP,WAAW;AAAA,gBACX,WAAW;AAAA,gBAEV;AAAA;AAAA,cAPH;AAAA;AAAA;AAAA;AAAA;AAAA;AAAA;AAAA;AAAA,YAQA;AAAA,eApCF;AAAA;AAAA;AAAA;AAAA,iBAqCA;AAAA,UACC,aAAa,KAAK,OAAO,CAAC,eACzB;AAAA,YAAC;AAAA;AAAA,cACC,IAAI;AAAA,cACJ,WAAW;AAAA,cACX,SAAS;AAAA,cACT,OAAO;AAAA,cACP,gBAAgB;AAAA,cAEhB;AAAA;AAAA,kBAAC;AAAA;AAAA,oBACC,UAAU,uBAAC,eAAD;AAAA;AAAA;AAAA;AAAA,2BAAW;AAAA,oBACrB,aAAY;AAAA,oBACZ,SAAQ;AAAA,oBACR,SAAS;AAAA,oBACV;AAAA;AAAA,kBALD;AAAA;AAAA;AAAA;AAAA;AAAA;AAAA;AAAA;AAAA,gBAOA;AAAA,gBACA;AAAA,kBAAC;AAAA;AAAA,oBACC,WAAW,uBAAC,mBAAD;AAAA;AAAA;AAAA;AAAA,2BAAe;AAAA,oBAC1B,aAAY;AAAA,oBACZ,SAAS;AAAA,oBACV;AAAA;AAAA,kBAJD;AAAA;AAAA;AAAA;AAAA;AAAA;AAAA;AAAA;AAAA,gBAMA;AAAA;AAAA;AAAA,YArBF;AAAA;AAAA;AAAA;AAAA;AAAA;AAAA;AAAA;AAAA,UAsBA,IAEA,uBAAC,SAAM,IAAI,GAAG,WAAW,OAAO,SAAS,GAAG,OAAO,UAAU,gBAAgB,iBAC3E;AAAA;AAAA,cAAC;AAAA;AAAA,gBACC,KAAK;AAAA;AAAA,cADP;AAAA;AAAA;AAAA;AAAA;AAAA;AAAA;AAAA;AAAA,YAEA;AAAA,YACA,uBAAC,SAAM,WAAW,UAAU,SAAS,GAAG,UAAU,MAChD;AAAA,qCAAC,QAAK,YAAY,KAAK,2BAAvB;AAAA;AAAA;AAAA;AAAA,qBAAkC;AAAA,cAClC,uBAAC,QAAK,OAAO,YAAY,wCAAzB;AAAA;AAAA;AAAA;AAAA,qBAAiD;AAAA,iBAFnD;AAAA;AAAA;AAAA;AAAA,mBAGA;AAAA,YACA;AAAA,cAAC;AAAA;AAAA,gBAEC,aAAY;AAAA,gBAEZ,SAAS,MAAM;AACb,2BAAS,YAAY,GAAG,EAAE;AAAA,gBAC5B;AAAA,gBACD;AAAA;AAAA,cAPD;AAAA;AAAA;AAAA;AAAA;AAAA;AAAA;AAAA;AAAA,YASA;AAAA,eAjBF;AAAA;AAAA;AAAA;AAAA,iBAkBA;AAAA;AAAA;AAAA,MA3GJ;AAAA;AAAA;AAAA;AAAA;AAAA;AAAA;AAAA;AAAA,IA6GA,KA9GF;AAAA;AAAA;AAAA;AAAA,WA+GA;AAAA,OAhJF;AAAA;AAAA;AAAA;AAAA,SAiJA;AAEJ;",
      "names": []
    },
    "_coverageSchema": "1a1c01bbd47fc00a2c39e90264f33305004495a9",
    "hash": "34912878ef6cda86c0178d1414e102838f6b0d9e"
  },
  "/home/serafim/eps/FGAInova-Front/src/components/PopularPicks/index.tsx": {
    "path": "/home/serafim/eps/FGAInova-Front/src/components/PopularPicks/index.tsx",
    "statementMap": {
      "0": {
        "start": {
          "line": 15,
          "column": 34
        },
        "end": {
          "line": 15,
          "column": 46
        }
      },
      "1": {
        "start": {
          "line": 16,
          "column": 2
        },
        "end": {
          "line": 22,
          "column": 9
        }
      },
      "2": {
        "start": {
          "line": 17,
          "column": 4
        },
        "end": {
          "line": 21,
          "column": 7
        }
      },
      "3": {
        "start": {
          "line": 18,
          "column": 6
        },
        "end": {
          "line": 18,
          "column": 28
        }
      },
      "4": {
        "start": {
          "line": 20,
          "column": 6
        },
        "end": {
          "line": 20,
          "column": 53
        }
      },
      "5": {
        "start": {
          "line": 23,
          "column": 2
        },
        "end": {
          "line": 104,
          "column": 11
        }
      },
      "6": {
        "start": {
          "line": 68,
          "column": 60
        },
        "end": {
          "line": 85,
          "column": 9
        }
      }
    },
    "fnMap": {
      "0": {
        "name": "PopularPicks",
        "decl": {
          "start": {
            "line": 14,
            "column": 24
          },
          "end": {
            "line": 14,
            "column": 36
          }
        },
        "loc": {
          "start": {
            "line": 14,
            "column": 39
          },
          "end": {
            "line": 105,
            "column": 1
          }
        },
        "line": 14
      },
      "1": {
        "name": "(anonymous_1)",
        "decl": {
          "start": {
            "line": 16,
            "column": 12
          },
          "end": {
            "line": 16,
            "column": 13
          }
        },
        "loc": {
          "start": {
            "line": 16,
            "column": 18
          },
          "end": {
            "line": 22,
            "column": 3
          }
        },
        "line": 16
      },
      "2": {
        "name": "(anonymous_2)",
        "decl": {
          "start": {
            "line": 17,
            "column": 35
          },
          "end": {
            "line": 17,
            "column": 36
          }
        },
        "loc": {
          "start": {
            "line": 17,
            "column": 44
          },
          "end": {
            "line": 19,
            "column": 5
          }
        },
        "line": 17
      },
      "3": {
        "name": "(anonymous_3)",
        "decl": {
          "start": {
            "line": 19,
            "column": 13
          },
          "end": {
            "line": 19,
            "column": 14
          }
        },
        "loc": {
          "start": {
            "line": 19,
            "column": 22
          },
          "end": {
            "line": 21,
            "column": 5
          }
        },
        "line": 19
      },
      "4": {
        "name": "(anonymous_4)",
        "decl": {
          "start": {
            "line": 68,
            "column": 31
          },
          "end": {
            "line": 68,
            "column": 32
          }
        },
        "loc": {
          "start": {
            "line": 68,
            "column": 60
          },
          "end": {
            "line": 85,
            "column": 9
          }
        },
        "line": 68
      }
    },
    "branchMap": {},
    "s": {
      "0": 24,
      "1": 16,
      "2": 0,
      "3": 0,
      "4": 0,
      "5": 16,
      "6": 0
    },
    "f": {
      "0": 24,
      "1": 0,
      "2": 0,
      "3": 0,
      "4": 0
    },
    "b": {},
    "inputSourceMap": {
      "version": 3,
      "sources": [
        "/home/serafim/eps/FGAInova-Front/src/components/PopularPicks/index.tsx"
      ],
      "mappings": "AAiCU;AAjCV;AAAA,EACE;AAAA,EACA;AAAA,EACA;AAAA,EACA;AAAA,EACA;AAAA,EACA;AAAA,OACK;AACP,OAAO,sBAAsB;AAC7B,SAAS,QAAQ,kBAAkB;AACnC,SAAS,WAAW,gBAAgB;AACpC,OAAO,SAAS;AAGhB,wBAAwB,eAAe;AACrC,QAAM,CAAC,UAAU,WAAW,IAAI,SAAqB,CAAC,CAAC;AAEvD,YAAU,MAAM;AACd,QACG,IAAgB,gBAAgB,EAChC,KAAK,CAAC,QAAQ;AAEb,kBAAY,IAAI,IAAI;AAAA,IACtB,CAAC,EACA,MAAM,CAAC,QAAQ;AACd,cAAQ,MAAM,4BAA4B,GAAG;AAAA,IAC/C,CAAC;AAAA,EACL,GAAG,CAAC,CAAC;AAEL,SACE,uBAAC,OACC,iCAAC,aAAU,MAAM,OAAO,IAAI,IAAI,IAAI,OAAO,SAAS,IAClD;AAAA,2BAAC,UAAO,SAAS,QAAQ,SAAS,iBAChC;AAAA,6BAAC,WAAQ,2BAAT;AAAA;AAAA;AAAA;AAAA,aAAoB;AAAA,MACpB,uBAAC,cAAW,IAAI,aACd;AAAA,QAAC;AAAA;AAAA,UACC,IAAI;AAAA,UACJ,SAAS,EAAE,MAAM,QAAQ,IAAI,cAAc;AAAA,UAC3C,UAAU;AAAA,UACV,YAAY;AAAA,UACZ,OAAO;AAAA,UACP,IAAI;AAAA,UACJ,MAAM;AAAA,UACN,QAAQ;AAAA,YACN,IAAI;AAAA,UACN;AAAA,UACD;AAAA;AAAA,QAXD;AAAA;AAAA;AAAA;AAAA;AAAA;AAAA;AAAA;AAAA,MAaA,KAdF;AAAA;AAAA;AAAA;AAAA,aAeA;AAAA,SAjBF;AAAA;AAAA;AAAA;AAAA,WAkBA;AAAA,IACA;AAAA,MAAC;AAAA;AAAA,QACC,WAAW,EAAE,MAAM,UAAU,IAAI,MAAM;AAAA,QACvC,SAAS,EAAE,MAAM,IAAI,IAAI,GAAG,IAAI,GAAG;AAAA,QAElC,mBAAS,IAAI,CAAC,YACb;AAAA,UAAC;AAAA;AAAA,YAEC,QAAQ,QAAQ;AAAA,YAChB,gBAAgB,QAAQ;AAAA,YACxB,MAAM,QAAQ;AAAA,YACd,KAAK,QAAQ;AAAA,YACb,UAAU,QAAQ;AAAA;AAAA,UALb,QAAQ;AAAA,UADf;AAAA;AAAA;AAAA;AAAA;AAAA;AAAA;AAAA,QAOA,CACD;AAAA;AAAA,MAbH;AAAA;AAAA;AAAA;AAAA;AAAA;AAAA;AAAA;AAAA,IAcA;AAAA,OAlCF;AAAA;AAAA;AAAA;AAAA,SAmCA,KApCF;AAAA;AAAA;AAAA;AAAA,SAqCA;AAEJ;",
      "names": []
    },
    "_coverageSchema": "1a1c01bbd47fc00a2c39e90264f33305004495a9",
    "hash": "e79ccecde720d94af5845761562816c75c80d1f1"
  },
  "/home/serafim/eps/FGAInova-Front/src/pages/Home/index.tsx": {
    "path": "/home/serafim/eps/FGAInova-Front/src/pages/Home/index.tsx",
    "statementMap": {
      "0": {
        "start": {
          "line": 5,
          "column": 20
        },
        "end": {
          "line": 27,
          "column": 1
        }
      },
      "1": {
        "start": {
          "line": 6,
          "column": 2
        },
        "end": {
          "line": 26,
          "column": 11
        }
      }
    },
    "fnMap": {
      "0": {
        "name": "(anonymous_0)",
        "decl": {
          "start": {
            "line": 5,
            "column": 20
          },
          "end": {
            "line": 5,
            "column": 21
          }
        },
        "loc": {
          "start": {
            "line": 5,
            "column": 26
          },
          "end": {
            "line": 27,
            "column": 1
          }
        },
        "line": 5
      }
    },
    "branchMap": {},
    "s": {
      "0": 12,
      "1": 12
    },
    "f": {
      "0": 12
    },
    "b": {},
    "inputSourceMap": {
      "version": 3,
      "sources": [
        "/home/serafim/eps/FGAInova-Front/src/pages/Home/index.tsx"
      ],
      "mappings": "AAMI,mBACE,cADF;AANJ,OAAO,WAAW;AAClB,OAAO,gBAAgB;AACvB,OAAO,kBAAkB;AAElB,aAAM,OAAO,MAAM;AACxB,SACE,mCACE;AAAA,2BAAC,gBAAD;AAAA;AAAA;AAAA;AAAA,WAAY;AAAA,IACZ,uBAAC,kBAAD;AAAA;AAAA;AAAA;AAAA,WAAa;AAAA,IACb,uBAAC,WAAD;AAAA;AAAA;AAAA;AAAA,WAAO;AAAA,OAHT;AAAA;AAAA;AAAA;AAAA,SAIA;AAEJ;",
      "names": []
    },
    "_coverageSchema": "1a1c01bbd47fc00a2c39e90264f33305004495a9",
    "hash": "2b95975946169335d707c637606da5fda3a089b8"
  },
  "/home/serafim/eps/FGAInova-Front/src/pages/Cadastro/index.tsx": {
    "path": "/home/serafim/eps/FGAInova-Front/src/pages/Cadastro/index.tsx",
    "statementMap": {
      "0": {
        "start": {
          "line": 21,
          "column": 16
        },
        "end": {
          "line": 42,
          "column": 1
        }
      },
      "1": {
        "start": {
          "line": 44,
          "column": 16
        },
        "end": {
          "line": 44,
          "column": 26
        }
      },
      "2": {
        "start": {
          "line": 45,
          "column": 19
        },
        "end": {
          "line": 45,
          "column": 32
        }
      },
      "3": {
        "start": {
          "line": 46,
          "column": 34
        },
        "end": {
          "line": 50,
          "column": 4
        }
      },
      "4": {
        "start": {
          "line": 51,
          "column": 29
        },
        "end": {
          "line": 51,
          "column": 38
        }
      },
      "5": {
        "start": {
          "line": 52,
          "column": 2
        },
        "end": {
          "line": 56,
          "column": 23
        }
      },
      "6": {
        "start": {
          "line": 53,
          "column": 4
        },
        "end": {
          "line": 55,
          "column": 5
        }
      },
      "7": {
        "start": {
          "line": 54,
          "column": 6
        },
        "end": {
          "line": 54,
          "column": 26
        }
      },
      "8": {
        "start": {
          "line": 57,
          "column": 23
        },
        "end": {
          "line": 63,
          "column": 3
        }
      },
      "9": {
        "start": {
          "line": 58,
          "column": 28
        },
        "end": {
          "line": 58,
          "column": 36
        }
      },
      "10": {
        "start": {
          "line": 59,
          "column": 4
        },
        "end": {
          "line": 62,
          "column": 8
        }
      },
      "11": {
        "start": {
[...]
CAAC,aAAU,yBAAX;AAAA;AAAA;AAAA;AAAA,mBAAoB;AAAA,YACpB;AAAA,cAAC;AAAA;AAAA,gBACC,OAAO;AAAA,gBACP,UAAU,CAAC,MAAM,aAAa,EAAE,OAAO,KAAK;AAAA,gBAC5C,aAAY;AAAA;AAAA,cAHd;AAAA;AAAA;AAAA;AAAA;AAAA;AAAA;AAAA;AAAA,YAIA;AAAA,eANF;AAAA;AAAA;AAAA;AAAA,iBAOA;AAAA,UACA,uBAAC,eACC;AAAA,mCAAC,aAAU,+BAAX;AAAA;AAAA;AAAA;AAAA,mBAA0B;AAAA,YAC1B;AAAA,cAAC;AAAA;AAAA,gBACC,OAAO;AAAA,gBACP,UAAU,CAAC,MAAM,kBAAkB,EAAE,OAAO,KAAK;AAAA,gBACjD,aAAY;AAAA;AAAA,cAHd;AAAA;AAAA;AAAA;AAAA;AAAA;AAAA;AAAA;AAAA,YAIA;AAAA,eANF;AAAA;AAAA;AAAA;AAAA,iBAOA;AAAA,UACA,uBAAC,eACC;AAAA,mCAAC,aAAU,+BAAX;AAAA;AAAA;AAAA;AAAA,mBAA0B;AAAA,YAC1B;AAAA,cAAC;AAAA;AAAA,gBACC,OAAO;AAAA,gBACP,UAAU,CAAC,MAAM,aAAa,EAAE,OAAO,KAAK;AAAA,gBAC5C,aAAY;AAAA;AAAA,cAHd;AAAA;AAAA;AAAA;AAAA;AAAA;AAAA;AAAA;AAAA,YAIA;AAAA,eANF;AAAA;AAAA;AAAA;AAAA,iBAOA;AAAA,UAEA,uBAAC,eACC;AAAA,mCAAC,aAAU,oBAAX;AAAA;AAAA;AAAA;AAAA,mBAAe;AAAA,YACf,uBAAC,YAAS,OAAO,MAAM,UAAU,mBAAjC;AAAA;AAAA;AAAA;AAAA,mBAAkD;AAAA,YAClD,uBAAC,OAAE;AAAA;AAAA,cAAc,KAAK,IAAI,CAAC,QAAQ,IAAI,IAAI,EAAE,KAAK,IAAI;AAAA,iBAAtD;AAAA;AAAA;AAAA;AAAA,mBAAwD;AAAA,eAH1D;AAAA;AAAA;AAAA;AAAA,iBAIA;AAAA,UAEA,uBAAC,eACC;AAAA,mCAAC,aAAU,wCAAX;AAAA;AAAA;AAAA;AAAA,mBAAmC;AAAA,YACnC,uBAAC,cACC;AAAA;AAAA,gBAAC;AAAA;AAAA,kBACC,eAAc;AAAA,kBACd,UAAU,uBAAC,gBAAD;AAAA;AAAA;AAAA;AAAA,yBAAY;AAAA;AAAA,gBAFxB;AAAA;AAAA;AAAA;AAAA;AAAA;AAAA;AAAA;AAAA,cAGA;AAAA,cACA;AAAA,gBAAC;AAAA;AAAA,kBACC,MAAK;AAAA,kBACL,OAAO,kBAAkB;AAAA,kBACzB,UAAU;AAAA,kBACV,aAAY;AAAA;AAAA,gBAJd;AAAA;AAAA;AAAA;AAAA;AAAA;AAAA;AAAA;AAAA,cAKA;AAAA,iBAVF;AAAA;AAAA;AAAA;AAAA,mBAWA;AAAA,YACA,uBAAC,cAAW,IAAI,GACd;AAAA;AAAA,gBAAC;AAAA;AAAA,kBACC,eAAc;AAAA,kBACd,UAAU,uBAAC,eAAD;AAAA;AAAA;AAAA;AAAA,yBAAW;AAAA;AAAA,gBAFvB;AAAA;AAAA;AAAA;AAAA;AAAA;AAAA;AAAA;AAAA,cAGA;AAAA,cACA;AAAA,gBAAC;AAAA;AAAA,kBACC,MAAK;AAAA,kBACL,OAAO,kBAAkB;AAAA,kBACzB,UAAU;AAAA,kBACV,aAAY;AAAA;AAAA,gBAJd;AAAA;AAAA;AAAA;AAAA;AAAA;AAAA;AAAA;AAAA,cAKA;AAAA,iBAVF;AAAA;AAAA;AAAA;AAAA,mBAWA;AAAA,YACA,uBAAC,cAAW,IAAI,GACd;AAAA;AAAA,gBAAC;AAAA;AAAA,kBACC,eAAc;AAAA,kBACd,UAAU,uBAAC,iBAAD;AAAA;AAAA;AAAA;AAAA,yBAAa;AAAA;AAAA,gBAFzB;AAAA;AAAA;AAAA;AAAA;AAAA;AAAA;AAAA;AAAA,cAGA;AAAA,cACA;AAAA,gBAAC;AAAA;AAAA,kBACC,MAAK;AAAA,kBACL,OAAO,kBAAkB;AAAA,kBACzB,UAAU;AAAA,kBACV,aAAY;AAAA;AAAA,gBAJd;AAAA;AAAA;AAAA;AAAA;AAAA;AAAA;AAAA;AAAA,cAKA;AAAA,iBAVF;AAAA;AAAA;AAAA;AAAA,mBAWA;AAAA,YACA,uBAAC,cAAW,IAAI,GACd;AAAA;AAAA,gBAAC;AAAA;AAAA,kBACC,eAAc;AAAA,kBACd,UAAU,uBAAC,gBAAD;AAAA;AAAA;AAAA;AAAA,yBAAY;AAAA;AAAA,gBAFxB;AAAA;AAAA;AAAA;AAAA;AAAA;AAAA;AAAA;AAAA,cAGA;AAAA,cACA;AAAA,gBAAC;AAAA;AAAA,kBACC,MAAK;AAAA,kBACL,OAAO,kBAAkB;AAAA,kBACzB,UAAU;AAAA,kBACV,aAAY;AAAA;AAAA,gBAJd;AAAA;AAAA;AAAA;AAAA;AAAA;AAAA;AAAA;AAAA,cAKA;AAAA,iBAVF;AAAA;AAAA;AAAA;AAAA,mBAWA;AAAA,YACA,uBAAC,cAAW,IAAI,GACd;AAAA;AAAA,gBAAC;AAAA;AAAA,kBACC,eAAc;AAAA,kBACd,UAAU,uBAAC,eAAD;AAAA;AAAA;AAAA;AAAA,yBAAW;AAAA;AAAA,gBAFvB;AAAA;AAAA;AAAA;AAAA;AAAA;AAAA;AAAA;AAAA,cAGA;AAAA,cACA;AAAA,gBAAC;AAAA;AAAA,kBACC,MAAK;AAAA,kBACL,OAAO,kBAAkB;AAAA,kBACzB,UAAU;AAAA,kBACV,aAAY;AAAA;AAAA,gBAJd;AAAA;AAAA;AAAA;AAAA;AAAA;AAAA;AAAA;AAAA,cAKA;AAAA,iBAVF;AAAA;AAAA;AAAA;AAAA,mBAWA;AAAA,eA7DF;AAAA;AAAA;AAAA;AAAA,iBA8DA;AAAA,UAEA;AAAA,YAAC;AAAA;AAAA,cACC,MAAK;AAAA,cACL,aAAY;AAAA,cACZ,MAAK;AAAA,cACL,IAAI;AAAA,cACJ,GAAG;AAAA,cAEF,eAAK,sBAAsB;AAAA;AAAA,YAP9B;AAAA;AAAA;AAAA;AAAA;AAAA;AAAA;AAAA;AAAA,UAQA;AAAA;AAAA;AAAA,MAvHF;AAAA;AAAA;AAAA;AAAA;AAAA;AAAA;AAAA;AAAA,IAwHA;AAAA,OA5HF;AAAA;AAAA;AAAA;AAAA,SA6HA,KA9HF;AAAA;AAAA;AAAA;AAAA,SA+HA,KAhIF;AAAA;AAAA;AAAA;AAAA,SAiIA;AAEJ;AAEA,eAAe;",
      "names": [
        "titulo",
        "descricao",
        "descricaoCurta",
        "linksRedesSociais",
        "linkVideo",
        "tags"
      ]
    },
    "_coverageSchema": "1a1c01bbd47fc00a2c39e90264f33305004495a9",
    "hash": "51d16f784161cb1352e15c5e8c5005e67a97b9de"
  },
  "/home/serafim/eps/FGAInova-Front/src/pages/ProjetoView/index.tsx": {
    "path": "/home/serafim/eps/FGAInova-Front/src/pages/ProjetoView/index.tsx",
    "statementMap": {
      "0": {
        "start": {
          "line": 6,
          "column": 20
        },
        "end": {
          "line": 96,
          "column": 1
        }
      },
      "1": {
        "start": {
          "line": 7,
          "column": 17
        },
        "end": {
          "line": 7,
          "column": 28
        }
      },
      "2": {
        "start": {
          "line": 8,
          "column": 32
        },
        "end": {
          "line": 8,
          "column": 42
        }
      },
      "3": {
        "start": {
          "line": 9,
          "column": 2
        },
        "end": {
          "line": 16,
          "column": 11
        }
      },
      "4": {
        "start": {
          "line": 10,
          "column": 25
        },
        "end": {
          "line": 14,
          "column": 5
        }
      },
      "5": {
        "start": {
          "line": 11,
          "column": 23
        },
        "end": {
          "line": 11,
          "column": 62
        }
      },
      "6": {
        "start": {
          "line": 12,
          "column": 19
        },
        "end": {
          "line": 12,
          "column": 38
        }
      },
      "7": {
        "start": {
          "line": 13,
          "column": 6
        },
        "end": {
          "line": 13,
          "column": 23
        }
      },
      "8": {
        "start": {
          "line": 15,
          "column": 4
        },
        "end": {
          "line": 15,
          "column": 19
        }
      },
      "9": {
        "start": {
          "line": 17,
          "column": 2
        },
        "end": {
          "line": 23,
          "column": 3
        }
      },
      "10": {
        "start": {
          "line": 18,
          "column": 4
        },
        "end": {
          "line": 22,
          "column": 13
        }
      },
      "11": {
        "start": {
          "line": 24,
          "column": 2
        },
        "end": {
          "line": 95,
          "column": 11
        }
      },
      "12": {
        "start": {
          "line": 35,
          "column": 119
        },
        "end": {
          "line": 39,
          "column": 12
        }
      }
    },
    "fnMap": {
      "0": {
        "name": "(anonymous_0)",
        "decl": {
          "start": {
            "line": 6,
            "column": 20
          },
          "end": {
            "line": 6,
            "column": 21
          }
        },
        "loc": {
          "start": {
            "line": 6,
            "column": 26
          },
          "end": {
            "line": 96,
            "column": 1
          }
        },
        "line": 6
      },
      "1": {
        "name": "(anonymous_1)",
        "decl": {
          "start": {
            "line": 9,
            "column": 12
          },
          "end": {
            "line": 9,
            "column": 13
          }
        },
        "loc": {
          "start": {
            "line": 9,
            "column": 18
          },
          "end": {
            "line": 16,
            "column": 3
          }
        },
        "line": 9
      },
      "2": {
        "name": "(anonymous_2)",
        "decl": {
          "start": {
            "line": 10,
            "column": 25
          },
          "end": {
            "line": 10,
            "column": 26
          }
        },
        "loc": {
          "start": {
            "line": 10,
            "column": 37
          },
          "end": {
            "line": 14,
            "column": 5
          }
        },
        "line": 10
      },
      "3": {
        "name": "(anonymous_3)",
        "decl": {
          "start": {
            "line": 35,
            "column": 87
          },
          "end": {
            "line": 35,
            "column": 88
          }
        },
        "loc": {
          "start": {
            "line": 35,
            "column": 119
          },
          "end": {
            "line": 39,
            "column": 12
          }
        },
        "line": 35
      }
    },
    "branchMap": {
      "0": {
        "loc": {
          "start": {
            "line": 17,
            "column": 2
          },
          "end": {
            "line": 23,
            "column": 3
          }
        },
        "type": "if",
        "locations": [
          {
            "start": {
              "line": 17,
              "column": 2
            },
            "end": {
              "line": 23,
              "column": 3
            }
          },
          {
            "start": {},
            "end": {}
          }
        ],
        "line": 17
      },
      "1": {
        "loc": {
          "start": {
            "line": 45,
            "column": 6
          },
          "end": {
            "line": 49,
            "column": 14
          }
        },
        "type": "binary-expr",
        "locations": [
          {
            "start": {
              "line": 45,
              "column": 6
            },
            "end": {
              "line": 45,
              "column": 40
            }
          },
          {
            "start": {
              "line": 45,
              "column": 60
            },
            "end": {
              "line": 49,
              "column": 14
            }
          }
        ],
        "line": 45
      },
      "2": {
        "loc": {
          "start": {
            "line": 50,
            "column": 6
          },
          "end": {
            "line": 54,
            "column": 14
          }
        },
        "type": "binary-expr",
        "locations": [
          {
            "start": {
              "line": 50,
              "column": 6
            },
            "end": {
              "line": 50,
              "column": 39
            }
          },
          {
            "start": {
              "line": 50,
              "column": 59
            },
            "end": {
              "line": 54,
              "column": 14
            }
          }
        ],
        "line": 50
      },
      "3": {
        "loc": {
          "start": {
            "line": 55,
            "column": 6
          },
          "end": {
            "line": 59,
            "column": 14
          }
        },
        "type": "binary-expr",
        "locations": [
          {
            "start": {
              "line": 55,
              "column": 6
            },
            "end": {
              "line": 55,
              "column": 41
            }
          },
          {
            "start": {
              "line": 55,
              "column": 61
            },
            "end": {
              "line": 59,
              "column": 14
            }
          }
        ],
        "line": 55
      },
      "4": {
        "loc": {
          "start": {
            "line": 60,
            "column": 6
          },
          "end": {
            "line": 64,
            "column": 14
          }
        },
        "type": "binary-expr",
        "locations": [
          {
            "start": {
              "line": 60,
              "column": 6
            },
            "end": {
              "line": 60,
              "column": 40
            }
          },
          {
            "start": {
              "line": 60,
              "column": 60
            },
            "end": {
              "line": 64,
              "column": 14
            }
          }
        ],
        "line": 60
      },
      "5": {
        "loc": {
          "start": {
            "line": 65,
            "column": 6
          },
          "end": {
            "line": 69,
            "column": 14
          }
        },
        "type": "binary-expr",
        "locations": [
          {
            "start": {
              "line": 65,
              "column": 6
            },
            "end": {
              "line": 65,
              "column": 39
            }
          },
          {
            "start": {
              "line": 65,
              "column": 59
            },
            "end": {
              "line": 69,
              "column": 14
            }
          }
        ],
        "line": 65
      },
      "6": {
        "loc": {
          "start": {
            "line": 75,
            "column": 4
          },
          "end": {
            "line": 90,
            "column": 12
          }
        },
        "type": "binary-expr",
        "locations": [
          {
            "start": {
              "line": 75,
              "column": 4
            },
            "end": {
              "line": 75,
              "column": 21
            }
          },
          {
            "start": {
              "line": 75,
              "column": 41
            },
            "end": {
              "line": 90,
              "column": 12
            }
          }
        ],
        "line": 75
      }
    },
    "s": {
      "0": 12,
      "1": 4,
      "2": 4,
      "3": 4,
      "4": 4,
      "5": 4,
      "6": 0,
      "7": 0,
      "8": 4,
      "9": 4,
      "10": 4,
      "11": 0,
      "12": 0
    },
    "f": {
      "0": 4,
      "1": 4,
      "2": 4,
      "3": 0
    },
    "b": {
      "0": [
        4,
        0
      ],
      "1": [
        0,
        0
      ],
      "2": [
        0,
        0
      ],
      "3": [
        0,
        0
      ],
      "4": [
        0,
        0
      ],
      "5": [
        0,
        0
      ],
      "6": [
        0,
        0
      ]
    },
    "inputSourceMap": {
      "version": 3,
      "sources": [
        "/home/serafim/eps/FGAInova-Front/src/pages/ProjetoView/index.tsx"
      ],
      "mappings": "AAsBW;AAtBX,SAAS,WAAW,gBAAgB;AACpC,SAAS,iBAAiB;AAC1B,SAAS,KAAK,SAAS,MAAM,MAAM,KAAK,QAAQ,QAAQ,iBAAiB;AAEzE,OAAO,SAAS;AAEhB,MAAM,cAAc,MAAM;AACxB,QAAM,EAAE,GAAG,IAAI,UAAU;AACzB,QAAM,CAAC,SAAS,UAAU,IAAI,SAAmB;AAEnD,YAAU,MAAM;AACZ,UAAM,eAAe,YAAY;AAE7B,YAAM,WAAW,MAAM,IAAI,IAAI,oBAAoB,EAAE,EAAE;AACvD,YAAM,OAAO,MAAM,SAAS;AAC5B,iBAAW,IAAI;AAAA,IACnB;AAEA,iBAAa;AAAA,EACjB,GAAG,CAAC,EAAE,CAAC;AAEP,MAAI,CAAC,SAAS;AACV,WAAO,uBAAC,QAAK,0BAAN;AAAA;AAAA;AAAA;AAAA,WAAgB;AAAA,EAC3B;AAEE,SACE,uBAAC,aAAU,MAAM,OAAO,GAAE,MAAK,MAAM,SACnC;AAAA,2BAAC,WAAQ,IAAI,GAAI,kBAAQ,UAAzB;AAAA;AAAA;AAAA;AAAA,WAAgC;AAAA,IAEhC,uBAAC,QAAK,WAAW,WAAW,IAAI,GAAI,kBAAQ,aAA5C;AAAA;AAAA;AAAA;AAAA,WAAsD;AAAA,IACtD,uBAAC,UAAO,OAAM,SAAQ,IAAI,GACvB,kBAAQ,KAAK,IAAI,CAAC,KAAK,UACtB,uBAAC,OAAiB,iBAAR,OAAV;AAAA;AAAA;AAAA;AAAA,WAAsB,CACvB,KAHH;AAAA;AAAA;AAAA;AAAA,WAIA;AAAA,IACA,uBAAC,UAAO,SAAS,GACd;AAAA,cAAQ,kBAAkB,YACzB,uBAAC,QAAK,MAAM,QAAQ,kBAAkB,UAAU,YAAU,MAAC,wBAA3D;AAAA;AAAA;AAAA;AAAA,aAEA;AAAA,MAED,QAAQ,kBAAkB,WACzB,uBAAC,QAAK,MAAM,QAAQ,kBAAkB,SAAS,YAAU,MAAC,uBAA1D;AAAA;AAAA;AAAA;AAAA,aAEA;AAAA,MAED,QAAQ,kBAAkB,aACzB,uBAAC,QAAK,MAAM,QAAQ,kBAAkB,WAAW,YAAU,MAAC,yBAA5D;AAAA;AAAA;AAAA;AAAA,aAEA;AAAA,MAED,QAAQ,kBAAkB,YACzB,uBAAC,QAAK,MAAM,QAAQ,kBAAkB,UAAU,YAAU,MAAC,wBAA3D;AAAA;AAAA;AAAA;AAAA,aAEA;AAAA,MAED,QAAQ,kBAAkB,WACzB,uBAAC,QAAK,MAAM,QAAQ,kBAAkB,SAAS,YAAU,MAAC,uBAA1D;AAAA;AAAA;AAAA;AAAA,aAEA;AAAA,SAxBJ;AAAA;AAAA;AAAA;AAAA,WA0BA;AAAA,IACC,QAAQ,aACP,uBAAC,OAAI,IAAI,GACP;AAAA,6BAAC,QAAK,8BAAN;AAAA;AAAA;AAAA;AAAA,aAAoB;AAAA,MACpB,uBAAC,QAAK,MAAM,QAAQ,WAAW,YAAU,MACtC,kBAAQ,aADX;AAAA;AAAA;AAAA;AAAA,aAEA;AAAA,SAJF;AAAA;AAAA;AAAA;AAAA,WAKA;AAAA,OA1CJ;AAAA;AAAA;AAAA;AAAA,SA4CA;AAEJ;AAEA,eAAe;",
      "names": []
    },
    "_coverageSchema": "1a1c01bbd47fc00a2c39e90264f33305004495a9",
    "hash": "f1a936abff38001d690f90232e28087afe93ff94"
  },
  "/home/serafim/eps/FGAInova-Front/src/routes/index.tsx": {
    "path": "/home/serafim/eps/FGAInova-Front/src/routes/index.tsx",
    "statementMap": {
      "0": {
        "start": {
          "line": 16,
          "column": 26
        },
        "end": {
          "line": 180,
          "column": 1
        }
      },
      "1": {
        "start": {
          "line": 17,
          "column": 2
        },
        "end": {
          "line": 179,
          "column": 11
        }
      }
    },
    "fnMap": {
      "0": {
        "name": "(anonymous_0)",
        "decl": {
          "start": {
            "line": 16,
            "column": 26
          },
          "end": {
            "line": 16,
            "column": 27
          }
        },
        "loc": {
          "start": {
            "line": 16,
            "column": 32
          },
          "end": {
            "line": 180,
            "column": 1
          }
        },
        "line": 16
      }
    },
    "branchMap": {},
    "s": {
      "0": 8,
      "1": 24
    },
    "f": {
      "0": 24
    },
    "b": {},
    "inputSourceMap": {
      "version": 3,
      "sources": [
        "/home/serafim/eps/FGAInova-Front/src/routes/index.tsx"
      ],
      "mappings": "AA6CM;AA7CN,SAAS,iBAAiB,QAAQ,QAAQ,aAAa;AACvD,OAAO,YAAY;AACnB,OAAO,YAAY;AACnB,SAAS,YAAY;AACrB,OAAO,cAAc;AACrB,OAAO,WAAW;AAClB,OAAO,cAAc;AACrB,OAAO,gBAAgB;AACvB,OAAO,cAAc;AACrB,OAAO,WAAW;AAClB,SAAS,uBAAuB;AAChC,OAAO,YAAY;AACnB,OAAO,iBAAiB;AACxB,OAAO,iBAAiB;AAEjB,aAAM,aAAa,MAAM;AA4B9B,SACE,uBAAC,UACC;AAAA,2BAAC,YAAD;AAAA;AAAA;AAAA;AAAA,WAAQ;AAAA,IACR,uBAAC,UACC;AAAA,6BAAC,SAAM,MAAK,KAAI,SAAS,uBAAC,UAAD;AAAA;AAAA;AAAA;AAAA,aAAM,KAA/B;AAAA;AAAA;AAAA;AAAA,aAAmC;AAAA,MACnC,uBAAC,SAAM,MAAK,aAAY,SAAS,uBAAC,cAAD;AAAA;AAAA;AAAA;AAAA,aAAU,KAA3C;AAAA;AAAA;AAAA;AAAA,aAA+C;AAAA,MAC/C,uBAAC,SAAM,MAAK,UAAS,SAAS,uBAAC,WAAD;AAAA;AAAA;AAAA;AAAA,aAAO,KAArC;AAAA;AAAA;AAAA;AAAA,aAAyC;AAAA,MAEzC,uBAAC,SAAM,MAAK,aAAY,SAAS,uBAAC,cAAD;AAAA;AAAA;AAAA;AAAA,aAAU,KAA3C;AAAA;AAAA;AAAA;AAAA,aAA+C;AAAA,MAE/C,uBAAC,SAAM,MAAK,UAAS,SAAS,uBAAC,WAAD;AAAA;AAAA;AAAA;AAAA,aAAO,KAArC;AAAA;AAAA;AAAA;AAAA,aAAyC;AAAA,MACzC,uBAAC,SAAM,MAAK,eAAc,SAAS,uBAAC,gBAAD;AAAA;AAAA;AAAA;AAAA,aAAY,KAA/C;AAAA;AAAA;AAAA;AAAA,aAAmD;AAAA,MACnD,uBAAC,SAAM,MAAK,gBAAe,SAAS,uBAAC,iBAAD;AAAA;AAAA;AAAA;AAAA,aAAY,KAAhD;AAAA;AAAA;AAAA;AAAA,aAAoD;AAAA,MAEpD;AAAA,QAAC;AAAA;AAAA,UACC,MAAK;AAAA,UACL,SACE,uBAAC,mBACC,iCAAC,YAAD;AAAA;AAAA;AAAA;AAAA,iBAAQ,KADV;AAAA;AAAA;AAAA;AAAA,iBAEA;AAAA;AAAA,QALJ;AAAA;AAAA;AAAA;AAAA;AAAA;AAAA;AAAA;AAAA,MAOA;AAAA,MAGA;AAAA,QAAC;AAAA;AAAA,UACC,MAAK;AAAA,UACL,SACE,uBAAC,mBACC,iCAAC,iBAAD;AAAA;AAAA;AAAA;AAAA,iBAAa,KADf;AAAA;AAAA;AAAA;AAAA,iBAEA;AAAA;AAAA,QALJ;AAAA;AAAA;AAAA;AAAA;AAAA;AAAA;AAAA;AAAA,MAOA;AAAA,MAEA;AAAA,QAAC;AAAA;AAAA,UACC,MAAK;AAAA,UACL,SACE,uBAAC,mBACC,iCAAC,iBAAD;AAAA;AAAA;AAAA;AAAA,iBAAa,KADf;AAAA;AAAA;AAAA;AAAA,iBAEA;AAAA;AAAA,QALJ;AAAA;AAAA;AAAA;AAAA;AAAA;AAAA;AAAA;AAAA,MAOA;AAAA,MAEA,uBAAC,SAAM,MAAK,KAAI,SAAS,uBAAC,cAAD;AAAA;AAAA;AAAA;AAAA,aAAU,KAAnC;AAAA;AAAA;AAAA;AAAA,aAAuC;AAAA,SAvCzC;AAAA;AAAA;AAAA;AAAA,WAwCA;AAAA,IACA,uBAAC,YAAD;AAAA;AAAA;AAAA;AAAA,WAAQ;AAAA,OA3CV;AAAA;AAAA;AAAA;AAAA,SA4CA;AAEJ;",
      "names": []
    },
    "_coverageSchema": "1a1c01bbd47fc00a2c39e90264f33305004495a9",
    "hash": "ededae568b4e29d8cbc4ffdff48ef1ced73bd755"
  },
  "/home/serafim/eps/FGAInova-Front/src/App.tsx": {
    "path": "/home/serafim/eps/FGAInova-Front/src/App.tsx",
    "statementMap": {
      "0": {
        "start": {
          "line": 5,
          "column": 2
        },
        "end": {
          "line": 17,
          "column": 11
        }
      }
    },
    "fnMap": {
      "0": {
        "name": "App",
        "decl": {
          "start": {
            "line": 4,
            "column": 9
          },
          "end": {
            "line": 4,
            "column": 12
          }
        },
        "loc": {
          "start": {
            "line": 4,
            "column": 15
          },
          "end": {
            "line": 18,
            "column": 1
          }
        },
        "line": 4
      }
    },
    "branchMap": {},
    "s": {
      "0": 12
    },
    "f": {
      "0": 12
    },
    "b": {},
    "inputSourceMap": {
      "version": 3,
      "sources": [
        "/home/serafim/eps/FGAInova-Front/src/App.tsx"
      ],
      "mappings": "AAKI,mBAEI,cAFJ;AALJ,SAAS,mBAAmB;AAC5B,SAAS,kBAAkB;AAE3B,SAAS,MAAM;AACb,SACE,mCACE,iCAAC,eACC,iCAAC,gBAAD;AAAA;AAAA;AAAA;AAAA,SAAY,KADd;AAAA;AAAA;AAAA;AAAA,SAEA,KAHF;AAAA;AAAA;AAAA;AAAA,SAIA;AAEJ;AAEA,eAAe;",
      "names": []
    },
    "_coverageSchema": "1a1c01bbd47fc00a2c39e90264f33305004495a9",
    "hash": "d1640a4773bd2007be36634ccda1af8c424a96d2"
  }
}