{
  "/home/serafim/eps/FGAInova-Front/src/context/AuthContext/index.tsx": {
    "path": "/home/serafim/eps/FGAInova-Front/src/context/AuthContext/index.tsx",
    "statementMap": {
      "0": {
        "start": {
          "line": 3,
          "column": 20
        },
        "end": {
          "line": 3,
          "column": 97
        }
      },
      "1": {
        "start": {
          "line": 6,
          "column": 0
        },
        "end": {
          "line": 16,
          "column": 1
        }
      },
      "2": {
        "start": {
          "line": 7,
          "column": 2
        },
        "end": {
          "line": 9,
          "column": 3
        }
      },
      "3": {
        "start": {
          "line": 8,
          "column": 4
        },
        "end": {
          "line": 8,
          "column": 165
        }
      },
      "4": {
        "start": {
          "line": 10,
          "column": 2
        },
        "end": {
          "line": 10,
          "column": 39
        }
      },
      "5": {
        "start": {
          "line": 11,
          "column": 2
        },
        "end": {
          "line": 11,
          "column": 39
        }
      },
      "6": {
        "start": {
          "line": 12,
          "column": 2
        },
        "end": {
          "line": 14,
          "column": 4
        }
      },
      "7": {
        "start": {
          "line": 13,
          "column": 4
        },
        "end": {
          "line": 13,
          "column": 110
        }
      },
      "8": {
        "start": {
          "line": 15,
          "column": 2
        },
        "end": {
          "line": 15,
          "column": 75
        }
      },
      "9": {
        "start": {
          "line": 17,
          "column": 9
        },
        "end": {
          "line": 17,
          "column": 23
        }
      },
      "10": {
        "start": {
          "line": 17,
          "column": 31
        },
        "end": {
          "line": 17,
          "column": 45
        }
      },
      "11": {
        "start": {
          "line": 19,
          "column": 20
        },
        "end": {
          "line": 19,
          "column": 41
        }
      },
      "12": {
        "start": {
          "line": 20,
          "column": 21
        },
        "end": {
          "line": 85,
          "column": 1
        }
      },
      "13": {
        "start": {
          "line": 21,
          "column": 2
        },
        "end": {
          "line": 21,
          "column": 7
        }
      },
      "14": {
        "start": {
          "line": 22,
          "column": 46
        },
        "end": {
          "line": 22,
          "column": 61
        }
      },
      "15": {
        "start": {
          "line": 23,
          "column": 26
        },
        "end": {
          "line": 28,
          "column": 4
        }
      },
      "16": {
        "start": {
          "line": 29,
          "column": 28
        },
        "end": {
          "line": 29,
          "column": 44
        }
      },
      "17": {
        "start": {
          "line": 30,
          "column": 34
        },
        "end": {
          "line": 30,
          "column": 46
        }
      },
      "18": {
        "start": {
          "line": 31,
          "column": 28
        },
        "end": {
          "line": 42,
          "column": 4
        }
      },
      "19": {
        "start": {
          "line": 43,
          "column": 2
        },
        "end": {
          "line": 53,
          "column": 41
        }
      },
      "20": {
        "start": {
          "line": 44,
          "column": 21
        },
        "end": {
          "line": 44,
          "column": 52
        }
      },
      "21": {
        "start": {
          "line": 45,
          "column": 22
        },
        "end": {
          "line": 45,
          "column": 54
        }
      },
      "22": {
        "start": {
          "line": 46,
          "column": 17
        },
        "end": {
          "line": 46,
          "column": 37
        }
      },
      "23": {
        "start": {
          "line": 47,
          "column": 22
        },
        "end": {
          "line": 47,
          "column": 43
        }
      },
      "24": {
        "start": {
          "line": 48,
          "column": 4
        },
        "end": {
          "line": 52,
          "column": 5
        }
      },
      "25": {
        "start": {
          "line": 49,
          "column": 6
        },
        "end": {
          "line": 49,
          "column": 30
        }
      },
      "26": {
        "start": {
          "line": 50,
          "column": 6
        },
        "end": {
          "line": 50,
          "column": 20
        }
      },
      "27": {
        "start": {
          "line": 51,
          "column": 6
        },
        "end": {
          "line": 51,
          "column": 26
        }
      },
      "28": {
        "start": {
          "line": 54,
          "column": 17
        },
        "end": {
          "line": 58,
          "column": 3
        }
      },
      "29": {
        "start": {
          "line": 55,
          "column": 4
        },
        "end": {
          "line": 55,
          "column": 29
        }
      },
      "30": {
        "start": {
          "line": 56,
          "column": 4
        },
        "end": {
          "line": 56,
          "column": 39
        }
      },
      "31": {
        "start": {
          "line": 57,
          "column": 4
        },
        "end": {
          "line": 57,
          "column": 40
        }
      },
      "32": {
        "start": {
          "line": 59,
          "column": 2
        },
        "end": {
          "line": 84,
          "column": 4
        }
      },
      "33": {
        "start": {
          "line": 86,
          "column": 0
        },
        "end": {
          "line": 86,
          "column": 49
        }
      },
      "34": {
        "start": {
          "line": 87,
          "column": 0
        },
        "end": {
          "line": 87,
          "column": 18
        }
      },
      "35": {
        "start": {
          "line": 89,
          "column": 2
        },
        "end": {
          "line": 89,
          "column": 8
        }
      },
      "36": {
        "start": {
          "line": 90,
          "column": 18
        },
        "end": {
          "line": 90,
          "column": 41
        }
      },
      "37": {
        "start": {
          "line": 91,
          "column": 2
        },
        "end": {
          "line": 93,
          "column": 3
        }
      },
      "38": {
        "start": {
          "line": 92,
          "column": 4
        },
        "end": {
          "line": 92,
          "column": 67
        }
      },
      "39": {
        "start": {
          "line": 94,
          "column": 2
        },
        "end": {
          "line": 94,
          "column": 17
        }
      },
      "40": {
        "start": {
          "line": 96,
          "column": 0
        },
        "end": {
          "line": 96,
          "column": 45
        }
      },
      "41": {
        "start": {
          "line": 99,
          "column": 0
        },
        "end": {
          "line": 99,
          "column": 33
        }
      },
      "42": {
        "start": {
          "line": 100,
          "column": 0
        },
        "end": {
          "line": 103,
          "column": 1
        }
      },
      "43": {
        "start": {
          "line": 101,
          "column": 2
        },
        "end": {
          "line": 101,
          "column": 39
        }
      },
      "44": {
        "start": {
          "line": 102,
          "column": 2
        },
        "end": {
          "line": 102,
          "column": 39
        }
      },
      "45": {
        "start": {
          "line": 104,
          "column": 0
        },
        "end": {
          "line": 115,
          "column": 1
        }
      },
      "46": {
        "start": {
          "line": 105,
          "column": 2
        },
        "end": {
          "line": 114,
          "column": 5
        }
      },
      "47": {
        "start": {
          "line": 106,
          "column": 4
        },
        "end": {
          "line": 106,
          "column": 136
        }
      },
      "48": {
        "start": {
          "line": 107,
          "column": 4
        },
        "end": {
          "line": 113,
          "column": 7
        }
      },
      "49": {
        "start": {
          "line": 108,
          "column": 6
        },
        "end": {
          "line": 109,
          "column": 15
        }
      },
      "50": {
        "start": {
          "line": 109,
          "column": 8
        },
        "end": {
          "line": 109,
          "column": 15
        }
      },
      "51": {
        "start": {
          "line": 110,
          "column": 32
        },
        "end": {
          "line": 110,
          "column": 115
        }
      },
      "52": {
        "start": {
          "line": 111,
          "column": 6
        },
        "end": {
          "line": 112,
          "column": 54
        }
      },
      "53": {
        "start": {
          "line": 112,
          "column": 8
        },
        "end": {
          "line": 112,
          "column": 54
        }
      }
    },
    "fnMap": {
      "0": {
        "name": "(anonymous_0)",
        "decl": {
          "start": {
            "line": 12,
            "column": 24
          },
          "end": {
            "line": 12,
            "column": 25
          }
        },
        "loc": {
          "start": {
            "line": 12,
            "column": 38
          },
          "end": {
            "line": 14,
            "column": 3
          }
        },
        "line": 12
      },
      "1": {
        "name": "(anonymous_1)",
        "decl": {
          "start": {
            "line": 20,
            "column": 21
          },
          "end": {
            "line": 20,
            "column": 22
          }
        },
        "loc": {
          "start": {
            "line": 20,
            "column": 39
          },
          "end": {
            "line": 85,
            "column": 1
          }
        },
        "line": 20
      },
      "2": {
        "name": "(anonymous_2)",
        "decl": {
          "start": {
            "line": 43,
            "column": 12
          },
          "end": {
            "line": 43,
            "column": 13
          }
        },
        "loc": {
          "start": {
            "line": 43,
            "column": 18
          },
          "end": {
            "line": 53,
            "column": 3
          }
        },
        "line": 43
      },
      "3": {
        "name": "(anonymous_3)",
        "decl": {
          "start": {
            "line": 54,
            "column": 17
          },
          "end": {
            "line": 54,
            "column": 18
          }
        },
        "loc": {
          "start": {
            "line": 54,
            "column": 23
          },
          "end": {
            "line": 58,
            "column": 3
          }
        },
        "line": 54
      },
      "4": {
        "name": "useAuth",
        "decl": {
          "start": {
            "line": 88,
            "column": 9
          },
          "end": {
            "line": 88,
            "column": 16
          }
        },
        "loc": {
          "start": {
            "line": 88,
            "column": 19
          },
          "end": {
            "line": 95,
            "column": 1
          }
        },
        "line": 88
      },
      "5": {
        "name": "(anonymous_5)",
        "decl": {
          "start": {
            "line": 105,
            "column": 52
          },
          "end": {
            "line": 105,
            "column": 53
          }
        },
        "loc": {
          "start": {
            "line": 105,
            "column": 72
          },
          "end": {
            "line": 114,
            "column": 3
          }
        },
        "line": 105
      },
      "6": {
        "name": "(anonymous_6)",
        "decl": {
          "start": {
            "line": 107,
            "column": 27
          },
          "end": {
            "line": 107,
            "column": 28
          }
        },
        "loc": {
          "start": {
            "line": 107,
            "column": 44
          },
          "end": {
            "line": 113,
            "column": 5
          }
        },
        "line": 107
      }
    },
    "branchMap": {
      "0": {
        "loc": {
          "start": {
            "line": 3,
            "column": 20
          },
          "end": {
            "line": 3,
            "column": 97
          }
        },
        "type": "binary-expr",
        "locations": [
          {
            "start": {
              "line": 3,
              "column": 20
            },
            "end": {
              "line": 3,
              "column": 60
            }
          },
          {
            "start": {
              "line": 3,
              "column": 64
            },
            "end": {
              "line": 3,
              "column": 97
            }
          }
        ],
        "line": 3
      },
      "1": {
        "loc": {
          "start": {
            "line": 6,
            "column": 0
          },
          "end": {
            "line": 16,
            "column": 1
          }
        },
        "type": "if",
        "locations": [
          {
            "start": {
              "line": 6,
              "column": 0
            },
            "end": {
              "line": 16,
              "column": 1
            }
          },
          {
            "start": {},
            "end": {}
          }
        ],
        "line": 6
      },
      "2": {
        "loc": {
          "start": {
            "line": 6,
            "column": 4
          },
          "end": {
            "line": 6,
            "column": 35
          }
        },
        "type": "binary-expr",
        "locations": [
          {
            "start": {
              "line": 6,
              "column": 4
            },
            "end": {
              "line": 6,
              "column": 19
            }
          },
          {
            "start": {
              "line": 6,
              "column": 23
            },
            "end": {
              "line": 6,
              "column": 35
            }
          }
        ],
        "line": 6
      },
      "3": {
        "loc": {
          "start": {
            "line": 7,
            "column": 2
          },
          "end": {
            "line": 9,
            "column": 3
          }
        },
        "type": "if",
        "locations": [
          {
            "start": {
              "line": 7,
              "column": 2
            },
            "end": {
              "line": 9,
              "column": 3
            }
          },
          {
            "start": {},
            "end": {}
          }
        ],
        "line": 7
      },
      "4": {
        "loc": {
          "start": {
            "line": 48,
            "column": 4
          },
          "end": {
            "line": 52,
            "column": 5
          }
        },
        "type": "if",
        "locations": [
          {
            "start": {
              "line": 48,
              "column": 4
            },
            "end": {
              "line": 52,
              "column": 5
            }
          },
          {
            "start": {},
            "end": {}
          }
        ],
        "line": 48
      },
      "5": {
        "loc": {
          "start": {
            "line": 48,
            "column": 8
          },
          "end": {
            "line": 48,
            "column": 25
          }
        },
        "type": "binary-expr",
        "locations": [
          {
            "start": {
              "line": 48,
              "column": 8
            },
            "end": {
              "line": 48,
              "column": 12
            }
          },
          {
            "start": {
              "line": 48,
              "column": 16
            },
            "end": {
              "line": 48,
              "column": 25
            }
          }
        ],
        "line": 48
      },
      "6": {
        "loc": {
          "start": {
            "line": 91,
            "column": 2
          },
          "end": {
            "line": 93,
            "column": 3
          }
        },
        "type": "if",
        "locations": [
          {
            "start": {
              "line": 91,
              "column": 2
            },
            "end": {
              "line": 93,
              "column": 3
            }
          },
          {
            "start": {},
            "end": {}
          }
        ],
        "line": 91
      },
      "7": {
        "loc": {
          "start": {
            "line": 100,
            "column": 0
          },
          "end": {
            "line": 103,
            "column": 1
          }
        },
        "type": "if",
        "locations": [
          {
            "start": {
              "line": 100,
              "column": 0
            },
            "end": {
              "line": 103,
              "column": 1
            }
          },
          {
            "start": {},
            "end": {}
          }
        ],
        "line": 100
      },
      "8": {
        "loc": {
          "start": {
            "line": 100,
            "column": 4
          },
          "end": {
            "line": 100,
            "column": 35
          }
        },
        "type": "binary-expr",
        "locations": [
          {
            "start": {
              "line": 100,
              "column": 4
            },
            "end": {
              "line": 100,
              "column": 19
            }
          },
          {
            "start": {
              "line": 100,
              "column": 23
            },
            "end": {
              "line": 100,
              "column": 35
            }
          }
        ],
        "line": 100
      },
      "9": {
        "loc": {
          "start": {
            "line": 104,
            "column": 0
          },
          "end": {
            "line": 115,
            "column": 1
          }
        },
        "type": "if",
        "locations": [
          {
            "start": {
              "line": 104,
              "column": 0
            },
            "end": {
              "line": 115,
              "column": 1
            }
          },
          {
            "start": {},
            "end": {}
          }
        ],
        "line": 104
      },
      "10": {
        "loc": {
          "start": {
            "line": 104,
            "column": 4
          },
          "end": {
            "line": 104,
            "column": 35
          }
        },
        "type": "binary-expr",
        "locations": [
          {
            "start": {
              "line": 104,
              "column": 4
            },
            "end": {
              "line": 104,
              "column": 19
            }
          },
          {
            "start": {
              "line": 104,
              "column": 23
            },
            "end": {
              "line": 104,
              "column": 35
            }
          }
        ],
        "line": 104
      },
      "11": {
        "loc": {
          "start": {
            "line": 108,
            "column": 6
          },
          "end": {
            "line": 109,
            "column": 15
          }
        },
        "type": "if",
        "locations": [
          {
            "start": {
              "line": 108,
              "column": 6
            },
            "end": {
              "line": 109,
              "column": 15
            }
          },
          {
            "start": {},
            "end": {}
          }
        ],
        "line": 108
      },
      "12": {
        "loc": {
          "start": {
            "line": 111,
            "column": 6
          },
          "end": {
            "line": 112,
            "column": 54
          }
        },
        "type": "if",
        "locations": [
          {
            "start": {
              "line": 111,
              "column": 6
            },
            "end": {
              "line": 112,
              "column": 54
            }
          },
          {
            "start": {},
            "end": {}
          }
        ],
        "line": 111
      }
    },
    "s": {
      "0": 2,
      "1": 2,
      "2": 2,
      "3": 0,
      "4": 2,
      "5": 2,
      "6": 2,
      "7": 2,
      "8": 2,
      "9": 2,
      "10": 2,
      "11": 2,
      "12": 2,
      "13": 4,
      "14": 4,
      "15": 4,
      "16": 4,
      "17": 4,
      "18": 4,
      "19": 4,
      "20": 0,
      "21": 0,
      "22": 0,
      "23": 0,
      "24": 0,
      "25": 0,
      "26": 0,
      "27": 0,
      "28": 4,
      "29": 0,
      "30": 0,
      "31": 0,
      "32": 4,
      "33": 2,
      "34": 2,
      "35": 0,
      "36": 0,
      "37": 0,
      "38": 0,
      "39": 0,
      "40": 2,
      "41": 2,
      "42": 2,
      "43": 2,
      "44": 2,
      "45": 2,
      "46": 2,
      "47": 2,
      "48": 2,
      "49": 0,
      "50": 0,
      "51": 0,
      "52": 0,
      "53": 0
    },
    "f": {
      "0": 2,
      "1": 4,
      "2": 0,
      "3": 0,
      "4": 0,
      "5": 2,
      "6": 0
    },
    "b": {
      "0": [
        2,
        0
      ],
      "1": [
        2,
        0
      ],
      "2": [
        2,
        2
      ],
      "3": [
        0,
        2
      ],
      "4": [
        0,
        0
      ],
      "5": [
        0,
        0
      ],
      "6": [
        0,
        0
      ],
      "7": [
        2,
        0
      ],
      "8": [
        2,
        2
      ],
      "9": [
        2,
        0
      ],
      "10": [
        2,
        2
      ],
      "11": [
        0,
        0
      ],
      "12": [
        0,
        0
      ]
    },
    "inputSourceMap": {
      "version": 3,
      "mappings": "AAqFI;;MArFJ;AAAA;AAAA;AAAA;AAAA;AAAA;AAAA;AAAA;AAAA;AAAA;AAAA;AAAA;AAAA;AAAA;AAAA;AACA,SAAgBA,eAAeC,YAAYC,WAAWC,gBAAgB;AAsCtE,MAAMC,cAAcJ,cAA2CK,MAAS;AAExE,MAAMC,eAAeA,CAAC,EAAEC,SAAwC,MAAM;AAAAC,KAAA;AACpE,QAAM,CAACC,gBAAgBC,iBAAiB,IAAIP,SAAkB,KAAK;AACnE,QAAM,CAACQ,MAAMC,OAAO,IAAIT,SAAe;AAAA,IACrCU,KAAKR;AAAAA,IACLS,IAAIT;AAAAA,IACJU,MAAMV;AAAAA,IACNW,iBAAiBX;AAAAA,EACnB,CAAC;AACD,QAAM,CAACY,OAAOC,QAAQ,IAAIf,SAA6BE,MAAS;AAChE,QAAM,CAACc,UAAUC,WAAW,IAAIjB,SAAoB,EAAE;AACtD,QAAM,CAACkB,OAAOC,QAAQ,IAAInB,SAAgB;AAAA,IACxCoB,OAAO;AAAA,IACPC,WAAW;AAAA,IACXC,QAAQ;AAAA,IACRC,gBAAgB;AAAA,IAChBC,WAAW;AAAA,IACXC,OAAO;AAAA,IACPC,YAAY;AAAA,IACZC,WAAW;AAAA,IACXC,YAAY;AAAA,IACZC,eAAe;AAAA,EACjB,CAAC;AAED9B,YAAU,MAAM;AACd,UAAM+B,WAAWC,eAAeC,QAAQ,OAAO;AAC/C,UAAMC,YAAYF,eAAeC,QAAQ,QAAQ;AAEjD,UAAME,OAAOC,KAAKC,MAAMN,QAA6B;AACrD,UAAMO,YAAYF,KAAKC,MAAMH,SAA8B;AAE3D,QAAIC,QAAQG,WAAW;AACrB9B,wBAAkB,IAAI;AACtBE,cAAQyB,IAAI;AACZnB,eAASsB,SAAS;AAAA,IACpB;AAAA,EACF,GAAG,CAACN,eAAeC,QAAQ,QAAQ,CAAC,CAAC;AAErC,QAAMM,SAASA,MAAM;AACnB/B,sBAAkB,KAAK;AACvBwB,mBAAeQ,WAAW,OAAO;AACjCR,mBAAeQ,WAAW,QAAQ;AAAA,EACpC;AAEA,SACE;AAAA,IAAC,YAAY;AAAA,IAAZ;AAAA,MACC,OAAO;AAAA,QACL/B;AAAAA,QACAC;AAAAA,QACAH;AAAAA,QACAC;AAAAA,QACA+B;AAAAA,QACAxB;AAAAA,QACAE;AAAAA,QACAC;AAAAA,QACAC;AAAAA,QACAC;AAAAA,MACF;AAAA,MAECf;AAAAA;AAAAA,IAdH;AAAA;AAAA;AAAA;AAAA;AAAA;AAAA;AAAA;AAAA,EAeA;AAEJ;AAAEC,GA7DIF,cAAY;AAAAqC,KAAZrC;AA+DN,SAASsC,UAA2B;AAAAC,MAAA;AAClC,QAAMC,UAAU7C,WAAWG,WAAW;AACtC,MAAI,CAAC0C,SAAS;AACZ,UAAM,IAAIC,MAAM,6CAA6C;AAAA,EAC/D;AACA,SAAOD;AACT;AAACD,IANQD,SAAO;AAQhB,SAAStC,cAAcsC;AAAgC,IAAAD;AAAAK,aAAAL,IAAA",
      "names": [
        "createContext",
        "useContext",
        "useEffect",
        "useState",
        "AuthContext",
        "undefined",
        "AuthProvider",
        "children",
        "_s",
        "isAuthenticate",
        "setIsAuthenticate",
        "user",
        "setUser",
        "_id",
        "id",
        "name",
        "imagemPerfilUrl",
        "token",
        "setToken",
        "preOrder",
        "setPreOrder",
        "order",
        "setOrder",
        "combo",
        "sanduiche",
        "bebida",
        "acompanhamento",
        "sobremesa",
        "cupom",
        "valorTotal",
        "clienteId",
        "entregador",
        "retiradaLocal",
        "dataUser",
        "sessionStorage",
        "getItem",
        "tokenUser",
        "data",
        "JSON",
        "parse",
        "tokenData",
        "logOut",
        "removeItem",
        "_c",
        "useAuth",
        "_s2",
        "context",
        "Error",
        "$RefreshReg$"
      ],
      "ignoreList": [],
      "sources": [
        "/home/serafim/eps/FGAInova-Front/src/context/AuthContext/index.tsx"
      ],
      "file": "/home/serafim/eps/FGAInova-Front/src/context/AuthContext/index.tsx"
    },
    "_coverageSchema": "1a1c01bbd47fc00a2c39e90264f33305004495a9",
    "hash": "afbb490ecfbcac49f22cfa45bdb3d80ee418e039"
  },
  "/home/serafim/eps/FGAInova-Front/src/service/index.tsx": {
    "path": "/home/serafim/eps/FGAInova-Front/src/service/index.tsx",
    "statementMap": {
      "0": {
        "start": {
          "line": 2,
          "column": 16
        },
        "end": {
          "line": 4,
          "column": 2
        }
      },
      "1": {
        "start": {
          "line": 5,
          "column": 12
        },
        "end": {
          "line": 7,
          "column": 2
        }
      }
    },
    "fnMap": {},
    "branchMap": {},
    "s": {
      "0": 2,
      "1": 2
    },
    "f": {},
    "b": {},
    "inputSourceMap": {
      "version": 3,
      "mappings": "AAAA,OAAOA,WAAW;AAElB,MAAMC,UAAUD,MAAME,OAAO;AAAA,EAC3BC,SAASC,YAAYC,IAAIC;AAC3B,CAAC;AAED,MAAMC,MAAMP,MAAME,OAAO;AAAA,EACvBC,SAASC,YAAYC,IAAIG;AAC3B,CAAC;AAED,SAASD,KAAKN",
      "names": [
        "axios",
        "apiAuth",
        "create",
        "baseURL",
        "import",
        "env",
        "VITE_AUTH_API_URL",
        "api",
        "VITE_PROJECT_API_URL"
      ],
      "ignoreList": [],
      "sources": [
        "/home/serafim/eps/FGAInova-Front/src/service/index.tsx"
      ],
      "file": "/home/serafim/eps/FGAInova-Front/src/service/index.tsx"
    },
    "_coverageSchema": "1a1c01bbd47fc00a2c39e90264f33305004495a9",
    "hash": "1fa93edbf63718babb85e650a72e31578141a1a3"
  },
  "/home/serafim/eps/FGAInova-Front/src/components/CardPopularPicks/index.tsx": {
    "path": "/home/serafim/eps/FGAInova-Front/src/components/CardPopularPicks/index.tsx",
    "statementMap": {
      "0": {
        "start": {
          "line": 3,
          "column": 20
        },
        "end": {
          "line": 3,
          "column": 97
        }
      },
      "1": {
        "start": {
          "line": 6,
          "column": 0
        },
        "end": {
          "line": 16,
          "column": 1
        }
      },
      "2": {
        "start": {
          "line": 7,
          "column": 2
        },
        "end": {
          "line": 9,
          "column": 3
        }
      },
      "3": {
        "start": {
          "line": 8,
          "column": 4
        },
        "end": {
          "line": 8,
          "column": 165
        }
      },
      "4": {
        "start": {
          "line": 10,
          "column": 2
        },
        "end": {
          "line": 10,
          "column": 39
        }
      },
      "5": {
        "start": {
          "line": 11,
          "column": 2
        },
        "end": {
          "line": 11,
          "column": 39
        }
      },
      "6": {
        "start": {
          "line": 12,
          "column": 2
        },
        "end": {
          "line": 14,
          "column": 4
        }
      },
      "7": {
        "start": {
          "line": 13,
          "column": 4
        },
        "end": {
          "line": 13,
          "column": 118
        }
      },
      "8": {
        "start": {
          "line": 15,
          "column": 2
        },
        "end": {
          "line": 15,
          "column": 75
        }
      },
      "9": {
        "start": {
          "line": 17,
          "column": 9
        },
        "end": {
          "line": 17,
          "column": 23
        }
      },
      "10": {
        "start": {
          "line": 51,
          "column": 2
        },
        "end": {
          "line": 51,
          "column": 7
        }
      },
      "11": {
        "start": {
          "line": 52,
          "column": 19
        },
        "end": {
          "line": 52,
          "column": 28
        }
      },
      "12": {
        "start": {
          "line": 53,
          "column": 19
        },
        "end": {
          "line": 53,
          "column": 32
        }
      },
      "13": {
        "start": {
          "line": 54,
          "column": 19
        },
        "end": {
          "line": 54,
          "column": 32
        }
      },
      "14": {
        "start": {
          "line": 55,
          "column": 23
        },
        "end": {
          "line": 55,
          "column": 85
        }
      },
      "15": {
        "start": {
          "line": 56,
          "column": 16
        },
        "end": {
          "line": 56,
          "column": 102
        }
      },
      "16": {
        "start": {
          "line": 57,
          "column": 38
        },
        "end": {
          "line": 57,
          "column": 53
        }
      },
      "17": {
        "start": {
          "line": 58,
          "column": 20
        },
        "end": {
          "line": 58,
          "column": 32
        }
      },
      "18": {
        "start": {
          "line": 59,
          "column": 16
        },
        "end": {
          "line": 59,
          "column": 26
        }
      },
      "19": {
        "start": {
          "line": 60,
          "column": 23
        },
        "end": {
          "line": 88,
          "column": 3
        }
      },
      "20": {
        "start": {
          "line": 61,
          "column": 4
        },
        "end": {
          "line": 87,
          "column": 5
        }
      },
      "21": {
        "start": {
          "line": 62,
          "column": 6
        },
        "end": {
          "line": 77,
          "column": 9
        }
      },
      "22": {
        "start": {
          "line": 67,
          "column": 8
        },
        "end": {
          "line": 74,
          "column": 11
        }
      },
      "23": {
        "start": {
          "line": 75,
          "column": 8
        },
        "end": {
          "line": 75,
          "column": 18
        }
      },
      "24": {
        "start": {
          "line": 76,
          "column": 8
        },
        "end": {
          "line": 76,
          "column": 45
        }
      },
      "25": {
        "start": {
          "line": 79,
          "column": 6
        },
        "end": {
          "line": 86,
          "column": 9
        }
      },
      "26": {
        "start": {
          "line": 89,
          "column": 21
        },
        "end": {
          "line": 91,
          "column": 3
        }
      },
      "27": {
        "start": {
          "line": 90,
          "column": 4
        },
        "end": {
          "line": 90,
          "column": 39
        }
      },
      "28": {
        "start": {
          "line": 92,
          "column": 2
        },
        "end": {
          "line": 375,
          "column": 11
        }
      },
      "29": {
        "start": {
          "line": 199,
          "column": 47
        },
        "end": {
          "line": 203,
          "column": 26
        }
      },
      "30": {
        "start": {
          "line": 333,
          "column": 20
        },
        "end": {
          "line": 333,
          "column": 48
        }
      },
      "31": {
        "start": {
          "line": 377,
          "column": 0
        },
        "end": {
          "line": 379,
          "column": 3
        }
      },
      "32": {
        "start": {
          "line": 378,
          "column": 2
        },
        "end": {
          "line": 378,
          "column": 108
        }
      },
      "33": {
        "start": {
          "line": 380,
          "column": 0
        },
        "end": {
          "line": 380,
          "column": 22
        }
      },
      "34": {
        "start": {
          "line": 382,
          "column": 0
        },
        "end": {
          "line": 382,
          "column": 37
        }
      },
      "35": {
        "start": {
          "line": 383,
          "column": 0
        },
        "end": {
          "line": 386,
          "column": 1
        }
      },
      "36": {
        "start": {
          "line": 384,
          "column": 2
        },
        "end": {
          "line": 384,
          "column": 39
        }
      },
      "37": {
        "start": {
          "line": 385,
          "column": 2
        },
        "end": {
          "line": 385,
          "column": 39
        }
      },
      "38": {
        "start": {
          "line": 387,
          "column": 0
        },
        "end": {
          "line": 398,
          "column": 1
        }
      },
      "39": {
        "start": {
          "line": 388,
          "column": 2
        },
        "end": {
          "line": 397,
          "column": 5
        }
      },
      "40": {
        "start": {
          "line": 389,
          "column": 4
        },
        "end": {
          "line": 389,
          "column": 144
        }
      },
      "41": {
        "start": {
          "line": 390,
          "column": 4
        },
        "end": {
          "line": 396,
          "column": 7
        }
      },
      "42": {
        "start": {
          "line": 391,
          "column": 6
        },
        "end": {
          "line": 392,
          "column": 15
        }
      },
      "43": {
        "start": {
          "line": 392,
          "column": 8
        },
        "end": {
          "line": 392,
          "column": 15
        }
      },
      "44": {
        "start": {
          "line": 393,
          "column": 32
        },
        "end": {
          "line": 393,
          "column": 115
        }
      },
      "45": {
        "start": {
          "line": 394,
          "column": 6
        },
        "end": {
          "line": 395,
          "column": 54
        }
      },
      "46": {
        "start": {
          "line": 395,
          "column": 8
        },
        "end": {
          "line": 395,
          "column": 54
        }
      }
    },
    "fnMap": {
      "0": {
        "name": "(anonymous_0)",
        "decl": {
          "start": {
            "line": 12,
            "column": 24
          },
          "end": {
            "line": 12,
            "column": 25
          }
        },
        "loc": {
          "start": {
            "line": 12,
            "column": 38
          },
          "end": {
            "line": 14,
            "column": 3
          }
        },
        "line": 12
      },
      "1": {
        "name": "CardPopularPicks",
        "decl": {
          "start": {
            "line": 42,
            "column": 24
          },
          "end": {
            "line": 42,
            "column": 40
          }
        },
        "loc": {
          "start": {
            "line": 50,
            "column": 3
          },
          "end": {
            "line": 376,
            "column": 1
          }
        },
        "line": 50
      },
      "2": {
        "name": "(anonymous_2)",
        "decl": {
          "start": {
            "line": 60,
            "column": 23
          },
          "end": {
            "line": 60,
            "column": 24
          }
        },
        "loc": {
          "start": {
            "line": 60,
            "column": 29
          },
          "end": {
            "line": 88,
            "column": 3
          }
        },
        "line": 60
      },
      "3": {
        "name": "(anonymous_3)",
        "decl": {
          "start": {
            "line": 66,
            "column": 14
          },
          "end": {
            "line": 66,
            "column": 15
          }
        },
        "loc": {
          "start": {
            "line": 66,
            "column": 23
          },
          "end": {
            "line": 77,
            "column": 7
          }
        },
        "line": 66
      },
      "4": {
        "name": "(anonymous_4)",
        "decl": {
          "start": {
            "line": 89,
            "column": 21
          },
          "end": {
            "line": 89,
            "column": 22
          }
        },
        "loc": {
          "start": {
            "line": 89,
            "column": 27
          },
          "end": {
            "line": 91,
            "column": 3
          }
        },
        "line": 89
      },
      "5": {
        "name": "(anonymous_5)",
        "decl": {
          "start": {
            "line": 199,
            "column": 18
          },
          "end": {
            "line": 199,
            "column": 19
          }
        },
        "loc": {
          "start": {
            "line": 199,
            "column": 47
          },
          "end": {
            "line": 203,
            "column": 26
          }
        },
        "line": 199
      },
      "6": {
        "name": "(anonymous_6)",
        "decl": {
          "start": {
            "line": 332,
            "column": 27
          },
          "end": {
            "line": 332,
            "column": 28
          }
        },
        "loc": {
          "start": {
            "line": 332,
            "column": 33
          },
          "end": {
            "line": 334,
            "column": 19
          }
        },
        "line": 332
      },
      "7": {
        "name": "(anonymous_7)",
        "decl": {
          "start": {
            "line": 377,
            "column": 60
          },
          "end": {
            "line": 377,
            "column": 61
          }
        },
        "loc": {
          "start": {
            "line": 377,
            "column": 71
          },
          "end": {
            "line": 379,
            "column": 1
          }
        },
        "line": 377
      },
      "8": {
        "name": "(anonymous_8)",
        "decl": {
          "start": {
            "line": 388,
            "column": 52
          },
          "end": {
            "line": 388,
            "column": 53
          }
        },
        "loc": {
          "start": {
            "line": 388,
            "column": 72
          },
          "end": {
            "line": 397,
            "column": 3
          }
        },
        "line": 388
      },
      "9": {
        "name": "(anonymous_9)",
        "decl": {
          "start": {
            "line": 390,
            "column": 27
          },
          "end": {
            "line": 390,
            "column": 28
          }
        },
        "loc": {
          "start": {
            "line": 390,
            "column": 44
          },
          "end": {
            "line": 396,
            "column": 5
          }
        },
        "line": 390
      }
    },
    "branchMap": {
      "0": {
        "loc": {
          "start": {
            "line": 3,
            "column": 20
          },
          "end": {
            "line": 3,
            "column": 97
          }
        },
        "type": "binary-expr",
        "locations": [
          {
            "start": {
              "line": 3,
              "column": 20
            },
            "end": {
              "line": 3,
              "column": 60
            }
          },
          {
            "start": {
              "line": 3,
              "column": 64
            },
            "end": {
              "line": 3,
              "column": 97
            }
          }
        ],
        "line": 3
      },
      "1": {
        "loc": {
          "start": {
            "line": 6,
            "column": 0
          },
          "end": {
            "line": 16,
            "column": 1
          }
        },
        "type": "if",
        "locations": [
          {
            "start": {
              "line": 6,
              "column": 0
            },
            "end": {
              "line": 16,
              "column": 1
            }
          },
          {
            "start": {},
            "end": {}
          }
        ],
        "line": 6
      },
      "2": {
        "loc": {
          "start": {
            "line": 6,
            "column": 4
          },
          "end": {
            "line": 6,
            "column": 35
          }
        },
        "type": "binary-expr",
        "locations": [
          {
            "start": {
              "line": 6,
              "column": 4
            },
            "end": {
              "line": 6,
              "column": 19
            }
          },
          {
            "start": {
              "line": 6,
              "column": 23
            },
            "end": {
              "line": 6,
              "column": 35
            }
          }
        ],
        "line": 6
      },
      "3": {
        "loc": {
          "start": {
            "line": 7,
            "column": 2
          },
          "end": {
            "line": 9,
            "column": 3
          }
        },
        "type": "if",
        "locations": [
          {
            "start": {
              "line": 7,
              "column": 2
            },
            "end": {
              "line": 9,
              "column": 3
            }
          },
          {
            "start": {},
            "end": {}
          }
        ],
        "line": 7
      },
      "4": {
        "loc": {
          "start": {
            "line": 43,
            "column": 2
          },
          "end": {
            "line": 43,
            "column": 19
          }
        },
        "type": "default-arg",
        "locations": [
          {
            "start": {
              "line": 43,
              "column": 11
            },
            "end": {
              "line": 43,
              "column": 19
            }
          }
        ],
        "line": 43
      },
      "5": {
        "loc": {
          "start": {
            "line": 44,
            "column": 2
          },
          "end": {
            "line": 44,
            "column": 30
          }
        },
        "type": "default-arg",
        "locations": [
          {
            "start": {
              "line": 44,
              "column": 19
            },
            "end": {
              "line": 44,
              "column": 30
            }
          }
        ],
        "line": 44
      },
      "6": {
        "loc": {
          "start": {
            "line": 45,
            "column": 2
          },
          "end": {
            "line": 45,
            "column": 18
          }
        },
        "type": "default-arg",
        "locations": [
          {
            "start": {
              "line": 45,
              "column": 11
            },
            "end": {
              "line": 45,
              "column": 18
            }
          }
        ],
        "line": 45
      },
      "7": {
        "loc": {
          "start": {
            "line": 55,
            "column": 23
          },
          "end": {
            "line": 55,
            "column": 85
          }
        },
        "type": "binary-expr",
        "locations": [
          {
            "start": {
              "line": 55,
              "column": 23
            },
            "end": {
              "line": 55,
              "column": 48
            }
          },
          {
            "start": {
              "line": 55,
              "column": 52
            },
            "end": {
              "line": 55,
              "column": 85
            }
          }
        ],
        "line": 55
      },
      "8": {
        "loc": {
          "start": {
            "line": 56,
            "column": 16
          },
          "end": {
            "line": 56,
            "column": 102
          }
        },
        "type": "binary-expr",
        "locations": [
          {
            "start": {
              "line": 56,
              "column": 16
            },
            "end": {
              "line": 56,
              "column": 48
            }
          },
          {
            "start": {
              "line": 56,
              "column": 52
            },
            "end": {
              "line": 56,
              "column": 102
            }
          }
        ],
        "line": 56
      },
      "9": {
        "loc": {
          "start": {
            "line": 56,
            "column": 63
          },
          "end": {
            "line": 56,
            "column": 101
          }
        },
        "type": "binary-expr",
        "locations": [
          {
            "start": {
              "line": 56,
              "column": 63
            },
            "end": {
              "line": 56,
              "column": 95
            }
          },
          {
            "start": {
              "line": 56,
              "column": 99
            },
            "end": {
              "line": 56,
              "column": 101
            }
          }
        ],
        "line": 56
      },
      "10": {
        "loc": {
          "start": {
            "line": 76,
            "column": 8
          },
          "end": {
            "line": 76,
            "column": 44
          }
        },
        "type": "binary-expr",
        "locations": [
          {
            "start": {
              "line": 76,
              "column": 8
            },
            "end": {
              "line": 76,
              "column": 23
            }
          },
          {
            "start": {
              "line": 76,
              "column": 27
            },
            "end": {
              "line": 76,
              "column": 44
            }
          }
        ],
        "line": 76
      },
      "11": {
        "loc": {
          "start": {
            "line": 257,
            "column": 10
          },
          "end": {
            "line": 355,
            "column": 11
          }
        },
        "type": "cond-expr",
        "locations": [
          {
            "start": {
              "line": 257,
              "column": 67
            },
            "end": {
              "line": 319,
              "column": 11
            }
          },
          {
            "start": {
              "line": 319,
              "column": 30
            },
            "end": {
              "line": 355,
              "column": 11
            }
          }
        ],
        "line": 257
      },
      "12": {
        "loc": {
          "start": {
            "line": 257,
            "column": 10
          },
          "end": {
            "line": 257,
            "column": 48
          }
        },
        "type": "binary-expr",
        "locations": [
          {
            "start": {
              "line": 257,
              "column": 10
            },
            "end": {
              "line": 257,
              "column": 31
            }
          },
          {
            "start": {
              "line": 257,
              "column": 35
            },
            "end": {
              "line": 257,
              "column": 48
            }
          }
        ],
        "line": 257
      },
      "13": {
        "loc": {
          "start": {
            "line": 383,
            "column": 0
          },
          "end": {
            "line": 386,
            "column": 1
          }
        },
        "type": "if",
        "locations": [
          {
            "start": {
              "line": 383,
              "column": 0
            },
            "end": {
              "line": 386,
              "column": 1
            }
          },
          {
            "start": {},
            "end": {}
          }
        ],
        "line": 383
      },
      "14": {
        "loc": {
          "start": {
            "line": 383,
            "column": 4
          },
          "end": {
            "line": 383,
            "column": 35
          }
        },
        "type": "binary-expr",
        "locations": [
          {
            "start": {
              "line": 383,
              "column": 4
            },
            "end": {
              "line": 383,
              "column": 19
            }
          },
          {
            "start": {
              "line": 383,
              "column": 23
            },
            "end": {
              "line": 383,
              "column": 35
            }
          }
        ],
        "line": 383
      },
      "15": {
        "loc": {
          "start": {
            "line": 387,
            "column": 0
          },
          "end": {
            "line": 398,
            "column": 1
          }
        },
        "type": "if",
        "locations": [
          {
            "start": {
              "line": 387,
              "column": 0
            },
            "end": {
              "line": 398,
              "column": 1
            }
          },
          {
            "start": {},
            "end": {}
          }
        ],
        "line": 387
      },
      "16": {
        "loc": {
          "start": {
            "line": 387,
            "column": 4
          },
          "end": {
            "line": 387,
            "column": 35
          }
        },
        "type": "binary-expr",
        "locations": [
          {
            "start": {
              "line": 387,
              "column": 4
            },
            "end": {
              "line": 387,
              "column": 19
            }
          },
          {
            "start": {
              "line": 387,
              "column": 23
            },
            "end": {
              "line": 387,
              "column": 35
            }
          }
        ],
        "line": 387
      },
      "17": {
        "loc": {
          "start": {
            "line": 391,
            "column": 6
          },
          "end": {
            "line": 392,
            "column": 15
          }
        },
        "type": "if",
        "locations": [
          {
            "start": {
              "line": 391,
              "column": 6
            },
            "end": {
              "line": 392,
              "column": 15
            }
          },
          {
            "start": {},
            "end": {}
          }
        ],
        "line": 391
      },
      "18": {
        "loc": {
          "start": {
            "line": 394,
            "column": 6
          },
          "end": {
            "line": 395,
            "column": 54
          }
        },
        "type": "if",
        "locations": [
          {
            "start": {
              "line": 394,
              "column": 6
            },
            "end": {
              "line": 395,
              "column": 54
            }
          },
          {
            "start": {},
            "end": {}
          }
        ],
        "line": 394
      }
    },
    "s": {
      "0": 2,
      "1": 2,
      "2": 2,
      "3": 0,
      "4": 2,
      "5": 2,
      "6": 2,
      "7": 2,
      "8": 2,
      "9": 2,
      "10": 0,
      "11": 0,
      "12": 0,
      "13": 0,
      "14": 0,
      "15": 0,
      "16": 0,
      "17": 0,
      "18": 0,
      "19": 0,
      "20": 0,
      "21": 0,
      "22": 0,
      "23": 0,
      "24": 0,
      "25": 0,
      "26": 0,
      "27": 0,
      "28": 0,
      "29": 0,
      "30": 0,
      "31": 2,
      "32": 0,
      "33": 2,
      "34": 2,
      "35": 2,
      "36": 2,
      "37": 2,
      "38": 2,
      "39": 2,
      "40": 2,
      "41": 2,
      "42": 0,
      "43": 0,
      "44": 0,
      "45": 0,
      "46": 0
    },
    "f": {
      "0": 2,
      "1": 0,
      "2": 0,
      "3": 0,
      "4": 0,
      "5": 0,
      "6": 0,
      "7": 0,
      "8": 2,
      "9": 0
    },
    "b": {
      "0": [
        2,
        0
      ],
      "1": [
        2,
        0
      ],
      "2": [
        2,
        2
      ],
      "3": [
        0,
        2
      ],
      "4": [
        0
      ],
      "5": [
        0
      ],
      "6": [
        0
      ],
      "7": [
        0,
        0
      ],
      "8": [
        0,
        0
      ],
      "9": [
        0,
        0
      ],
      "10": [
        0,
        0
      ],
      "11": [
        0,
        0
      ],
      "12": [
        0,
        0
      ],
      "13": [
        2,
        0
      ],
      "14": [
        2,
        2
      ],
      "15": [
        2,
        0
      ],
      "16": [
        2,
        2
      ],
      "17": [
        0,
        0
      ],
      "18": [
        0,
        0
      ]
    },
    "inputSourceMap": {
      "version": 3,
      "mappings": "AA+FI,mBAUU,cAVV;2BA/FJ;AAAA;AAAA;AAAA;AAAA;AAAA;AAAA;AAAA;AAAA;AAAA;AAAA;AAAA;AAAA;AAAA;AAAA;AAAA;AAAA;AAAA,EACEA;AAAAA,EACAC;AAAAA,EACAC;AAAAA,EACAC;AAAAA,EACAC;AAAAA,EACAC;AAAAA,EACAC;AAAAA,EACAC;AAAAA,EACAC;AAAAA,EACAC;AAAAA,EACAC;AAAAA,EACAC;AAAAA,EACAC;AAAAA,EACAC;AAAAA,EACAC;AAAAA,EACAC;AAAAA,OACK;AACP,SAASC,WAAWC,qBAAqB;AACzC,SAASC,eAAe;AACxB,SAASC,cAAc;AACvB,SAASC,WAAW;AACpB,SAASC,aAAaC,mBAAmB;AACzC,OAAOC,aAAa;AAYpB,wBAAwBC,iBAAiB;AAAA,EACvCC,SAAS;AAAA,EACTC,iBAAiB;AAAA,EACjBC,SAASJ;AAAAA,EACTK;AAAAA,EACAC;AAAAA,EACAC;AAAAA,EACAC;AACiB,GAAG;AAAAC,KAAA;AACpB,QAAM,EAAEC,KAAK,IAAIf,QAAQ;AACzB,QAAMgB,WAAWZ,YAAY;AAC7B,QAAMa,WAAWd,YAAY;AAC7B,QAAMe,eACJD,SAASE,aAAa,OAAOF,SAASE,aAAa;AAErD,QAAMC,QACJC,eAAeC,QAAQ,QAAQ,KAC/BC,KAAKC,MAAMH,eAAeC,QAAQ,QAAQ,KAAK,EAAE;AAEnD,QAAM,EAAEG,QAAQC,QAAQC,QAAQ,IAAIrC,cAAc;AAClD,QAAMsC,YAAY3B,OAAiC,IAAI;AACvD,QAAM4B,QAAQhC,SAAS;AAEvB,QAAMiC,eAAeA,MAAM;AACzB,QAAI;AACF5B,UACG6B,OAAO,YAAYpB,GAAG,IAAI;AAAA,QACzBqB,SAAS;AAAA,UACPC,eAAe,UAAUb,KAAK;AAAA,QAChC;AAAA,MACF,CAAC,EACAc,KAAK,CAACC,QAAQ;AACbN,cAAM;AAAA,UACJO,OAAO,GAAGD,IAAIE,KAAKC,OAAO;AAAA,UAC1BC,aAAa;AAAA,UACbC,QAAQ;AAAA,UACRC,UAAU;AAAA,UACVC,YAAY;AAAA,UACZC,UAAU;AAAA,QACZ,CAAC;AACDhB,gBAAQ;AACRd,2BAAmBA,gBAAgB;AAAA,MACrC,CAAC;AAAA,IACL,SAAS+B,OAAO;AACdf,YAAM;AAAA,QACJO,OAAO;AAAA,QACPG,aAAa;AAAA,QACbC,QAAQ;AAAA,QACRC,UAAU;AAAA,QACVC,YAAY;AAAA,QACZC,UAAU;AAAA,MACZ,CAAC;AAAA,IACH;AAAA,EACF;AAEA,QAAME,aAAaA,MAAM;AACvB7B,aAAS,mBAAmBL,GAAG,EAAE;AAAA,EACnC;AAEA,SACE,mCACE;AAAA;AAAA,MAAC;AAAA;AAAA,QACC;AAAA,QACA,qBAAqBiB;AAAAA,QACrB;AAAA,QAEA,iCAAC,sBACC,iCAAC,sBACC;AAAA,iCAAC,qBAAkB,UAAS,MAAK,YAAW,QAAM;AAAA;AAAA,YAC9B;AAAA,YAClB,uBAAC,QAAK,IAAI,UAAU,gBAAgB,aACjCrB,oBADH;AAAA;AAAA;AAAA;AAAA,mBAEA;AAAA,eAJF;AAAA;AAAA;AAAA;AAAA,iBAKA;AAAA,UAEA,uBAAC,mBAAe,oHAAhB;AAAA;AAAA;AAAA;AAAA,iBAGA;AAAA,UAEA,uBAAC,qBACC;AAAA,mCAAC,UAAO,KAAKqB,WAAW,SAASD,SAAQ,wBAAzC;AAAA;AAAA;AAAA;AAAA,mBAEA;AAAA,YACA,uBAAC,UAAO,aAAY,OAAM,SAASG,cAAc,IAAI,GAAE,+BAAvD;AAAA;AAAA;AAAA;AAAA,mBAEA;AAAA,eANF;AAAA;AAAA;AAAA;AAAA,iBAOA;AAAA,aApBF;AAAA;AAAA;AAAA;AAAA,eAqBA,KAtBF;AAAA;AAAA;AAAA;AAAA,eAuBA;AAAA;AAAA,MA5BF;AAAA;AAAA;AAAA;AAAA;AAAA;AAAA;AAAA;AAAA,IA6BA;AAAA,IAGA,uBAAC,UAAO,IAAI,GACV;AAAA,MAAC;AAAA;AAAA,QACC,MAAM;AAAA,QACN,MAAM;AAAA,QAEN,GAAG;AAAA,QACH,IAAI3C,kBAAkB,SAAS,UAAU;AAAA,QACzC,WAAW;AAAA,QACX,SAAS;AAAA,QACT,GAAG;AAAA,QACH,UAAU;AAAA,QAEV;AAAA;AAAA,YAAC;AAAA;AAAA,cACC,GAAG;AAAA,cACH,IAAI;AAAA,cACJ,IAAI;AAAA,cACJ,IAAI;AAAA,cACJ,IAAI;AAAA,cACJ,KAAK;AAAA,cACL,KAAK;AAAA,gBACH2D,YAAY,OAAOrC,MAAM;AAAA,cAC3B;AAAA;AAAA,YATF;AAAA;AAAA;AAAA;AAAA;AAAA;AAAA;AAAA;AAAA,UAUC;AAAA,UACD,uBAAC,SACC;AAAA;AAAA,cAAC;AAAA;AAAA,gBACC,OAAO;AAAA,gBACP,eAAe;AAAA,gBACf,YAAY;AAAA,gBACZ,UAAU;AAAA,gBACV,eAAe;AAAA,gBACf,SAAS;AAAA,gBACT,KAAK;AAAA,gBAEJC,gBAAMqC;AAAAA,kBAAI,CAACC,MAAMC,MAChB,uBAAC,OAAyB,aAAY,QACnCD,kBADOC,IAAI,MAAMD,MAApB;AAAA;AAAA;AAAA;AAAA,yBAEA;AAAA,gBACD;AAAA;AAAA,cAbH;AAAA;AAAA;AAAA;AAAA;AAAA;AAAA;AAAA;AAAA,YAcA;AAAA,YACA;AAAA,cAAC;AAAA;AAAA,gBACC,OAAO7D,kBAAkB,YAAY,OAAO;AAAA,gBAC5C,UAAU;AAAA,gBACV,YAAY;AAAA,gBACZ,eAAe;AAAA,gBAEdoB;AAAAA;AAAAA,cANH;AAAA;AAAA;AAAA;AAAA;AAAA;AAAA;AAAA;AAAA,YAOA;AAAA,YACA;AAAA,cAAC;AAAA;AAAA,gBACC,GAAG;AAAA,gBACH,MAAM;AAAA,gBACN,OAAO;AAAA,gBACP,WAAW;AAAA,gBACX,WAAW;AAAA,gBAEVC;AAAAA;AAAAA,cAPH;AAAA;AAAA;AAAA;AAAA;AAAA;AAAA;AAAA;AAAA,YAQA;AAAA,eAhCF;AAAA;AAAA;AAAA;AAAA,iBAiCA;AAAA,UACCI,aAAaG,KAAKJ,OAAO,CAACO,eACzB;AAAA,YAAC;AAAA;AAAA,cACC,IAAI;AAAA,cACJ,WAAW;AAAA,cACX,SAAS;AAAA,cACT,OAAO;AAAA,cACP,gBAAgB;AAAA,cAEhB;AAAA;AAAA,kBAAC;AAAA;AAAA,oBACC,UAAU,uBAAC,eAAD;AAAA;AAAA;AAAA;AAAA,2BAAU;AAAA,oBACpB,aAAY;AAAA,oBACZ,SAAQ;AAAA,oBACR,SAAS2B;AAAAA,oBAAW;AAAA;AAAA,kBAJtB;AAAA;AAAA;AAAA;AAAA;AAAA;AAAA;AAAA;AAAA,gBAOA;AAAA,gBACA;AAAA,kBAAC;AAAA;AAAA,oBACC,WAAW,uBAAC,mBAAD;AAAA;AAAA;AAAA;AAAA,2BAAc;AAAA,oBACzB,aAAY;AAAA,oBACZ,SAASnB;AAAAA,oBAAO;AAAA;AAAA,kBAHlB;AAAA;AAAA;AAAA;AAAA;AAAA;AAAA;AAAA;AAAA,gBAMA;AAAA;AAAA;AAAA,YArBF;AAAA;AAAA;AAAA;AAAA;AAAA;AAAA;AAAA;AAAA,UAsBA,IAEA;AAAA,YAAC;AAAA;AAAA,cACC,IAAI;AAAA,cACJ,WAAW;AAAA,cACX,SAAS;AAAA,cACT,OAAO;AAAA,cACP,gBAAgB;AAAA,cAShB;AAAA,gBAAC;AAAA;AAAA,kBAEC,aAAY;AAAA,kBACZ,OAAO;AAAA,kBACP,SAAS,MAAM;AACbV,6BAAS,YAAYL,GAAG,EAAE;AAAA,kBAC5B;AAAA,kBAAE;AAAA;AAAA,gBANJ;AAAA;AAAA;AAAA;AAAA;AAAA;AAAA;AAAA;AAAA,cASA;AAAA;AAAA,YAvBF;AAAA;AAAA;AAAA;AAAA;AAAA;AAAA;AAAA;AAAA,UAwBA;AAAA;AAAA;AAAA,MAzGJ;AAAA;AAAA;AAAA;AAAA;AAAA;AAAA;AAAA;AAAA,IA2GA,KA5GF;AAAA;AAAA;AAAA;AAAA,WA6GA;AAAA,OA9IF;AAAA;AAAA;AAAA;AAAA,SA+IA;AAEJ;AAACG,GA7MuBR,kBAAgB;AAAA,UASrBN,SACAI,aACAD,aAQmBb,eAEtBO,UA8EFV,mBAkCOA,iBAAiB;AAAA;AAAA+D,KArId5C;AAAgB,IAAA4C;AAAAC,aAAAD,IAAA",
      "names": [
        "Box",
        "Center",
        "Heading",
        "Text",
        "Stack",
        "useColorModeValue",
        "Tag",
        "Button",
        "useDisclosure",
        "AlertDialog",
        "AlertDialogOverlay",
        "AlertDialogHeader",
        "AlertDialogContent",
        "AlertDialogBody",
        "AlertDialogFooter",
        "useToast",
        "FaRegEdit",
        "FaRegTrashAlt",
        "useAuth",
        "useRef",
        "api",
        "useLocation",
        "useNavigate",
        "BGImage",
        "CardPopularPicks",
        "titulo",
        "descricaoCurta",
        "banner",
        "tags",
        "_id",
        "pessoaId",
        "onDeleteSuccess",
        "_s",
        "user",
        "navigate",
        "location",
        "locationHome",
        "pathname",
        "token",
        "sessionStorage",
        "getItem",
        "JSON",
        "parse",
        "isOpen",
        "onOpen",
        "onClose",
        "cancelRef",
        "toast",
        "handleDelete",
        "delete",
        "headers",
        "authorization",
        "then",
        "res",
        "title",
        "data",
        "message",
        "description",
        "status",
        "duration",
        "isClosable",
        "position",
        "error",
        "handleEdit",
        "background",
        "map",
        "text",
        "i",
        "_c",
        "$RefreshReg$"
      ],
      "ignoreList": [],
      "sources": [
        "/home/serafim/eps/FGAInova-Front/src/components/CardPopularPicks/index.tsx"
      ],
      "file": "/home/serafim/eps/FGAInova-Front/src/components/CardPopularPicks/index.tsx"
    },
    "_coverageSchema": "1a1c01bbd47fc00a2c39e90264f33305004495a9",
    "hash": "4388e15b4b94684c6e1428a582c52398257fdc18"
  },
  "/home/serafim/eps/FGAInova-Front/src/components/FileUploadButton /index.tsx": {
    "path": "/home/serafim/eps/FGAInova-Front/src/components/FileUploadButton /index.tsx",
    "statementMap": {
      "0": {
        "start": {
          "line": 3,
          "column": 20
        },
        "end": {
          "line": 3,
          "column": 97
        }
      },
      "1": {
        "start": {
          "line": 6,
          "column": 0
        },
        "end": {
          "line": 16,
          "column": 1
        }
      },
      "2": {
        "start": {
          "line": 7,
          "column": 2
        },
        "end": {
          "line": 9,
          "column": 3
        }
      },
      "3": {
        "start": {
          "line": 8,
          "column": 4
        },
        "end": {
          "line": 8,
          "column": 165
        }
      },
      "4": {
        "start": {
          "line": 10,
          "column": 2
        },
        "end": {
          "line": 10,
          "column": 39
        }
      },
      "5": {
        "start": {
          "line": 11,
          "column": 2
        },
        "end": {
          "line": 11,
          "column": 39
        }
      },
      "6": {
        "start": {
          "line": 12,
          "column": 2
        },
        "end": {
          "line": 14,
          "column": 4
        }
      },
      "7": {
        "start": {
          "line": 13,
          "column": 4
        },
        "end": {
          "line": 13,
          "column": 119
        }
      },
      "8": {
        "start": {
          "line": 15,
          "column": 2
        },
        "end": {
          "line": 15,
          "column": 75
        }
      },
      "9": {
        "start": {
          "line": 17,
          "column": 9
        },
        "end": {
          "line": 17,
          "column": 23
        }
      },
      "10": {
        "start": {
          "line": 21,
          "column": 25
        },
        "end": {
          "line": 96,
          "column": 1
        }
      },
      "11": {
        "start": {
          "line": 29,
          "column": 2
        },
        "end": {
          "line": 29,
          "column": 7
        }
      },
      "12": {
        "start": {
          "line": 30,
          "column": 19
        },
        "end": {
          "line": 30,
          "column": 31
        }
      },
      "13": {
        "start": {
          "line": 31,
          "column": 22
        },
        "end": {
          "line": 35,
          "column": 3
        }
      },
      "14": {
        "start": {
          "line": 32,
          "column": 4
        },
        "end": {
          "line": 34,
          "column": 5
        }
      },
      "15": {
        "start": {
          "line": 33,
          "column": 6
        },
        "end": {
          "line": 33,
          "column": 31
        }
      },
      "16": {
        "start": {
          "line": 36,
          "column": 2
        },
        "end": {
          "line": 95,
          "column": 11
        }
      },
      "17": {
        "start": {
          "line": 97,
          "column": 0
        },
        "end": {
          "line": 97,
          "column": 53
        }
      },
      "18": {
        "start": {
          "line": 98,
          "column": 0
        },
        "end": {
          "line": 98,
          "column": 22
        }
      },
      "19": {
        "start": {
          "line": 101,
          "column": 0
        },
        "end": {
          "line": 101,
          "column": 37
        }
      },
      "20": {
        "start": {
          "line": 102,
          "column": 0
        },
        "end": {
          "line": 105,
          "column": 1
        }
      },
      "21": {
        "start": {
          "line": 103,
          "column": 2
        },
        "end": {
          "line": 103,
          "column": 39
        }
      },
      "22": {
        "start": {
          "line": 104,
          "column": 2
        },
        "end": {
          "line": 104,
          "column": 39
        }
      },
      "23": {
        "start": {
          "line": 106,
          "column": 0
        },
        "end": {
          "line": 117,
          "column": 1
        }
      },
      "24": {
        "start": {
          "line": 107,
          "column": 2
        },
        "end": {
          "line": 116,
          "column": 5
        }
      },
      "25": {
        "start": {
          "line": 108,
          "column": 4
        },
        "end": {
          "line": 108,
          "column": 145
        }
      },
      "26": {
        "start": {
          "line": 109,
          "column": 4
        },
        "end": {
          "line": 115,
          "column": 7
        }
      },
      "27": {
        "start": {
          "line": 110,
          "column": 6
        },
        "end": {
          "line": 111,
          "column": 15
        }
      },
      "28": {
        "start": {
          "line": 111,
          "column": 8
        },
        "end": {
          "line": 111,
          "column": 15
        }
      },
      "29": {
        "start": {
          "line": 112,
          "column": 32
        },
        "end": {
          "line": 112,
          "column": 115
        }
      },
      "30": {
        "start": {
          "line": 113,
          "column": 6
        },
        "end": {
          "line": 114,
          "column": 54
        }
      },
      "31": {
        "start": {
          "line": 114,
          "column": 8
        },
        "end": {
          "line": 114,
          "column": 54
        }
      }
    },
    "fnMap": {
      "0": {
        "name": "(anonymous_0)",
        "decl": {
          "start": {
            "line": 12,
            "column": 24
          },
          "end": {
            "line": 12,
            "column": 25
          }
        },
        "loc": {
          "start": {
            "line": 12,
            "column": 38
          },
          "end": {
            "line": 14,
            "column": 3
          }
        },
        "line": 12
      },
      "1": {
        "name": "(anonymous_1)",
        "decl": {
          "start": {
            "line": 21,
            "column": 25
          },
          "end": {
            "line": 21,
            "column": 26
          }
        },
        "loc": {
          "start": {
            "line": 28,
            "column": 6
          },
          "end": {
            "line": 96,
            "column": 1
          }
        },
        "line": 28
      },
      "2": {
        "name": "(anonymous_2)",
        "decl": {
          "start": {
            "line": 31,
            "column": 22
          },
          "end": {
            "line": 31,
            "column": 23
          }
        },
        "loc": {
          "start": {
            "line": 31,
            "column": 28
          },
          "end": {
            "line": 35,
            "column": 3
          }
        },
        "line": 31
      },
      "3": {
        "name": "(anonymous_3)",
        "decl": {
          "start": {
            "line": 107,
            "column": 52
          },
          "end": {
            "line": 107,
            "column": 53
          }
        },
        "loc": {
          "start": {
            "line": 107,
            "column": 72
          },
          "end": {
            "line": 116,
            "column": 3
          }
        },
        "line": 107
      },
      "4": {
        "name": "(anonymous_4)",
        "decl": {
          "start": {
            "line": 109,
            "column": 27
          },
          "end": {
            "line": 109,
            "column": 28
          }
        },
        "loc": {
          "start": {
            "line": 109,
            "column": 44
          },
          "end": {
            "line": 115,
            "column": 5
          }
        },
        "line": 109
      }
    },
    "branchMap": {
      "0": {
        "loc": {
          "start": {
            "line": 3,
            "column": 20
          },
          "end": {
            "line": 3,
            "column": 97
          }
        },
        "type": "binary-expr",
        "locations": [
          {
            "start": {
              "line": 3,
              "column": 20
            },
            "end": {
              "line": 3,
              "column": 60
            }
          },
          {
            "start": {
              "line": 3,
              "column": 64
            },
            "end": {
              "line": 3,
              "column": 97
            }
          }
        ],
        "line": 3
      },
      "1": {
        "loc": {
          "start": {
            "line": 6,
            "column": 0
          },
          "end": {
            "line": 16,
            "column": 1
          }
        },
        "type": "if",
        "locations": [
          {
            "start": {
              "line": 6,
              "column": 0
            },
            "end": {
              "line": 16,
              "column": 1
            }
          },
          {
            "start": {},
            "end": {}
          }
        ],
        "line": 6
      },
      "2": {
        "loc": {
          "start": {
            "line": 6,
            "column": 4
          },
          "end": {
            "line": 6,
            "column": 35
          }
        },
        "type": "binary-expr",
        "locations": [
          {
            "start": {
              "line": 6,
              "column": 4
            },
            "end": {
              "line": 6,
              "column": 19
            }
          },
          {
            "start": {
              "line": 6,
              "column": 23
            },
            "end": {
              "line": 6,
              "column": 35
            }
          }
        ],
        "line": 6
      },
      "3": {
        "loc": {
          "start": {
            "line": 7,
            "column": 2
          },
          "end": {
            "line": 9,
            "column": 3
          }
        },
        "type": "if",
        "locations": [
          {
            "start": {
              "line": 7,
              "column": 2
            },
            "end": {
              "line": 9,
              "column": 3
            }
          },
          {
            "start": {},
            "end": {}
          }
        ],
        "line": 7
      },
      "4": {
        "loc": {
          "start": {
            "line": 22,
            "column": 2
          },
          "end": {
            "line": 22,
            "column": 33
          }
        },
        "type": "default-arg",
        "locations": [
          {
            "start": {
              "line": 22,
              "column": 18
            },
            "end": {
              "line": 22,
              "column": 33
            }
          }
        ],
        "line": 22
      },
      "5": {
        "loc": {
          "start": {
            "line": 23,
            "column": 2
          },
          "end": {
            "line": 23,
            "column": 11
          }
        },
        "type": "default-arg",
        "locations": [
          {
            "start": {
              "line": 23,
              "column": 9
            },
            "end": {
              "line": 23,
              "column": 11
            }
          }
        ],
        "line": 23
      },
      "6": {
        "loc": {
          "start": {
            "line": 25,
            "column": 2
          },
          "end": {
            "line": 25,
            "column": 20
          }
        },
        "type": "default-arg",
        "locations": [
          {
            "start": {
              "line": 25,
              "column": 11
            },
            "end": {
              "line": 25,
              "column": 20
            }
          }
        ],
        "line": 25
      },
      "7": {
        "loc": {
          "start": {
            "line": 26,
            "column": 2
          },
          "end": {
            "line": 26,
            "column": 18
          }
        },
        "type": "default-arg",
        "locations": [
          {
            "start": {
              "line": 26,
              "column": 13
            },
            "end": {
              "line": 26,
              "column": 18
            }
          }
        ],
        "line": 26
      },
      "8": {
        "loc": {
          "start": {
            "line": 32,
            "column": 4
          },
          "end": {
            "line": 34,
            "column": 5
          }
        },
        "type": "if",
        "locations": [
          {
            "start": {
              "line": 32,
              "column": 4
            },
            "end": {
              "line": 34,
              "column": 5
            }
          },
          {
            "start": {},
            "end": {}
          }
        ],
        "line": 32
      },
      "9": {
        "loc": {
          "start": {
            "line": 102,
            "column": 0
          },
          "end": {
            "line": 105,
            "column": 1
          }
        },
        "type": "if",
        "locations": [
          {
            "start": {
              "line": 102,
              "column": 0
            },
            "end": {
              "line": 105,
              "column": 1
            }
          },
          {
            "start": {},
            "end": {}
          }
        ],
        "line": 102
      },
      "10": {
        "loc": {
          "start": {
            "line": 102,
            "column": 4
          },
          "end": {
            "line": 102,
            "column": 35
          }
        },
        "type": "binary-expr",
        "locations": [
          {
            "start": {
              "line": 102,
              "column": 4
            },
            "end": {
              "line": 102,
              "column": 19
            }
          },
          {
            "start": {
              "line": 102,
              "column": 23
            },
            "end": {
              "line": 102,
              "column": 35
            }
          }
        ],
        "line": 102
      },
      "11": {
        "loc": {
          "start": {
            "line": 106,
            "column": 0
          },
          "end": {
            "line": 117,
            "column": 1
          }
        },
        "type": "if",
        "locations": [
          {
            "start": {
              "line": 106,
              "column": 0
            },
            "end": {
              "line": 117,
              "column": 1
            }
          },
          {
            "start": {},
            "end": {}
          }
        ],
        "line": 106
      },
      "12": {
        "loc": {
          "start": {
            "line": 106,
            "column": 4
          },
          "end": {
            "line": 106,
            "column": 35
          }
        },
        "type": "binary-expr",
        "locations": [
          {
            "start": {
              "line": 106,
              "column": 4
            },
            "end": {
              "line": 106,
              "column": 19
            }
          },
          {
            "start": {
              "line": 106,
              "column": 23
            },
            "end": {
              "line": 106,
              "column": 35
            }
          }
        ],
        "line": 106
      },
      "13": {
        "loc": {
          "start": {
            "line": 110,
            "column": 6
          },
          "end": {
            "line": 111,
            "column": 15
          }
        },
        "type": "if",
        "locations": [
          {
            "start": {
              "line": 110,
              "column": 6
            },
            "end": {
              "line": 111,
              "column": 15
            }
          },
          {
            "start": {},
            "end": {}
          }
        ],
        "line": 110
      },
      "14": {
        "loc": {
          "start": {
            "line": 113,
            "column": 6
          },
          "end": {
            "line": 114,
            "column": 54
          }
        },
        "type": "if",
        "locations": [
          {
            "start": {
              "line": 113,
              "column": 6
            },
            "end": {
              "line": 114,
              "column": 54
            }
          },
          {
            "start": {},
            "end": {}
          }
        ],
        "line": 113
      }
    },
    "s": {
      "0": 2,
      "1": 2,
      "2": 2,
      "3": 0,
      "4": 2,
      "5": 2,
      "6": 2,
      "7": 2,
      "8": 2,
      "9": 2,
      "10": 2,
      "11": 0,
      "12": 0,
      "13": 0,
      "14": 0,
      "15": 0,
      "16": 0,
      "17": 2,
      "18": 2,
      "19": 2,
      "20": 2,
      "21": 2,
      "22": 2,
      "23": 2,
      "24": 2,
      "25": 2,
      "26": 2,
      "27": 0,
      "28": 0,
      "29": 0,
      "30": 0,
      "31": 0
    },
    "f": {
      "0": 2,
      "1": 0,
      "2": 0,
      "3": 2,
      "4": 0
    },
    "b": {
      "0": [
        2,
        0
      ],
      "1": [
        2,
        0
      ],
      "2": [
        2,
        2
      ],
      "3": [
        0,
        2
      ],
      "4": [
        0
      ],
      "5": [
        0
      ],
      "6": [
        0
      ],
      "7": [
        0
      ],
      "8": [
        0,
        0
      ],
      "9": [
        2,
        0
      ],
      "10": [
        2,
        2
      ],
      "11": [
        2,
        0
      ],
      "12": [
        2,
        2
      ],
      "13": [
        0,
        0
      ],
      "14": [
        0,
        0
      ]
    },
    "inputSourceMap": {
      "version": 3,
      "mappings": "AA8BM;2BA9BN;AAAA;AAAA;AAAA;AAAA;AAAA;AAAA;AAAA;AAAA;AAAA;AAAA;AAAA;AAAA;AAAA;AAAA;AAAA;AACA,SAAgBA,cAAc;AAC9B,SAASC,KAAKC,QAAQC,MAAMC,WAAWC,aAAa;AACpD,SAASC,cAAc;AAEvB,MAAMC,mBAAmBA,CAAC;AAAA,EACxBC,gBAAgB;AAAA,EAChBC,OAAO;AAAA,EACPC;AAAAA,EACAC,SAAS;AAAA,EACTC,WAAW;AAAA,EACX,GAAGC;AAQL,MAAM;AAAAC,KAAA;AACJ,QAAMC,WAAWf,OAAyB,IAAI;AAE9C,QAAMgB,cAAcA,MAAM;AACxB,QAAID,SAASE,SAAS;AACpBF,eAASE,QAAQC,MAAM;AAAA,IACzB;AAAA,EACF;AAEA,SACE,uBAAC,QAAK,YAAY,UAAU,MAAM,SAAS,gBAAgB,iBACzD;AAAA,2BAAC,aAAWV,2BAAZ;AAAA;AAAA;AAAA;AAAA,WAA0B;AAAA,IAC1B,uBAAC,OACC;AAAA;AAAA,QAAC;AAAA;AAAA,UACC,MAAK;AAAA,UACL;AAAA,UACA,UAAUE;AAAAA,UACV;AAAA,UACA;AAAA,UACA,KAAKK;AAAAA,UACL,SAAQ;AAAA;AAAA,QAPV;AAAA;AAAA;AAAA;AAAA;AAAA;AAAA;AAAA;AAAA,MAOgB;AAAA,MAEhB;AAAA,QAAC;AAAA;AAAA,UACC,SAASC;AAAAA,UACT,UAAU,uBAAC,YAAD;AAAA;AAAA;AAAA;AAAA,iBAAO;AAAA,UACjB,aAAY;AAAA,UACZ,MAAK;AAAA,UACL,GAAIH;AAAAA,UAAO;AAAA;AAAA,QALb;AAAA;AAAA;AAAA;AAAA;AAAA;AAAA;AAAA;AAAA,MAQA;AAAA,SAlBF;AAAA;AAAA;AAAA;AAAA,WAmBA;AAAA,OArBF;AAAA;AAAA;AAAA;AAAA,SAsBA;AAEJ;AAAEC,GAhDIP,kBAAgB;AAAAY,KAAhBZ;AAkDN,eAAeA;AAAiB,IAAAY;AAAAC,aAAAD,IAAA",
      "names": [
        "useRef",
        "Box",
        "Button",
        "Flex",
        "FormLabel",
        "Input",
        "FaFile",
        "FileUploadButton",
        "FormLabelName",
        "name",
        "onFileChange",
        "accept",
        "multiple",
        "props",
        "_s",
        "inputRef",
        "handleClick",
        "current",
        "click",
        "_c",
        "$RefreshReg$"
      ],
      "ignoreList": [],
      "sources": [
        "/home/serafim/eps/FGAInova-Front/src/components/FileUploadButton /index.tsx"
      ],
      "file": "/home/serafim/eps/FGAInova-Front/src/components/FileUploadButton /index.tsx"
    },
    "_coverageSchema": "1a1c01bbd47fc00a2c39e90264f33305004495a9",
    "hash": "040f934d4f9c4a74a2916c4cf526fcd8363fb80f"
  },
  "/home/serafim/eps/FGAInova-Front/src/pages/Perfil/index.tsx": {
    "path": "/home/serafim/eps/FGAInova-Front/src/pages/Perfil/index.tsx",
    "statementMap": {
      "0": {
        "start": {
          "line": 3,
          "column": 20
        },
        "end": {
          "line": 3,
          "column": 97
        }
      },
      "1": {
        "start": {
          "line": 6,
          "column": 0
        },
        "end": {
          "line": 16,
          "column": 1
        }
      },
      "2": {
        "start": {
          "line": 7,
          "column": 2
        },
        "end": {
          "line": 9,
          "column": 3
        }
      },
      "3": {
        "start": {
          "line": 8,
          "column": 4
        },
        "end": {
          "line": 8,
          "column": 165
        }
      },
      "4": {
        "start": {
          "line": 10,
[...]
            "end": {}
          }
        ],
        "line": 174
      },
      "17": {
        "loc": {
          "start": {
            "line": 233,
            "column": 29
          },
          "end": {
            "line": 233,
            "column": 193
          }
        },
        "type": "cond-expr",
        "locations": [
          {
            "start": {
              "line": 233,
              "column": 56
            },
            "end": {
              "line": 233,
              "column": 80
            }
          },
          {
            "start": {
              "line": 233,
              "column": 83
            },
            "end": {
              "line": 233,
              "column": 193
            }
          }
        ],
        "line": 233
      },
      "18": {
        "loc": {
          "start": {
            "line": 373,
            "column": 32
          },
          "end": {
            "line": 373,
            "column": 58
          }
        },
        "type": "cond-expr",
        "locations": [
          {
            "start": {
              "line": 373,
              "column": 39
            },
            "end": {
              "line": 373,
              "column": 45
            }
          },
          {
            "start": {
              "line": 373,
              "column": 48
            },
            "end": {
              "line": 373,
              "column": 58
            }
          }
        ],
        "line": 373
      },
      "19": {
        "loc": {
          "start": {
            "line": 389,
            "column": 184
          },
          "end": {
            "line": 389,
            "column": 203
          }
        },
        "type": "cond-expr",
        "locations": [
          {
            "start": {
              "line": 389,
              "column": 191
            },
            "end": {
              "line": 389,
              "column": 195
            }
          },
          {
            "start": {
              "line": 389,
              "column": 198
            },
            "end": {
              "line": 389,
              "column": 203
            }
          }
        ],
        "line": 389
      },
      "20": {
        "loc": {
          "start": {
            "line": 433,
            "column": 24
          },
          "end": {
            "line": 462,
            "column": 25
          }
        },
        "type": "binary-expr",
        "locations": [
          {
            "start": {
              "line": 433,
              "column": 24
            },
            "end": {
              "line": 433,
              "column": 46
            }
          },
          {
            "start": {
              "line": 433,
              "column": 66
            },
            "end": {
              "line": 462,
              "column": 25
            }
          }
        ],
        "line": 433
      },
      "21": {
        "loc": {
          "start": {
            "line": 584,
            "column": 0
          },
          "end": {
            "line": 587,
            "column": 1
          }
        },
        "type": "if",
        "locations": [
          {
            "start": {
              "line": 584,
              "column": 0
            },
            "end": {
              "line": 587,
              "column": 1
            }
          },
          {
            "start": {},
            "end": {}
          }
        ],
        "line": 584
      },
      "22": {
        "loc": {
          "start": {
            "line": 584,
            "column": 4
          },
          "end": {
            "line": 584,
            "column": 35
          }
        },
        "type": "binary-expr",
        "locations": [
          {
            "start": {
              "line": 584,
              "column": 4
            },
            "end": {
              "line": 584,
              "column": 19
            }
          },
          {
            "start": {
              "line": 584,
              "column": 23
            },
            "end": {
              "line": 584,
              "column": 35
            }
          }
        ],
        "line": 584
      },
      "23": {
        "loc": {
          "start": {
            "line": 588,
            "column": 0
          },
          "end": {
            "line": 599,
            "column": 1
          }
        },
        "type": "if",
        "locations": [
          {
            "start": {
              "line": 588,
              "column": 0
            },
            "end": {
              "line": 599,
              "column": 1
            }
          },
          {
            "start": {},
            "end": {}
          }
        ],
        "line": 588
      },
      "24": {
        "loc": {
          "start": {
            "line": 588,
            "column": 4
          },
          "end": {
            "line": 588,
            "column": 35
          }
        },
        "type": "binary-expr",
        "locations": [
          {
            "start": {
              "line": 588,
              "column": 4
            },
            "end": {
              "line": 588,
              "column": 19
            }
          },
          {
            "start": {
              "line": 588,
              "column": 23
            },
            "end": {
              "line": 588,
              "column": 35
            }
          }
        ],
        "line": 588
      },
      "25": {
        "loc": {
          "start": {
            "line": 592,
            "column": 6
          },
          "end": {
            "line": 593,
            "column": 15
          }
        },
        "type": "if",
        "locations": [
          {
            "start": {
              "line": 592,
              "column": 6
            },
            "end": {
              "line": 593,
              "column": 15
            }
          },
          {
            "start": {},
            "end": {}
          }
        ],
        "line": 592
      },
      "26": {
        "loc": {
          "start": {
            "line": 595,
            "column": 6
          },
          "end": {
            "line": 596,
            "column": 54
          }
        },
        "type": "if",
        "locations": [
          {
            "start": {
              "line": 595,
              "column": 6
            },
            "end": {
              "line": 596,
              "column": 54
            }
          },
          {
            "start": {},
            "end": {}
          }
        ],
        "line": 595
      }
    },
    "s": {
      "0": 2,
      "1": 2,
      "2": 2,
      "3": 0,
      "4": 2,
      "5": 2,
      "6": 2,
      "7": 4,
      "8": 2,
      "9": 2,
      "10": 2,
      "11": 0,
      "12": 2,
      "13": 2,
      "14": 10,
      "15": 10,
      "16": 0,
      "17": 0,
      "18": 0,
      "19": 0,
      "20": 0,
      "21": 0,
      "22": 0,
      "23": 0,
      "24": 0,
      "25": 0,
      "26": 0,
      "27": 0,
      "28": 0,
      "29": 0,
      "30": 0,
      "31": 0,
      "32": 0,
      "33": 0,
      "34": 0,
      "35": 0,
      "36": 0,
      "37": 0,
      "38": 0,
      "39": 0,
      "40": 0,
      "41": 0,
      "42": 0,
      "43": 0,
      "44": 0,
      "45": 0,
      "46": 0,
      "47": 0,
      "48": 0,
      "49": 0,
      "50": 0,
      "51": 0,
      "52": 0,
      "53": 0,
      "54": 0,
      "55": 0,
      "56": 0,
      "57": 0,
      "58": 0,
      "59": 0,
      "60": 0,
      "61": 0,
      "62": 0,
      "63": 0,
      "64": 0,
      "65": 0,
      "66": 0,
      "67": 0,
      "68": 0,
      "69": 0,
      "70": 2,
      "71": 2,
      "72": 2,
      "73": 2,
      "74": 2,
      "75": 2,
      "76": 2,
      "77": 2,
      "78": 2,
      "79": 2,
      "80": 2,
      "81": 2,
      "82": 0,
      "83": 0,
      "84": 0,
      "85": 0,
      "86": 0
    },
    "f": {
      "0": 4,
      "1": 0,
      "2": 10,
      "3": 0,
      "4": 0,
      "5": 0,
      "6": 0,
      "7": 0,
      "8": 0,
      "9": 0,
      "10": 0,
      "11": 0,
      "12": 0,
      "13": 0,
      "14": 0,
      "15": 0,
      "16": 2,
      "17": 2,
      "18": 0
    },
    "b": {
      "0": [
        2,
        0
      ],
      "1": [
        2,
        0
      ],
      "2": [
        2,
        2
      ],
      "3": [
        0,
        2
      ],
      "4": [
        10,
        10
      ],
      "5": [
        0,
        0
      ],
      "6": [
        0,
        0
      ],
      "7": [
        0,
        0
      ],
      "8": [
        0,
        0
      ],
      "9": [
        0,
        0
      ],
      "10": [
        0,
        0
      ],
      "11": [
        0,
        0
      ],
      "12": [
        0,
        0
      ],
      "13": [
        0,
        0
      ],
      "14": [
        0,
        0
      ],
      "15": [
        0,
        0
      ],
      "16": [
        0,
        0
      ],
      "17": [
        0,
        0
      ],
      "18": [
        0,
        0
      ],
      "19": [
        0,
        0
      ],
      "20": [
        0,
        0
      ],
      "21": [
        2,
        0
      ],
      "22": [
        2,
        2
      ],
      "23": [
        2,
        0
      ],
      "24": [
        2,
        2
      ],
      "25": [
        0,
        0
      ],
      "26": [
        0,
        0
      ]
    },
    "inputSourceMap": {
      "version": 3,
      "mappings": "AAmCM;2BAnCN;AAAgBA,MAAW,cAAaC,OAAQ,sBAAe;AAAA;AAAA;AAAA;AAAA;AAAA;AAAA;AAAA;AAAA;AAAA;AAAA;AAAA;AAAA;AAAA;AAAA;AAAA;AAC/D;AAAA,EACEC;AAAAA,EACAC;AAAAA,EACAC;AAAAA,EACAC;AAAAA,EACAC;AAAAA,EACAC;AAAAA,EACAC;AAAAA,EACAC;AAAAA,EACAC;AAAAA,EACAC;AAAAA,EACAC;AAAAA,EACAC;AAAAA,EACAC;AAAAA,EACAC;AAAAA,EACAC;AAAAA,EACAC;AAAAA,EACAC;AAAAA,EACAC;AAAAA,OACK;AACP,SAASC,KAAKC,eAAe;AAC7B,OAAOC,sBAAsB;AAE7B,OAAOC,sBAAsB;AAC7B,SAASC,eAAe;AAOjB,aAAMC,aAAwCA,CAACC,UAAU;AAC9D,SACE,uBAAC,UAAO,WAAU,KAAI,SAAQ,KAAI,SAAQ,QAAO,YAAW,UAC1D;AAAA;AAAA,MAAC;AAAA;AAAA,QACC,cAAa;AAAA,QACb,SAAQ;AAAA,QACR,KAAI;AAAA,QACJ,KAAK,aAAaA,MAAMC,IAAI;AAAA;AAAA,MAJ9B;AAAA;AAAA;AAAA;AAAA;AAAA;AAAA;AAAA;AAAA,IAIiC;AAAA,IAEjC,uBAAC,QAAK,YAAW,UAAUD,gBAAMC,QAAjC;AAAA;AAAA;AAAA;AAAA,WAAsC;AAAA,IACtC,uBAAC,QAAK,iBAAN;AAAA;AAAA;AAAA;AAAA,WAAO;AAAA,IACP,uBAAC,QAAMD,gBAAME,KAAKC,mBAAmB,KAArC;AAAA;AAAA;AAAA;AAAA,WAAuC;AAAA,OATzC;AAAA;AAAA;AAAA;AAAA,SAUA;AAEJ;AAAEC,KAdWL;AAgBb,MAAMM,SAASA,MAAM;AAAAC,KAAA;AACnB,QAAMC,OAAOC,KAAKC,MAAMC,eAAeC,QAAQ,OAAO,KAAK,EAAE;AAC7D,QAAMC,QAAQJ,KAAKC,MAAMC,eAAeC,QAAQ,QAAQ,KAAK,EAAE;AAC/D,QAAME,aAAaN,MAAMO;AAEzB,QAAM,CAACC,MAAMC,OAAO,IAAIC,MAAM1C,SAAS,KAAK;AAC5C,QAAM,CAAC2C,UAAUC,WAAW,IAAI5C,SAAqB,EAAE;AACvD,QAAM,CAAC6C,kBAAkBC,mBAAmB,IAAI9C,SAAsB,IAAI;AAC1E,QAAM,CAAC+C,YAAYC,aAAa,IAAIhD,SAAS,KAAK;AAClD,QAAMiD,cAAcA,MAAMR,QAAQ,CAACD,IAAI;AACvC,QAAMU,QAAQlC,SAAS;AAEvB,QAAM,CAACmC,UAAUC,WAAW,IAAIpD,SAAS;AAAA,IACvCqD,MAAM;AAAA,IACNC,OAAO;AAAA,IACPf,OAAO;AAAA,IACPgB,iBAAiB;AAAA,EACnB,CAAC;AAED,QAAMC,YAAY,YAAY;AAC5B,QAAIxB,KAAKyB,OAAOpB,OAAO;AAErB,UAAI;AACF,cAAMqB,MAAM,MAAMtC,QAAQuC,IAAI,YAAY3B,KAAKyB,GAAG,IAAI;AAAA,UACpDG,SAAS;AAAA,YACPC,eAAe,UAAUxB,KAAK;AAAA,UAChC;AAAA,QACF,CAAC;AACD,cAAM,EAAEgB,MAAMd,OAAOe,OAAOC,gBAAgB,IAAIG,IAAI1B;AACpDoB,oBAAY;AAAA,UACVC,MAAMA,QAAQ;AAAA,UACdC,OAAOA,SAAS;AAAA,UAChBf,OAAOA,SAAS;AAAA,UAChBgB,iBAAiBA,mBAAmB;AAAA,QACtC,CAAC;AAAA,MACH,SAASO,KAAK;AACZC,gBAAQC,MAAM,oCAAoCF,GAAG;AAAA,MACvD;AAAA,IACF;AAAA,EACF;AAEAG,YAAU,MAAM;AACdT,cAAU;AAAA,EACZ,GAAG,CAACxB,KAAKyB,KAAKpB,KAAK,CAAC;AAEpB,QAAM6B,gBAAgB,YAAY;AAEhC/C,QACGwC,IAAgB,qBAAqB;AAAA,MACpCC,SAAS;AAAA,QACPC,eAAe,UAAUxB,KAAK;AAAA,MAChC;AAAA,IACF,CAAC,EACA8B,KAAK,CAACT,QAAQ;AAEbd,kBAAYc,IAAI1B,IAAI;AAAA,IACtB,CAAC,EACAoC,MAAM,CAACN,QAAQ;AACdC,cAAQC,MAAM,4BAA4BF,GAAG;AAAA,IAC/C,CAAC;AAAA,EACL;AAEAG,YAAU,MAAM;AACdC,kBAAc;AAAA,EAChB,GAAG,EAAE;AAEL,QAAMG,eAAeA,CAACC,MAAmD;AACvE,UAAM,EAAE5C,MAAM6C,MAAM,IAAID,EAAEE;AAC1BpB,gBAAY,CAACqB,cAAc;AAAA,MACzB,GAAGA;AAAAA,MACH,CAAC/C,IAAI,GAAG6C;AAAAA,IACV,EAAE;AAAA,EACJ;AAEA,QAAMG,mBAAmBA,CAACJ,MAAqC;AAC7D,UAAM,EAAE5C,MAAMiD,MAAM,IAAIL,EAAEE;AAC1B,QAAIG,SAASA,MAAMC,SAAS,GAAG;AAC7B,UAAIlD,SAAS,mBAAmB;AAC9BqC,gBAAQc,IAAIF,MAAM,CAAC,CAAC;AACpB7B,4BAAoB6B,MAAM,CAAC,CAAC;AAAA,MAC9B;AAAA,IACF;AAAA,EACF;AAEA,QAAMG,eAAe,OAAOR,MAAsC;AAChEA,MAAES,eAAe;AAEjB,UAAMC,cAAc,IAAIC,SAAS;AAEjCD,gBAAYE,OAAO,QAAQ/B,SAASE,IAAI;AACxC2B,gBAAYE,OAAO,SAAS/B,SAASZ,KAAK;AAC1CyC,gBAAYE,OAAO,SAAS/B,SAASG,KAAK;AAC1C,QAAIT,kBAAkB;AACpBmC,kBAAYE,OAAO,gBAAgBrC,gBAAgB;AAAA,IACrD;AAEA,QAAI;AACFG,oBAAc,IAAI;AAClB,YAAMmC,WAAW,MAAM/D,QACpBgE,IAAI,YAAY9C,UAAU,IAAI0C,aAAa;AAAA,QAC1CpB,SAAS;AAAA,UACPyB,eAAe,UAAUhD,KAAK;AAAA,UAC9B,gBAAgB;AAAA,QAClB;AAAA,MACF,CAAC,EACA8B,KAAK,CAACT,QAAQ;AACbV,sBAAc,KAAK;AACnB,eAAOU;AAAAA,MAET,CAAC;AAEH,UAAIyB,SAASG,WAAW,KAAK;AAC3BpC,cAAM;AAAA,UACJqC,OAAO;AAAA,UACPC,aAAa;AAAA,UACbF,QAAQ;AAAA,UACRG,UAAU;AAAA,UACVC,YAAY;AAAA,UACZC,UAAU;AAAA,QACZ,CAAC;AAEDnC,kBAAU;AAAA,MACZ;AAAA,IACF,SAASQ,OAAO;AACdd,YAAM;AAAA,QACJqC,OAAO;AAAA,QACPC,aAAa;AAAA,QACbF,QAAQ;AAAA,QACRG,UAAU;AAAA,QACVC,YAAY;AAAA,QACZC,UAAU;AAAA,MACZ,CAAC;AAAA,IACH;AAAA,EACF;AAGA,SACE,uBAAC,aAAU,MAAM,OAAO,GAAE,MACxB;AAAA,2BAAC,WAAQ,IAAG,MAAK,sBAAjB;AAAA;AAAA;AAAA;AAAA,WAAuB;AAAA,IACvB;AAAA,MAAC;AAAA;AAAA,QACC,WAAW,EAAEC,MAAM,KAAKC,IAAI,IAAI;AAAA,QAChC,SAAQ;AAAA,QACR,eAAe,EAAED,MAAM,UAAUC,IAAI,MAAM;AAAA,QAC3C,gBAAe;AAAA,QAEf;AAAA;AAAA,YAAC;AAAA;AAAA,cACC,SAAQ;AAAA,cACR,MAAK;AAAA,cACL,aAAY;AAAA,cACZ,UAAS;AAAA,cACT,YAAW;AAAA,cAEX;AAAA;AAAA,kBAAC;AAAA;AAAA,oBACC,OAAO,EAAED,MAAM,QAAQC,IAAI,MAAM;AAAA,oBACjC,QAAO;AAAA,oBACP,YAAY,EAAED,MAAM,KAAKC,IAAI,KAAK;AAAA,oBAClC,WAAU;AAAA,oBAEV;AAAA,sBAAC;AAAA;AAAA,wBACC,cAAa;AAAA,wBACb,OAAM;AAAA,wBACN,QAAO;AAAA,wBACP,WAAW;AAAA,wBACX,KACE1C,SAASI,kBACLJ,SAASI,kBACT;AAAA,wBAEN,KAAI;AAAA,wBACJ,WAAU;AAAA;AAAA,sBAXZ;AAAA;AAAA;AAAA;AAAA;AAAA;AAAA;AAAA;AAAA,oBAWmB;AAAA;AAAA,kBAjBrB;AAAA;AAAA;AAAA;AAAA;AAAA;AAAA;AAAA;AAAA,gBAmBA;AAAA,gBACA,uBAAC,OAAI,QAAO,KAAI,OAAM,QAAO,UAAS,YAAW,QAAO,QACtD;AAAA,kBAAC;AAAA;AAAA,oBACC,YAAYhD;AAAAA,sBACV;AAAA,sBACA;AAAA,oBACF;AAAA,oBACA,gBAAe;AAAA,oBACf,SAAQ;AAAA,oBACR,QAAO;AAAA;AAAA,kBAPT;AAAA;AAAA;AAAA;AAAA;AAAA;AAAA;AAAA;AAAA,gBAOe,KARjB;AAAA;AAAA;AAAA;AAAA,uBAUA;AAAA;AAAA;AAAA,YArCF;AAAA;AAAA;AAAA;AAAA;AAAA;AAAA;AAAA;AAAA,UAsCA;AAAA,UACA;AAAA,YAAC;AAAA;AAAA,cACC,SAAQ;AAAA,cACR,MAAK;AAAA,cACL,eAAc;AAAA,cACd,gBAAe;AAAA,cACf,WAAW,EAAEqF,MAAM,KAAKC,IAAI,IAAI;AAAA,cAEhC;AAAA,uCAAC,WAAQ,6BAAT;AAAA;AAAA;AAAA;AAAA,uBAAsB;AAAA,gBACtB,uBAAC,OAAI,MAAK,MAAK,IAAI,IACjB,iCAAC,UAAK,UAAUf,cACd,iCAAC,SAAM,SAAS,GACd;AAAA,yCAAC,eAAY,IAAG,QACd;AAAA,2CAAC,aAAU,oBAAX;AAAA;AAAA;AAAA;AAAA,2BAAe;AAAA,oBACf;AAAA,sBAAC;AAAA;AAAA,wBACC,MAAK;AAAA,wBACL,MAAK;AAAA,wBACL,OAAO3B,SAASE;AAAAA,wBAChB,UAAUgB;AAAAA;AAAAA,sBAJZ;AAAA;AAAA;AAAA;AAAA;AAAA;AAAA;AAAA;AAAA,oBAIyB;AAAA,uBAN3B;AAAA;AAAA;AAAA;AAAA,yBAQA;AAAA,kBACA,uBAAC,eAAY,IAAG,SACd;AAAA,2CAAC,aAAU,qBAAX;AAAA;AAAA;AAAA;AAAA,2BAAgB;AAAA,oBAChB;AAAA,sBAAC;AAAA;AAAA,wBACC,MAAK;AAAA,wBACL,MAAK;AAAA,wBACL,OAAOlB,SAASZ;AAAAA,wBAChB,UAAU8B;AAAAA;AAAAA,sBAJZ;AAAA;AAAA;AAAA;AAAA;AAAA;AAAA;AAAA;AAAA,oBAIyB;AAAA,uBAN3B;AAAA;AAAA;AAAA;AAAA,yBAQA;AAAA,kBACA,uBAAC,eAAY,IAAG,SACd;AAAA,2CAAC,aAAU,qBAAX;AAAA;AAAA;AAAA;AAAA,2BAAgB;AAAA,oBAChB,uBAAC,cAAW,MAAK,MACf;AAAA;AAAA,wBAAC;AAAA;AAAA,0BACC,IAAG;AAAA,0BACH,MAAM7B,OAAO,SAAS;AAAA,0BACtB,aAAY;AAAA,0BACZ,WAAW;AAAA,0BACX,MAAK;AAAA,0BACL,OAAOW,SAASG;AAAAA,0BAChB,UAAUe;AAAAA;AAAAA,wBAPZ;AAAA;AAAA;AAAA;AAAA;AAAA;AAAA;AAAA;AAAA,sBAOyB;AAAA,sBAEzB,uBAAC,qBAAkB,OAAM,UACvB,iCAAC,UAAO,GAAE,WAAU,MAAK,MAAK,SAASpB,aACpCT,iBAAO,OAAO,SADjB;AAAA;AAAA;AAAA;AAAA,6BAEA,KAHF;AAAA;AAAA;AAAA;AAAA,6BAIA;AAAA,yBAdF;AAAA;AAAA;AAAA;AAAA,2BAeA;AAAA,uBAjBF;AAAA;AAAA;AAAA;AAAA,yBAkBA;AAAA,kBACA;AAAA,oBAAC;AAAA;AAAA,sBACC,IAAG;AAAA,sBACH,SAAS;AAAA,sBACT,gBAAgB;AAAA,sBAEhB;AAAA;AAAA,0BAAC;AAAA;AAAA,4BACC,WAAW;AAAA,4BACX,eAAc;AAAA,4BACd,MAAK;AAAA,4BACL,cAAckC;AAAAA,4BACd,QAAO;AAAA;AAAA,0BALT;AAAA;AAAA;AAAA;AAAA;AAAA;AAAA;AAAA;AAAA,wBAKkB;AAAA,wBAEjB7B,kBAAkBnB,QACjB;AAAA,0BAAC;AAAA;AAAA,4BACC,eAAe;AAAA,4BACf,YAAY;AAAA,4BACZ,KAAK;AAAA,4BACL,OAAO;AAAA,4BACP,UAAU;AAAA,4BAEV;AAAA,qDAAC,WAAQ,OAAM,WAAf;AAAA;AAAA;AAAA;AAAA,qCAAsB;AAAA,8BACtB,uBAAC,QAAK,UAAU,QAAQ,WAAW,GAAG,UAAU,WAAYmB,4BAAkBnB,QAA9E;AAAA;AAAA;AAAA;AAAA,qCAAmF;AAAA;AAAA;AAAA,0BARrF;AAAA;AAAA;AAAA;AAAA;AAAA;AAAA;AAAA;AAAA,wBASA;AAAA;AAAA;AAAA,oBAtBJ;AAAA;AAAA;AAAA;AAAA;AAAA;AAAA;AAAA;AAAA,kBAwBA;AAAA,kBACA;AAAA,oBAAC;AAAA;AAAA,sBACC,MAAK;AAAA,sBACL,GAAG;AAAA,sBACH,SAAS,EAAEkE,MAAM,QAAQE,IAAI,cAAc;AAAA,sBAC3C,UAAU;AAAA,sBACV,YAAY;AAAA,sBACZ,OAAO;AAAA,sBACP,IAAI;AAAA,sBACJ,QAAQ;AAAA,wBACNC,IAAI;AAAA,sBACN;AAAA,sBACA,WAAWhD;AAAAA,sBAAW;AAAA;AAAA,oBAXxB;AAAA;AAAA;AAAA;AAAA;AAAA;AAAA;AAAA;AAAA,kBAcA;AAAA,qBA7EF;AAAA;AAAA;AAAA;AAAA,uBA8EA,KA/EF;AAAA;AAAA;AAAA;AAAA,uBAgFA,KAjFF;AAAA;AAAA;AAAA;AAAA,uBAkFA;AAAA;AAAA;AAAA,YA1FF;AAAA;AAAA;AAAA;AAAA;AAAA;AAAA;AAAA;AAAA,UA2FA;AAAA;AAAA;AAAA,MAxIF;AAAA;AAAA;AAAA;AAAA;AAAA;AAAA;AAAA;AAAA,IAyIA;AAAA,IACA,uBAAC,WAAQ,WAAU,KAAI,IAAI,UAA3B;AAAA;AAAA;AAAA;AAAA,WAAkC;AAAA,IAClC,uBAAC,WAAQ,YAAW,QAAO,IAAG,MAAI,6BAAlC;AAAA;AAAA;AAAA;AAAA,WAEA;AAAA,IACA,uBAAC,cAAW,SAAS,CAAC,GAAG,MAAM,CAAC,GAAG,SAAQ,QACxCJ,mBAASqD;AAAAA,MAAI,CAACC,YACb;AAAA,QAAC;AAAA;AAAA,UAEC,QAAQA,QAAQC;AAAAA,UAChB,gBAAgBD,QAAQE;AAAAA,UACxB,QAAQF,QAAQG;AAAAA,UAChB,MAAMH,QAAQI;AAAAA,UACd,KAAKJ,QAAQxC;AAAAA,UACb,UAAUwC,QAAQK;AAAAA,UAClB,iBAAiBpC;AAAAA;AAAAA,QAPZ+B,QAAQxC;AAAAA,QADf;AAAA;AAAA;AAAA;AAAA;AAAA;AAAA;AAAA,MAQiC;AAAA,IAElC,KAZH;AAAA;AAAA;AAAA;AAAA,WAaA;AAAA,OA7JF;AAAA;AAAA;AAAA;AAAA,SA4KA;AAEJ;AAAE1B,GAvTID,QAAM;AAAA,UAUId,UAoKUT,iBAAiB;AAAA;AAAAgG,MA9KrCzE;AAyTN,eAAeA;AAAO,IAAAD,IAAA0E;AAAAC,aAAA3E,IAAA;AAAA2E,aAAAD,KAAA",
      "names": [
        "ChangeEvent",
        "useState",
        "Box",
        "Heading",
        "Image",
        "Text",
        "Divider",
        "HStack",
        "useColorModeValue",
        "Container",
        "FormControl",
        "FormLabel",
        "Stack",
        "Input",
        "Button",
        "InputGroup",
        "InputRightElement",
        "useToast",
        "SimpleGrid",
        "Flex",
        "api",
        "apiAuth",
        "CardPopularPicks",
        "FileUploadButton",
        "FaCheck",
        "BlogAuthor",
        "props",
        "name",
        "date",
        "toLocaleDateString",
        "_c",
        "Perfil",
        "_s",
        "data",
        "JSON",
        "parse",
        "sessionStorage",
        "getItem",
        "token",
        "emailToPut",
        "email",
        "show",
        "setShow",
        "React",
        "projetos",
        "setProjetos",
        "imagemPerfilFile",
        "setImagemPerfilFile",
        "loadingApi",
        "setloadingApi",
        "handleClick",
        "toast",
        "formData",
        "setFormData",
        "nome",
        "senha",
        "imagemPerfilUrl",
        "fetchData",
        "_id",
        "res",
        "get",
        "headers",
        "authorization",
        "err",
        "console",
        "error",
        "useEffect",
        "fetchProjetos",
        "then",
        "catch",
        "handleChange",
        "e",
        "value",
        "target",
        "prevData",
        "handleFileChange",
        "files",
        "length",
        "log",
        "handleSubmit",
        "preventDefault",
        "formDataPut",
        "FormData",
        "append",
        "response",
        "put",
        "Authorization",
        "status",
        "title",
        "description",
        "duration",
        "isClosable",
        "position",
        "base",
        "sm",
        "md",
        "bg",
        "map",
        "projeto",
        "titulo",
        "descricaoCurta",
        "bannerUrl",
        "tags",
        "pessoaId",
        "_c2",
        "$RefreshReg$"
      ],
      "ignoreList": [],
      "sources": [
        "/home/serafim/eps/FGAInova-Front/src/pages/Perfil/index.tsx"
      ],
      "file": "/home/serafim/eps/FGAInova-Front/src/pages/Perfil/index.tsx"
    },
    "_coverageSchema": "1a1c01bbd47fc00a2c39e90264f33305004495a9",
    "hash": "56009255ea29cbb7fc36412d1e83f99fdf2becb6"
  }
}