TN:
SF:src/components/CardPopularPicks/index.tsx
FN:1,(anonymous_0)
FN:36,CardPopularPicks
FN:59,(anonymous_2)
FN:67,(anonymous_3)
FN:91,(anonymous_4)
FN:162,(anonymous_5)
FN:229,(anonymous_6)
FN:36,(anonymous_7)
FNF:8
FNH:1
FNDA:2,(anonymous_0)
FNDA:0,CardPopularPicks
FNDA:0,(anonymous_2)
FNDA:0,(anonymous_3)
FNDA:0,(anonymous_4)
FNDA:0,(anonymous_5)
FNDA:0,(anonymous_6)
FNDA:0,(anonymous_7)
DA:1,18
DA:36,2
DA:44,0
DA:45,0
DA:46,0
DA:47,0
DA:49,0
DA:52,0
DA:55,0
DA:56,0
DA:57,0
DA:59,0
DA:60,0
DA:61,0
DA:68,0
DA:76,0
DA:77,0
DA:80,0
DA:91,0
DA:92,0
DA:95,0
DA:163,0
DA:169,2
DA:230,0
DA:241,2
LF:25
LH:4
BRDA:1,0,0,4
BRDA:1,0,1,2
BRDA:1,1,0,2
BRDA:37,2,0,0
BRDA:38,3,0,0
BRDA:39,4,0,0
BRDA:49,5,0,0
BRDA:49,5,1,0
BRDA:52,6,0,0
BRDA:52,6,1,0
BRDA:53,7,0,0
BRDA:53,7,1,0
BRDA:77,8,0,0
BRDA:77,8,1,0
BRDA:186,9,0,0
BRDA:186,9,1,0
BRDA:186,10,0,0
BRDA:186,10,1,0
BRF:18
BRH:3
end_of_record
TN:
SF:src/components/FileUploadButton /index.tsx
FN:1,(anonymous_0)
FN:6,(anonymous_1)
FN:23,(anonymous_2)
FNF:3
FNH:1
FNDA:2,(anonymous_0)
FNDA:0,(anonymous_1)
FNDA:0,(anonymous_2)
DA:1,18
DA:6,2
DA:20,0
DA:21,0
DA:23,0
DA:24,0
DA:25,0
DA:29,0
DA:54,2
DA:56,2
LF:10
LH:4
BRDA:1,0,0,4
BRDA:1,0,1,2
BRDA:1,1,0,2
BRDA:7,2,0,0
BRDA:8,3,0,0
BRDA:10,4,0,0
BRDA:11,5,0,0
BRDA:24,6,0,0
BRF:8
BRH:3
end_of_record
TN:
SF:src/context/AuthContext/index.tsx
FN:1,(anonymous_0)
FN:42,(anonymous_1)
FN:65,(anonymous_2)
FN:79,(anonymous_3)
FN:105,useAuth
FNF:5
FNH:2
FNDA:2,(anonymous_0)
FNDA:4,(anonymous_1)
FNDA:0,(anonymous_2)
FNDA:0,(anonymous_3)
FNDA:0,useAuth
DA:1,20
DA:40,2
DA:42,4
DA:43,4
DA:44,4
DA:50,4
DA:51,4
DA:52,4
DA:65,4
DA:66,0
DA:67,0
DA:69,0
DA:70,0
DA:72,0
DA:73,0
DA:74,0
DA:75,0
DA:79,4
DA:80,0
DA:81,0
DA:82,0
DA:85,4
DA:103,2
DA:105,0
DA:106,0
DA:107,0
DA:108,0
DA:110,0
DA:111,2
DA:113,2
LF:30
LH:14
BRDA:1,0,0,4
BRDA:1,0,1,2
BRDA:1,1,0,2
BRDA:72,2,0,0
BRDA:72,3,0,0
BRDA:72,3,1,0
BRDA:107,4,0,0
BRF:7
BRH:3
end_of_record
TN:
SF:src/pages/Perfil/index.tsx
FN:1,(anonymous_0)
FN:33,(anonymous_1)
FN:49,(anonymous_2)
FN:58,(anonymous_3)
FN:68,(anonymous_4)
FN:90,(anonymous_5)
FN:94,(anonymous_6)
FN:102,(anonymous_7)
FN:106,(anonymous_8)
FN:111,(anonymous_9)
FN:115,(anonymous_10)
FN:117,(anonymous_11)
FN:123,(anonymous_12)
FN:133,(anonymous_13)
FN:154,(anonymous_14)
FN:331,(anonymous_15)
FN:49,(anonymous_16)
FNF:17
FNH:3
FNDA:4,(anonymous_0)
FNDA:0,(anonymous_1)
FNDA:10,(anonymous_2)
FNDA:0,(anonymous_3)
FNDA:0,(anonymous_4)
FNDA:0,(anonymous_5)
FNDA:0,(anonymous_6)
FNDA:0,(anonymous_7)
FNDA:0,(anonymous_8)
FNDA:0,(anonymous_9)
FNDA:0,(anonymous_10)
FNDA:0,(anonymous_11)
FNDA:0,(anonymous_12)
FNDA:0,(anonymous_13)
FNDA:0,(anonymous_14)
FNDA:0,(anonymous_15)
FNDA:2,(anonymous_16)
DA:1,18
DA:33,2
DA:34,0
DA:47,2
DA:49,10
DA:50,10
DA:51,0
DA:52,0
DA:54,0
DA:55,0
DA:56,0
DA:57,0
DA:58,0
DA:59,0
DA:61,0
DA:68,0
DA:69,0
DA:71,0
DA:72,0
DA:77,0
DA:78,0
DA:85,0
DA:90,0
DA:91,0
DA:94,0
DA:96,0
DA:104,0
DA:107,0
DA:111,0
DA:112,0
DA:115,0
DA:116,0
DA:117,0
DA:123,0
DA:124,0
DA:125,0
DA:126,0
DA:127,0
DA:128,0
DA:133,0
DA:134,0
DA:136,0
DA:138,0
DA:139,0
DA:140,0
DA:141,0
DA:142,0
DA:145,0
DA:146,0
DA:147,0
DA:155,0
DA:156,0
DA:160,0
DA:161,0
DA:170,0
DA:173,0
DA:185,0
DA:223,2
DA:332,0
DA:360,2
DA:362,4
LF:61
LH:8
BRDA:1,0,0,2
BRDA:1,0,1,0
BRDA:1,1,0,2
BRDA:1,2,0,2
BRDA:1,2,1,2
BRDA:50,3,0,10
BRDA:50,3,1,10
BRDA:51,4,0,0
BRDA:51,4,1,0
BRDA:69,5,0,0
BRDA:69,6,0,0
BRDA:69,6,1,0
BRDA:79,7,0,0
BRDA:79,7,1,0
BRDA:80,8,0,0
BRDA:80,8,1,0
BRDA:81,9,0,0
BRDA:81,9,1,0
BRDA:82,10,0,0
BRDA:82,10,1,0
BRDA:125,11,0,0
BRDA:125,12,0,0
BRDA:125,12,1,0
BRDA:126,13,0,0
BRDA:141,14,0,0
BRDA:160,15,0,0
BRDA:213,16,0,0
BRDA:213,16,1,0
BRDA:267,17,0,0
BRDA:267,17,1,0
BRDA:276,18,0,0
BRDA:276,18,1,0
BRDA:293,19,0,0
BRDA:293,19,1,0
BRF:34
BRH:6
end_of_record
TN:
SF:src/service/index.tsx
FNF:0
FNH:0
DA:3,2
DA:7,2
LF:2
LH:2
BRF:0
BRH:0
end_of_record
