TN:
SF:src/components/About/index.tsx
FN:26,(anonymous_0)
FN:44,About
FNF:2
FNH:2
FNDA:48,(anonymous_0)
FNDA:16,About
DA:26,7
DA:27,48
DA:45,16
LF:3
LH:3
BRF:0
BRH:0
end_of_record
TN:
SF:src/components/CardPopularPicks/index.tsx
FN:35,CardPopularPicks
FN:57,(anonymous_1)
FN:65,(anonymous_2)
FN:89,(anonymous_3)
FN:164,(anonymous_4)
FN:229,(anonymous_5)
FNF:6
FNH:2
FNDA:15,CardPopularPicks
FNDA:0,(anonymous_1)
FNDA:0,(anonymous_2)
FNDA:0,(anonymous_3)
FNDA:32,(anonymous_4)
FNDA:0,(anonymous_5)
DA:43,15
DA:44,15
DA:45,15
DA:47,15
DA:50,15
DA:53,15
DA:54,15
DA:55,15
DA:57,15
DA:58,0
DA:59,0
DA:66,0
DA:74,0
DA:75,0
DA:78,0
DA:89,15
DA:90,0
DA:93,15
DA:165,32
DA:230,0
LF:20
LH:12
BRDA:36,0,0,0
BRDA:37,1,0,0
BRDA:47,2,0,15
BRDA:47,2,1,15
BRDA:50,3,0,15
BRDA:50,3,1,0
BRDA:51,4,0,0
BRDA:51,4,1,0
BRDA:75,5,0,0
BRDA:75,5,1,0
BRDA:192,6,0,0
BRDA:192,6,1,15
BRDA:192,7,0,15
BRDA:192,7,1,0
BRF:14
BRH:5
end_of_record
TN:
SF:src/components/FileUploadButton /index.tsx
FN:6,(anonymous_0)
FN:23,(anonymous_1)
FNF:2
FNH:0
FNDA:0,(anonymous_0)
FNDA:0,(anonymous_1)
DA:6,2
DA:21,0
DA:23,0
DA:24,0
DA:25,0
DA:29,0
LF:6
LH:1
BRDA:7,0,0,0
BRDA:8,1,0,0
BRDA:10,2,0,0
BRDA:11,3,0,0
BRDA:24,4,0,0
BRF:5
BRH:0
end_of_record
TN:
SF:src/components/Footer/index.tsx
FN:9,Footer
FNF:1
FNH:1
FNDA:2,Footer
DA:10,2
LF:1
LH:1
BRF:0
BRH:0
end_of_record
TN:
SF:src/components/Header/index.tsx
FN:36,Header
FN:42,(anonymous_1)
FN:49,(anonymous_2)
FN:197,(anonymous_3)
FN:204,(anonymous_4)
FN:235,(anonymous_5)
FN:248,(anonymous_6)
FN:285,(anonymous_7)
FN:292,(anonymous_8)
FN:299,(anonymous_9)
FN:341,(anonymous_10)
FNF:11
FNH:6
FNDA:46,Header
FNDA:0,(anonymous_1)
FNDA:0,(anonymous_2)
FNDA:46,(anonymous_3)
FNDA:120,(anonymous_4)
FNDA:0,(anonymous_5)
FNDA:0,(anonymous_6)
FNDA:40,(anonymous_7)
FNDA:120,(anonymous_8)
FNDA:120,(anonymous_9)
FNDA:0,(anonymous_10)
DA:37,46
DA:38,40
DA:40,40
DA:42,40
DA:43,0
DA:44,0
DA:45,0
DA:49,40
DA:50,0
DA:51,0
DA:53,0
DA:57,40
DA:197,6
DA:198,46
DA:199,40
DA:200,40
DA:202,40
DA:205,120
DA:236,0
DA:248,6
DA:249,0
DA:285,6
DA:286,40
DA:293,120
DA:299,6
DA:300,120
DA:302,120
DA:342,0
DA:359,6
LF:29
LH:20
BRDA:43,0,0,0
BRDA:50,1,0,0
BRDA:50,1,1,0
BRDA:81,2,0,0
BRDA:81,2,1,40
BRDA:117,3,0,40
BRDA:117,3,1,40
BRDA:141,4,0,0
BRDA:141,4,1,40
BRDA:144,5,0,40
BRDA:144,5,1,0
BRDA:208,6,0,120
BRDA:208,6,1,0
BRDA:225,7,0,120
BRDA:225,7,1,0
BRDA:303,8,0,120
BRDA:303,8,1,0
BRDA:307,9,0,120
BRDA:307,9,1,0
BRDA:320,10,0,120
BRDA:320,10,1,0
BRDA:324,11,0,0
BRDA:324,11,1,0
BRDA:340,12,0,120
BRDA:340,12,1,0
BRF:25
BRH:11
end_of_record
TN:
SF:src/components/HeroBanner/index.tsx
FN:19,HeroBanner
FN:149,(anonymous_1)
FNF:2
FNH:2
FNDA:16,HeroBanner
FNDA:16,(anonymous_1)
DA:20,16
DA:143,7
DA:149,7
DA:150,16
LF:4
LH:4
BRF:0
BRH:0
end_of_record
TN:
SF:src/components/InputTag/index.tsx
FN:11,InputTag
FN:21,(anonymous_1)
FN:24,(anonymous_2)
FN:67,(anonymous_3)
FN:70,(anonymous_4)
FN:81,(anonymous_5)
FN:90,(anonymous_6)
FN:92,(anonymous_7)
FN:99,(anonymous_8)
FNF:9
FNH:6
FNDA:10,InputTag
FNDA:10,(anonymous_1)
FNDA:10,(anonymous_2)
FNDA:8,(anonymous_3)
FNDA:8,(anonymous_4)
FNDA:0,(anonymous_5)
FNDA:0,(anonymous_6)
FNDA:22,(anonymous_7)
FNDA:0,(anonymous_8)
DA:9,4
DA:15,10
DA:18,10
DA:19,10
DA:21,10
DA:22,10
DA:24,10
DA:26,10
DA:27,10
DA:29,0
DA:30,0
DA:31,0
DA:32,0
DA:33,0
DA:34,0
DA:37,0
DA:38,0
DA:41,0
DA:43,2
DA:44,2
DA:45,2
DA:46,2
DA:47,2
DA:48,2
DA:50,2
DA:52,2
DA:54,0
DA:55,0
DA:56,0
DA:57,0
DA:59,0
DA:61,8
DA:65,10
DA:67,10
DA:70,10
DA:71,8
DA:72,8
DA:73,8
DA:75,0
DA:76,0
DA:81,10
DA:82,0
DA:83,0
DA:84,0
DA:85,0
DA:88,10
DA:90,0
DA:93,22
DA:99,0
LF:49
LH:27
BRDA:16,0,0,10
BRDA:16,0,1,10
BRDA:27,1,0,0
BRDA:27,1,1,2
BRDA:27,1,2,0
BRDA:27,1,3,8
BRDA:29,2,0,0
BRDA:29,2,1,0
BRDA:33,3,0,0
BRDA:37,4,0,0
BRDA:43,5,0,2
BRDA:47,6,0,2
BRDA:50,7,0,2
BRDA:50,7,1,0
BRDA:54,8,0,0
BRDA:54,9,0,0
BRDA:54,9,1,0
BRDA:72,10,0,8
BRDA:72,10,1,0
BRDA:75,11,0,0
BRDA:85,12,0,0
BRDA:85,12,1,0
BRF:22
BRH:8
end_of_record
TN:
SF:src/components/PopularPicks/index.tsx
FN:15,PopularPicks
FN:18,(anonymous_1)
FN:21,(anonymous_2)
FN:25,(anonymous_3)
FN:56,(anonymous_4)
FNF:5
FNH:5
FNDA:14,PopularPicks
FNDA:7,(anonymous_1)
FNDA:2,(anonymous_2)
FNDA:5,(anonymous_3)
FNDA:6,(anonymous_4)
DA:16,14
DA:18,9
DA:19,7
DA:23,2
DA:26,5
DA:30,9
DA:57,6
LF:7
LH:7
BRF:0
BRH:0
end_of_record
TN:
SF:src/context/index.tsx
FN:4,(anonymous_0)
FNF:1
FNH:1
FNDA:2,(anonymous_0)
DA:4,2
DA:5,2
LF:2
LH:2
BRF:0
BRH:0
end_of_record
TN:
SF:src/context/AuthContext/index.tsx
FN:1,(anonymous_0)
FN:41,(anonymous_1)
FN:63,(anonymous_2)
FN:77,(anonymous_3)
FN:103,useAuth
FN:45,(anonymous_1)
FN:56,(anonymous_2)
FN:92,useAuth
FNF:8
FNH:8
FNDA:156,(anonymous_0)
FNDA:6,(anonymous_1)
FNDA:81,(anonymous_2)
FNDA:77,(anonymous_3)
FNDA:76,useAuth
FNDA:77,(anonymous_1)
FNDA:6,(anonymous_2)
FNDA:255,useAuth
DA:1,973
DA:39,79
DA:41,83
DA:42,83
DA:43,48
DA:44,79
DA:46,77
DA:47,73
DA:48,83
DA:49,83
DA:50,73
DA:51,8
DA:52,8
DA:53,8
DA:56,83
DA:57,6
DA:58,6
DA:59,6
DA:61,79
DA:63,83
DA:64,81
DA:65,81
DA:67,81
DA:68,81
DA:70,81
DA:71,79
DA:72,79
DA:73,79
DA:77,83
DA:78,77
DA:79,77
DA:80,77
DA:83,6
DA:93,255
DA:94,6
DA:96,255
DA:101,2
DA:103,76
DA:104,76
DA:105,76
DA:106,0
DA:108,76
DA:109,2
DA:111,2
LF:44
LH:43
BRDA:1,0,0,4
BRDA:1,0,1,2
BRDA:1,1,0,2
BRDA:70,2,0,2
BRDA:70,3,0,4
BRDA:70,3,1,2
BRDA:105,4,0,0
BRDA:50,5,0,2
BRDA:50,6,0,71
BRDA:50,6,1,2
BRDA:93,7,0,0
BRF:11
BRH:9
end_of_record
TN:
SF:src/pages/Cadastro/index.tsx
FN:45,Cadastro
FN:56,(anonymous_1)
FN:62,(anonymous_2)
FN:64,(anonymous_3)
FN:70,(anonymous_4)
FN:75,(anonymous_5)
FN:85,(anonymous_6)
FN:86,(anonymous_7)
FN:127,(anonymous_8)
FNF:9
FNH:8
FNDA:118,Cadastro
FNDA:9,(anonymous_1)
FNDA:100,(anonymous_2)
FNDA:100,(anonymous_3)
FNDA:2,(anonymous_4)
FNDA:2,(anonymous_5)
FNDA:2,(anonymous_6)
FNDA:0,(anonymous_7)
FNDA:590,(anonymous_8)
DA:22,4
DA:46,118
DA:47,118
DA:48,118
DA:54,118
DA:56,118
DA:57,9
DA:58,0
DA:62,118
DA:63,100
DA:64,100
DA:70,118
DA:71,2
DA:72,2
DA:73,2
DA:76,2
DA:86,2
DA:87,0
DA:91,0
DA:93,0
DA:105,118
DA:128,590
LF:22
LH:18
BRDA:57,0,0,0
BRDA:96,1,0,0
BRDA:96,1,1,0
BRF:3
BRH:0
end_of_record
TN:
SF:src/pages/Home/index.tsx
FN:5,(anonymous_0)
FNF:1
FNH:1
FNDA:4,(anonymous_0)
DA:5,2
DA:6,4
LF:2
LH:2
BRF:0
BRH:0
end_of_record
TN:
SF:src/pages/Login/index.tsx
FN:1,(anonymous_0)
FN:20,Login
FN:40,(anonymous_2)
FN:46,(anonymous_3)
FN:55,(anonymous_4)
FN:131,(anonymous_5)
FN:143,(anonymous_6)
FN:20,(anonymous_7)
FN:2,Login
FN:8,(anonymous_1)
FN:13,(anonymous_2)
FN:21,(anonymous_3)
FN:105,(anonymous_4)
FN:122,(anonymous_5)
FNF:14
FNH:14
FNDA:2,(anonymous_0)
FNDA:76,Login
FNDA:6,(anonymous_2)
FNDA:78,(anonymous_3)
FNDA:4,(anonymous_4)
FNDA:122,(anonymous_5)
FNDA:100,(anonymous_6)
FNDA:2,(anonymous_7)
FNDA:76,Login
FNDA:4,(anonymous_1)
FNDA:2,(anonymous_2)
FNDA:78,(anonymous_3)
FNDA:122,(anonymous_4)
FNDA:100,(anonymous_5)
DA:1,18
DA:3,76
DA:4,76
DA:5,76
DA:6,76
DA:7,76
DA:8,76
DA:9,4
DA:10,2
DA:13,76
DA:15,2
DA:20,152
DA:21,78
DA:22,78
DA:24,78
DA:25,78
DA:26,78
DA:40,78
DA:41,6
DA:42,4
DA:46,76
DA:47,82
DA:49,78
DA:54,4
DA:55,4
DA:56,4
DA:57,2
DA:58,2
DA:59,4
DA:66,78
DA:67,76
DA:71,78
DA:74,76
DA:75,76
DA:88,76
DA:105,122
DA:122,100
DA:131,122
DA:143,100
DA:165,2
LF:40
LH:40
BRDA:1,0,0,4
BRDA:1,0,1,2
BRDA:1,1,0,2
BRDA:41,2,0,4
BRDA:58,3,0,2
BRDA:77,4,0,0
BRDA:77,4,1,0
BRDA:9,5,0,2
BRDA:25,6,0,2
BRDA:60,7,0,2
BRDA:60,7,1,0
BRF:11
BRH:8
end_of_record
TN:
SF:src/pages/Newsletter/index.tsx
FN:13,Newsletter
FNF:1
FNH:1
FNDA:2,Newsletter
DA:14,2
DA:68,2
LF:2
LH:2
BRF:0
BRH:0
end_of_record
TN:
SF:src/pages/NotFound/index.tsx
FN:11,NotFound
FNF:1
FNH:1
FNDA:6,NotFound
DA:12,6
LF:1
LH:1
BRF:0
BRH:0
end_of_record
TN:
SF:src/pages/NovoProjeto/index.tsx
FN:42,(anonymous_0)
FN:71,(anonymous_1)
FN:79,(anonymous_2)
FN:96,(anonymous_3)
FN:101,(anonymous_4)
FN:123,(anonymous_5)
FN:125,(anonymous_6)
FN:131,(anonymous_7)
FN:135,(anonymous_8)
FN:150,(anonymous_9)
FN:158,(anonymous_10)
FN:162,(anonymous_11)
FN:166,(anonymous_12)
FN:174,(anonymous_13)
FN:192,(anonymous_14)
FN:195,(anonymous_15)
FN:208,(anonymous_16)
FN:226,(anonymous_17)
FN:234,(anonymous_18)
FN:239,(anonymous_19)
FN:240,(anonymous_20)
FN:258,(anonymous_21)
FN:283,(anonymous_22)
FN:291,(anonymous_23)
FN:300,(anonymous_24)
FN:309,(anonymous_25)
FN:317,(anonymous_26)
FN:415,(anonymous_27)
FN:431,(anonymous_28)
FN:458,(anonymous_29)
FN:474,(anonymous_30)
FN:492,(anonymous_31)
FN:512,(anonymous_32)
FN:522,(anonymous_33)
FN:542,(anonymous_34)
FNF:35
FNH:1
FNDA:10,(anonymous_0)
FNDA:0,(anonymous_1)
FNDA:0,(anonymous_2)
FNDA:0,(anonymous_3)
FNDA:0,(anonymous_4)
FNDA:0,(anonymous_5)
FNDA:0,(anonymous_6)
FNDA:0,(anonymous_7)
FNDA:0,(anonymous_8)
FNDA:0,(anonymous_9)
FNDA:0,(anonymous_10)
FNDA:0,(anonymous_11)
FNDA:0,(anonymous_12)
FNDA:0,(anonymous_13)
FNDA:0,(anonymous_14)
FNDA:0,(anonymous_15)
FNDA:0,(anonymous_16)
FNDA:0,(anonymous_17)
FNDA:0,(anonymous_18)
FNDA:0,(anonymous_19)
FNDA:0,(anonymous_20)
FNDA:0,(anonymous_21)
FNDA:0,(anonymous_22)
FNDA:0,(anonymous_23)
FNDA:0,(anonymous_24)
FNDA:0,(anonymous_25)
FNDA:0,(anonymous_26)
FNDA:0,(anonymous_27)
FNDA:0,(anonymous_28)
FNDA:0,(anonymous_29)
FNDA:0,(anonymous_30)
FNDA:0,(anonymous_31)
FNDA:0,(anonymous_32)
FNDA:0,(anonymous_33)
FNDA:0,(anonymous_34)
DA:42,2
DA:43,10
DA:44,8
DA:46,8
DA:47,8
DA:48,8
DA:49,8
DA:57,8
DA:58,8
DA:59,8
DA:60,8
DA:61,8
DA:62,8
DA:65,8
DA:66,8
DA:67,8
DA:68,8
DA:69,0
DA:71,0
DA:72,0
DA:73,0
DA:90,0
DA:91,0
DA:92,0
DA:93,0
DA:94,0
DA:95,0
DA:96,0
DA:97,0
DA:98,0
DA:99,0
DA:101,0
DA:103,0
DA:104,0
DA:105,0
DA:106,0
DA:114,0
DA:115,0
DA:116,0
DA:117,0
DA:118,0
DA:119,0
DA:123,0
DA:124,0
DA:125,0
DA:131,0
DA:132,0
DA:135,0
DA:136,0
DA:137,0
DA:138,0
DA:139,0
DA:140,0
DA:141,0
DA:142,0
DA:143,0
DA:144,0
DA:145,0
DA:150,0
DA:151,0
DA:152,0
DA:153,0
DA:154,0
DA:155,0
DA:156,0
DA:157,0
DA:158,0
DA:159,0
DA:160,0
DA:161,0
DA:162,0
DA:166,0
DA:167,0
DA:169,0
DA:170,0
DA:171,0
DA:172,0
DA:173,0
DA:174,0
DA:175,0
DA:177,0
DA:178,0
DA:179,0
DA:183,0
DA:184,0
DA:185,0
DA:186,0
DA:187,0
DA:189,0
DA:190,0
DA:192,0
DA:193,0
DA:195,0
DA:196,0
DA:199,0
DA:200,0
DA:201,0
DA:209,0
DA:219,0
DA:227,0
DA:235,0
DA:240,0
DA:241,0
DA:246,0
DA:247,0
DA:258,0
DA:259,0
DA:260,0
DA:264,0
DA:283,0
DA:291,0
DA:300,0
DA:309,0
DA:317,0
DA:415,0
DA:431,0
DA:458,0
DA:474,0
DA:493,0
DA:512,0
DA:523,0
DA:543,0
LF:122
LH:17
BRDA:68,0,0,8
BRDA:68,0,1,8
BRDA:72,1,0,0
BRDA:72,1,1,0
BRDA:137,2,0,0
BRDA:137,3,0,0
BRDA:137,3,1,0
BRDA:138,4,0,0
BRDA:138,4,1,0
BRDA:141,5,0,0
BRDA:141,5,1,0
BRDA:144,6,0,0
BRDA:151,7,0,0
BRDA:151,7,1,0
BRDA:154,8,0,0
BRDA:154,8,1,0
BRDA:157,9,0,0
BRDA:157,9,1,0
BRDA:157,10,0,0
BRDA:157,10,1,0
BRDA:159,11,0,0
BRDA:159,12,0,0
BRDA:159,12,1,0
BRDA:186,13,0,0
BRDA:189,14,0,0
BRDA:200,15,0,0
BRDA:200,15,1,0
BRDA:259,16,0,0
BRDA:269,17,0,0
BRDA:269,17,1,0
BRDA:404,18,0,0
BRDA:404,18,1,0
BRDA:420,19,0,0
BRDA:420,19,1,0
BRDA:447,20,0,0
BRDA:447,20,1,0
BRDA:463,21,0,0
BRDA:463,21,1,0
BRDA:490,22,0,0
BRDA:490,22,1,0
BRDA:520,23,0,0
BRDA:520,23,1,0
BRDA:561,24,0,0
BRDA:561,24,1,0
BRF:44
BRH:2
end_of_record
TN:
SF:src/pages/Perfil/index.tsx
FN:31,(anonymous_0)
FN:47,(anonymous_1)
FN:54,(anonymous_2)
FN:63,(anonymous_3)
FN:72,(anonymous_4)
FN:80,(anonymous_5)
FN:86,(anonymous_6)
FN:94,(anonymous_7)
FN:98,(anonymous_8)
FN:103,(anonymous_9)
FN:107,(anonymous_10)
FN:109,(anonymous_11)
FN:115,(anonymous_12)
FN:124,(anonymous_13)
FN:268,(anonymous_14)
FNF:15
FNH:2
FNDA:2,(anonymous_0)
FNDA:10,(anonymous_1)
FNDA:0,(anonymous_2)
FNDA:0,(anonymous_3)
FNDA:0,(anonymous_4)
FNDA:0,(anonymous_5)
FNDA:0,(anonymous_6)
FNDA:0,(anonymous_7)
FNDA:0,(anonymous_8)
FNDA:0,(anonymous_9)
FNDA:0,(anonymous_10)
FNDA:0,(anonymous_11)
FNDA:0,(anonymous_12)
FNDA:0,(anonymous_13)
FNDA:0,(anonymous_14)
DA:31,4
DA:32,2
DA:47,4
DA:48,10
DA:49,0
DA:50,0
DA:52,0
DA:53,0
DA:54,0
DA:55,0
DA:57,0
DA:63,0
DA:64,0
DA:66,0
DA:73,0
DA:74,0
DA:81,0
DA:86,0
DA:88,0
DA:96,0
DA:99,0
DA:103,0
DA:104,0
DA:107,0
DA:108,0
DA:109,0
DA:115,0
DA:116,0
DA:117,0
DA:118,0
DA:125,0
DA:128,0
DA:129,0
DA:139,0
DA:151,0
DA:269,0
LF:36
LH:4
BRDA:48,0,0,10
BRDA:48,0,1,10
BRDA:49,1,0,0
BRDA:49,1,1,0
BRDA:64,2,0,0
BRDA:64,3,0,0
BRDA:64,3,1,0
BRDA:75,4,0,0
BRDA:75,4,1,0
BRDA:76,5,0,0
BRDA:76,5,1,0
BRDA:77,6,0,0
BRDA:77,6,1,0
BRDA:128,7,0,0
BRDA:230,8,0,0
BRDA:230,8,1,0
BRDA:239,9,0,0
BRDA:239,9,1,0
BRF:18
BRH:2
end_of_record
TN:
SF:src/pages/Projetos/index.tsx
FN:17,Projetos
FN:23,(anonymous_1)
FN:27,(anonymous_2)
FN:30,(anonymous_3)
FN:35,(anonymous_4)
FN:41,(anonymous_5)
FN:44,(anonymous_6)
FN:47,(anonymous_7)
FN:55,(anonymous_8)
FN:58,(anonymous_9)
FN:61,(anonymous_10)
FN:67,(anonymous_11)
FN:71,(anonymous_12)
FN:74,(anonymous_13)
FN:77,(anonymous_14)
FN:108,(anonymous_15)
FN:132,(anonymous_16)
FNF:17
FNH:6
FNDA:5,Projetos
FNDA:2,(anonymous_1)
FNDA:0,(anonymous_2)
FNDA:2,(anonymous_3)
FNDA:2,(anonymous_4)
FNDA:0,(anonymous_5)
FNDA:0,(anonymous_6)
FNDA:0,(anonymous_7)
FNDA:0,(anonymous_8)
FNDA:1,(anonymous_9)
FNDA:1,(anonymous_10)
FNDA:0,(anonymous_11)
FNDA:0,(anonymous_12)
FNDA:0,(anonymous_13)
FNDA:0,(anonymous_14)
FNDA:0,(anonymous_15)
FNDA:0,(anonymous_16)
DA:18,5
DA:19,5
DA:20,5
DA:21,5
DA:23,5
DA:25,2
DA:28,0
DA:31,2
DA:35,5
DA:37,2
DA:38,0
DA:39,0
DA:42,0
DA:45,0
DA:48,0
DA:52,2
DA:53,2
DA:56,0
DA:59,1
DA:62,1
DA:67,5
DA:68,0
DA:69,0
DA:72,0
DA:75,0
DA:78,0
DA:82,5
DA:108,0
DA:133,0
LF:29
LH:15
BRDA:37,0,0,0
BRDA:37,0,1,2
BRF:2
BRH:1
end_of_record
TN:
SF:src/pages/Sobre/index.tsx
FN:22,(anonymous_0)
FN:25,(anonymous_1)
FN:41,(anonymous_2)
FN:57,(anonymous_3)
FNF:4
FNH:3
FNDA:4,(anonymous_0)
FNDA:12,(anonymous_1)
FNDA:0,(anonymous_2)
FNDA:6,(anonymous_3)
DA:22,2
DA:23,4
DA:26,12
DA:41,2
DA:42,0
DA:57,2
DA:58,6
LF:7
LH:6
BRF:0
BRH:0
end_of_record
TN:
SF:src/service/index.tsx
FNF:0
FNH:0
DA:3,25
LF:1
LH:1
BRF:0
BRH:0
end_of_record
TN:
SF:src/utils/useDebounce.tsx
FN:3,useDebounce
FN:6,(anonymous_1)
FN:7,(anonymous_2)
FN:11,(anonymous_3)
FNF:4
FNH:2
FNDA:5,useDebounce
FNDA:2,(anonymous_1)
FNDA:0,(anonymous_2)
FNDA:0,(anonymous_3)
DA:4,5
DA:6,5
DA:7,2
DA:8,0
DA:11,2
DA:12,0
DA:16,5
LF:7
LH:5
BRF:0
BRH:0
end_of_record
